[0.057s] Invoking command in '/home/aditya/rsp/build/robot_description': CMAKE_PREFIX_PATH=/home/aditya/rsp/install/turtles:/home/aditya/rsp/install/robot_gripper:/home/aditya/rsp/install/robot_description:/home/aditya/rsp/install/pnp_actionlib:/home/aditya/rsp/install/pnp_msgs:/home/aditya/rsp/install/gripper_description:/home/aditya/rsp/install/edumip_gazebo:/home/aditya/rsp/install/edumip_description:/home/aditya/rsp/install/assignment1_subpub:/home/aditya/rsp/install/assignment1_srvcli:/home/aditya/rsp/install/assignment1_msgs:/opt/ros/galactic:/home/aditya/catkin_ws/devel:/opt/ros/noetic /usr/bin/cmake /home/aditya/rsp/rrohan2/04/robot_description -DCMAKE_INSTALL_PREFIX=/home/aditya/rsp/install/robot_description
[0.162s] -- The C compiler identification is GNU 9.4.0
[0.256s] -- The CXX compiler identification is GNU 9.4.0
[0.266s] -- Check for working C compiler: /usr/bin/cc
[0.387s] -- Check for working C compiler: /usr/bin/cc -- works
[0.389s] -- Detecting C compiler ABI info
[0.506s] -- Detecting C compiler ABI info - done
[0.523s] -- Detecting C compile features
[0.523s] -- Detecting C compile features - done
[0.527s] -- Check for working CXX compiler: /usr/bin/c++
[0.662s] -- Check for working CXX compiler: /usr/bin/c++ -- works
[0.663s] -- Detecting CXX compiler ABI info
[0.807s] -- Detecting CXX compiler ABI info - done
[0.833s] -- Detecting CXX compile features
[0.834s] -- Detecting CXX compile features - done
[0.837s] -- Found ament_cmake: 1.1.6 (/opt/ros/galactic/share/ament_cmake/cmake)
[0.881s] -- Found PythonInterp: /usr/bin/python3 (found suitable version "3.8.10", minimum required is "3") 
[0.881s] -- Using PYTHON_EXECUTABLE: /usr/bin/python3
[1.017s] -- Found urdf: 2.5.2 (/opt/ros/galactic/share/urdf/cmake)
[1.117s] -- Found robot_state_publisher: 2.5.3 (/opt/ros/galactic/share/robot_state_publisher/cmake)
[1.147s] -- Using all available rosidl_typesupport_c: rosidl_typesupport_fastrtps_c;rosidl_typesupport_introspection_c
[1.158s] -- Found rosidl_adapter: 2.2.3 (/opt/ros/galactic/share/rosidl_adapter/cmake)
[1.291s] -- Found OpenSSL: /usr/lib/x86_64-linux-gnu/libcrypto.so (found version "1.1.1f")  
[1.327s] -- Found FastRTPS: /opt/ros/galactic/include  
[1.455s] -- Using all available rosidl_typesupport_cpp: rosidl_typesupport_fastrtps_cpp;rosidl_typesupport_introspection_cpp
[1.511s] -- Found eigen3_cmake_module: 0.1.1 (/opt/ros/galactic/share/eigen3_cmake_module/cmake)
[1.516s] -- Found Eigen3: TRUE (found version "3.3.7") 
[1.610s] -- Found rmw_implementation_cmake: 3.3.1 (/opt/ros/galactic/share/rmw_implementation_cmake/cmake)
[1.615s] -- Found rmw_cyclonedds_cpp: 0.22.6 (/opt/ros/galactic/share/rmw_cyclonedds_cpp/cmake)
[1.656s] -- Using RMW implementation 'rmw_cyclonedds_cpp' as default
[1.658s] -- Looking for pthread.h
[1.776s] -- Looking for pthread.h - found
[1.777s] -- Performing Test CMAKE_HAVE_LIBC_PTHREAD
[1.903s] -- Performing Test CMAKE_HAVE_LIBC_PTHREAD - Failed
[1.903s] -- Looking for pthread_create in pthreads
[1.996s] -- Looking for pthread_create in pthreads - not found
[1.996s] -- Looking for pthread_create in pthread
[2.114s] -- Looking for pthread_create in pthread - found
[2.116s] -- Found Threads: TRUE  
[3.457s] -- Found ament_lint_auto: 0.10.7 (/opt/ros/galactic/share/ament_lint_auto/cmake)
[3.666s] -- Added test 'copyright' to check source files copyright and LICENSE
[3.689s] -- Added test 'flake8' to check Python code syntax and style conventions
[3.690s] -- Added test 'lint_cmake' to check CMake code style
[3.692s] -- Added test 'pep257' to check Python code against some of the style conventions in PEP 257
[3.701s] -- Added test 'xmllint' to check XML markup files
[3.721s] -- Configuring done
[3.726s] -- Generating done
[3.729s] -- Build files have been written to: /home/aditya/rsp/build/robot_description
[3.847s] Invoked command in '/home/aditya/rsp/build/robot_description' returned '0': CMAKE_PREFIX_PATH=/home/aditya/rsp/install/turtles:/home/aditya/rsp/install/robot_gripper:/home/aditya/rsp/install/robot_description:/home/aditya/rsp/install/pnp_actionlib:/home/aditya/rsp/install/pnp_msgs:/home/aditya/rsp/install/gripper_description:/home/aditya/rsp/install/edumip_gazebo:/home/aditya/rsp/install/edumip_description:/home/aditya/rsp/install/assignment1_subpub:/home/aditya/rsp/install/assignment1_srvcli:/home/aditya/rsp/install/assignment1_msgs:/opt/ros/galactic:/home/aditya/catkin_ws/devel:/opt/ros/noetic /usr/bin/cmake /home/aditya/rsp/rrohan2/04/robot_description -DCMAKE_INSTALL_PREFIX=/home/aditya/rsp/install/robot_description
[3.849s] Invoking command in '/home/aditya/rsp/build/robot_description': CMAKE_PREFIX_PATH=/home/aditya/rsp/install/turtles:/home/aditya/rsp/install/robot_gripper:/home/aditya/rsp/install/robot_description:/home/aditya/rsp/install/pnp_actionlib:/home/aditya/rsp/install/pnp_msgs:/home/aditya/rsp/install/gripper_description:/home/aditya/rsp/install/edumip_gazebo:/home/aditya/rsp/install/edumip_description:/home/aditya/rsp/install/assignment1_subpub:/home/aditya/rsp/install/assignment1_srvcli:/home/aditya/rsp/install/assignment1_msgs:/opt/ros/galactic:/home/aditya/catkin_ws/devel:/opt/ros/noetic /usr/bin/cmake --build /home/aditya/rsp/build/robot_description -- -j8 -l8
[4.020s] Invoked command in '/home/aditya/rsp/build/robot_description' returned '0': CMAKE_PREFIX_PATH=/home/aditya/rsp/install/turtles:/home/aditya/rsp/install/robot_gripper:/home/aditya/rsp/install/robot_description:/home/aditya/rsp/install/pnp_actionlib:/home/aditya/rsp/install/pnp_msgs:/home/aditya/rsp/install/gripper_description:/home/aditya/rsp/install/edumip_gazebo:/home/aditya/rsp/install/edumip_description:/home/aditya/rsp/install/assignment1_subpub:/home/aditya/rsp/install/assignment1_srvcli:/home/aditya/rsp/install/assignment1_msgs:/opt/ros/galactic:/home/aditya/catkin_ws/devel:/opt/ros/noetic /usr/bin/cmake --build /home/aditya/rsp/build/robot_description -- -j8 -l8
[4.389s] Invoking command in '/home/aditya/rsp/build/robot_description': CMAKE_PREFIX_PATH=/home/aditya/rsp/install/turtles:/home/aditya/rsp/install/robot_gripper:/home/aditya/rsp/install/robot_description:/home/aditya/rsp/install/pnp_actionlib:/home/aditya/rsp/install/pnp_msgs:/home/aditya/rsp/install/gripper_description:/home/aditya/rsp/install/edumip_gazebo:/home/aditya/rsp/install/edumip_description:/home/aditya/rsp/install/assignment1_subpub:/home/aditya/rsp/install/assignment1_srvcli:/home/aditya/rsp/install/assignment1_msgs:/opt/ros/galactic:/home/aditya/catkin_ws/devel:/opt/ros/noetic /usr/bin/cmake --install /home/aditya/rsp/build/robot_description
[4.411s] -- Install configuration: ""
[4.411s] -- Installing: /home/aditya/rsp/install/robot_description/share/robot_description/urdf
[4.412s] -- Installing: /home/aditya/rsp/install/robot_description/share/robot_description/urdf/robot.urdf
[4.412s] -- Installing: /home/aditya/rsp/install/robot_description/share/robot_description/urdf/robot.xacro
[4.412s] -- Installing: /home/aditya/rsp/install/robot_description/share/robot_description/urdf/robot.urdf.xacro
[4.412s] -- Installing: /home/aditya/rsp/install/robot_description/share/robot_description/launch
[4.412s] -- Installing: /home/aditya/rsp/install/robot_description/share/robot_description/launch/robot_bringup.launch.py
[4.413s] -- Installing: /home/aditya/rsp/install/robot_description/share/ament_index/resource_index/package_run_dependencies/robot_description
[4.413s] -- Installing: /home/aditya/rsp/install/robot_description/share/ament_index/resource_index/parent_prefix_path/robot_description
[4.420s] -- Installing: /home/aditya/rsp/install/robot_description/share/robot_description/environment/ament_prefix_path.sh
[4.420s] -- Installing: /home/aditya/rsp/install/robot_description/share/robot_description/environment/ament_prefix_path.dsv
[4.420s] -- Installing: /home/aditya/rsp/install/robot_description/share/robot_description/environment/path.sh
[4.420s] -- Installing: /home/aditya/rsp/install/robot_description/share/robot_description/environment/path.dsv
[4.421s] -- Installing: /home/aditya/rsp/install/robot_description/share/robot_description/local_setup.bash
[4.421s] -- Installing: /home/aditya/rsp/install/robot_description/share/robot_description/local_setup.sh
[4.421s] -- Installing: /home/aditya/rsp/install/robot_description/share/robot_description/local_setup.zsh
[4.421s] -- Installing: /home/aditya/rsp/install/robot_description/share/robot_description/local_setup.dsv
[4.422s] -- Installing: /home/aditya/rsp/install/robot_description/share/robot_description/package.dsv
[4.422s] -- Installing: /home/aditya/rsp/install/robot_description/share/ament_index/resource_index/packages/robot_description
[4.422s] -- Installing: /home/aditya/rsp/install/robot_description/share/robot_description/cmake/robot_descriptionConfig.cmake
[4.422s] -- Installing: /home/aditya/rsp/install/robot_description/share/robot_description/cmake/robot_descriptionConfig-version.cmake
[4.423s] -- Installing: /home/aditya/rsp/install/robot_description/share/robot_description/package.xml
[4.432s] Invoked command in '/home/aditya/rsp/build/robot_description' returned '0': CMAKE_PREFIX_PATH=/home/aditya/rsp/install/turtles:/home/aditya/rsp/install/robot_gripper:/home/aditya/rsp/install/robot_description:/home/aditya/rsp/install/pnp_actionlib:/home/aditya/rsp/install/pnp_msgs:/home/aditya/rsp/install/gripper_description:/home/aditya/rsp/install/edumip_gazebo:/home/aditya/rsp/install/edumip_description:/home/aditya/rsp/install/assignment1_subpub:/home/aditya/rsp/install/assignment1_srvcli:/home/aditya/rsp/install/assignment1_msgs:/opt/ros/galactic:/home/aditya/catkin_ws/devel:/opt/ros/noetic /usr/bin/cmake --install /home/aditya/rsp/build/robot_description
