-- The C compiler identification is GNU 9.4.0
-- The CXX compiler identification is GNU 9.4.0
-- Check for working C compiler: /usr/bin/cc
-- Check for working C compiler: /usr/bin/cc -- works
-- Detecting C compiler ABI info
-- Detecting C compiler ABI info - done
-- Detecting C compile features
-- Detecting C compile features - done
-- Check for working CXX compiler: /usr/bin/c++
-- Check for working CXX compiler: /usr/bin/c++ -- works
-- Detecting CXX compiler ABI info
-- Detecting CXX compiler ABI info - done
-- Detecting CXX compile features
-- Detecting CXX compile features - done
-- Found ament_cmake: 1.1.6 (/opt/ros/galactic/share/ament_cmake/cmake)
-- Found PythonInterp: /usr/bin/python3 (found suitable version "3.8.10", minimum required is "3") 
-- Using PYTHON_EXECUTABLE: /usr/bin/python3
-- Found rclcpp: 9.2.2 (/opt/ros/galactic/share/rclcpp/cmake)
-- Using all available rosidl_typesupport_c: rosidl_typesupport_fastrtps_c;rosidl_typesupport_introspection_c
-- Found rosidl_adapter: 2.2.3 (/opt/ros/galactic/share/rosidl_adapter/cmake)
-- Found OpenSSL: /usr/lib/x86_64-linux-gnu/libcrypto.so (found version "1.1.1f")  
-- Found FastRTPS: /opt/ros/galactic/include  
-- Using all available rosidl_typesupport_cpp: rosidl_typesupport_fastrtps_cpp;rosidl_typesupport_introspection_cpp
-- Found rmw_implementation_cmake: 3.3.1 (/opt/ros/galactic/share/rmw_implementation_cmake/cmake)
-- Found rmw_cyclonedds_cpp: 0.22.6 (/opt/ros/galactic/share/rmw_cyclonedds_cpp/cmake)
-- Using RMW implementation 'rmw_cyclonedds_cpp' as default
-- Looking for pthread.h
-- Looking for pthread.h - found
-- Performing Test CMAKE_HAVE_LIBC_PTHREAD
-- Performing Test CMAKE_HAVE_LIBC_PTHREAD - Failed
-- Looking for pthread_create in pthreads
-- Looking for pthread_create in pthreads - not found
-- Looking for pthread_create in pthread
-- Looking for pthread_create in pthread - found
-- Found Threads: TRUE  
-- Found assignment1_msgs: 0.0.0 (/home/ritwik/rsp/install/assignment1_msgs/share/assignment1_msgs/cmake)
-- Found ament_lint_auto: 0.10.7 (/opt/ros/galactic/share/ament_lint_auto/cmake)
-- Added test 'copyright' to check source files copyright and LICENSE
-- Added test 'cppcheck' to perform static code analysis on C / C++ code
-- Configured cppcheck include dirs: /home/ritwik/rsp/rrohan2/01/assignment1_subpub/include
-- Configured cppcheck exclude dirs and/or files: 
-- Added test 'cpplint' to check C / C++ code against the Google style
-- Configured cpplint exclude dirs and/or files: 
-- Added test 'lint_cmake' to check CMake code style
-- Added test 'uncrustify' to check C / C++ code style
-- Configured uncrustify additional arguments: 
-- Added test 'xmllint' to check XML markup files
-- Configuring done
-- Generating done
-- Build files have been written to: /home/ritwik/rsp/build/assignment1_subpub
[35m[1mScanning dependencies of target subpub[0m
[ 28%] [32mBuilding CXX object CMakeFiles/subpub.dir/src/publisher.cpp.o[0m
[ 28%] [32mBuilding CXX object CMakeFiles/subpub.dir/src/subscriber.cpp.o[0m
[ 42%] [32m[1mLinking CXX shared library libsubpub.so[0m
[ 42%] Built target subpub
[35m[1mScanning dependencies of target pub[0m
[35m[1mScanning dependencies of target sub[0m
[ 71%] [32mBuilding CXX object CMakeFiles/pub.dir/src/publisher_node.cpp.o[0m
[ 71%] [32mBuilding CXX object CMakeFiles/sub.dir/src/subscriber_node.cpp.o[0m
[ 85%] [32m[1mLinking CXX executable sub[0m
[ 85%] Built target sub
[100%] [32m[1mLinking CXX executable pub[0m
[100%] Built target pub
-- Install configuration: ""
-- Installing: /home/ritwik/rsp/install/assignment1_subpub/include
-- Installing: /home/ritwik/rsp/install/assignment1_subpub/include/assignment1_subpub
-- Installing: /home/ritwik/rsp/install/assignment1_subpub/include/assignment1_subpub/publisher.hpp
-- Installing: /home/ritwik/rsp/install/assignment1_subpub/include/assignment1_subpub/subscriber.hpp
-- Installing: /home/ritwik/rsp/install/assignment1_subpub/lib/libsubpub.so
-- Set runtime path of "/home/ritwik/rsp/install/assignment1_subpub/lib/libsubpub.so" to ""
-- Up-to-date: /home/ritwik/rsp/install/assignment1_subpub/lib/libsubpub.so
-- Installing: /home/ritwik/rsp/install/assignment1_subpub/lib/assignment1_subpub/sub
-- Set runtime path of "/home/ritwik/rsp/install/assignment1_subpub/lib/assignment1_subpub/sub" to ""
-- Installing: /home/ritwik/rsp/install/assignment1_subpub/lib/assignment1_subpub/pub
-- Set runtime path of "/home/ritwik/rsp/install/assignment1_subpub/lib/assignment1_subpub/pub" to ""
-- Installing: /home/ritwik/rsp/install/assignment1_subpub/share/ament_index/resource_index/package_run_dependencies/assignment1_subpub
-- Installing: /home/ritwik/rsp/install/assignment1_subpub/share/ament_index/resource_index/parent_prefix_path/assignment1_subpub
-- Installing: /home/ritwik/rsp/install/assignment1_subpub/share/assignment1_subpub/environment/ament_prefix_path.sh
-- Installing: /home/ritwik/rsp/install/assignment1_subpub/share/assignment1_subpub/environment/ament_prefix_path.dsv
-- Installing: /home/ritwik/rsp/install/assignment1_subpub/share/assignment1_subpub/environment/path.sh
-- Installing: /home/ritwik/rsp/install/assignment1_subpub/share/assignment1_subpub/environment/path.dsv
-- Installing: /home/ritwik/rsp/install/assignment1_subpub/share/assignment1_subpub/local_setup.bash
-- Installing: /home/ritwik/rsp/install/assignment1_subpub/share/assignment1_subpub/local_setup.sh
-- Installing: /home/ritwik/rsp/install/assignment1_subpub/share/assignment1_subpub/local_setup.zsh
-- Installing: /home/ritwik/rsp/install/assignment1_subpub/share/assignment1_subpub/local_setup.dsv
-- Installing: /home/ritwik/rsp/install/assignment1_subpub/share/assignment1_subpub/package.dsv
-- Installing: /home/ritwik/rsp/install/assignment1_subpub/share/ament_index/resource_index/packages/assignment1_subpub
-- Installing: /home/ritwik/rsp/install/assignment1_subpub/share/assignment1_subpub/cmake/assignment1_subpubConfig.cmake
-- Installing: /home/ritwik/rsp/install/assignment1_subpub/share/assignment1_subpub/cmake/assignment1_subpubConfig-version.cmake
-- Installing: /home/ritwik/rsp/install/assignment1_subpub/share/assignment1_subpub/package.xml
