[0.026s] Invoking command in '/home/ritwik/rsp/build/assignment1_subpub': CMAKE_PREFIX_PATH=/home/ritwik/rsp/install/assignment1_msgs:/home/ritwik/rsp/install/turtles:/home/ritwik/rsp/install/pnp_actionlib:/home/ritwik/rsp/install/pnp_msgs:/home/ritwik/rsp/install/assignment1_subpub:/home/ritwik/rsp/install/assignment1_srvcli:/opt/ros/galactic LD_LIBRARY_PATH=/home/ritwik/rsp/install/assignment1_msgs/lib:/home/ritwik/rsp/install/pnp_actionlib/lib:/home/ritwik/rsp/install/pnp_msgs/lib:/home/ritwik/rsp/install/assignment1_subpub/lib:/home/ritwik/rsp/install/assignment1_srvcli/lib:/opt/ros/galactic/opt/yaml_cpp_vendor/lib:/opt/ros/galactic/opt/rviz_ogre_vendor/lib:/opt/ros/galactic/lib/x86_64-linux-gnu:/opt/ros/galactic/lib PYTHONPATH=/home/ritwik/rsp/install/assignment1_msgs/lib/python3.8/site-packages:/home/ritwik/rsp/install/pnp_msgs/lib/python3.8/site-packages:/opt/ros/galactic/lib/python3.8/site-packages /usr/bin/cmake /home/ritwik/rsp/rrohan2/01/assignment1_subpub -DCMAKE_INSTALL_PREFIX=/home/ritwik/rsp/install/assignment1_subpub
[0.086s] -- The C compiler identification is GNU 9.4.0
[0.156s] -- The CXX compiler identification is GNU 9.4.0
[0.164s] -- Check for working C compiler: /usr/bin/cc
[0.246s] -- Check for working C compiler: /usr/bin/cc -- works
[0.247s] -- Detecting C compiler ABI info
[0.326s] -- Detecting C compiler ABI info - done
[0.340s] -- Detecting C compile features
[0.341s] -- Detecting C compile features - done
[0.343s] -- Check for working CXX compiler: /usr/bin/c++
[0.440s] -- Check for working CXX compiler: /usr/bin/c++ -- works
[0.442s] -- Detecting CXX compiler ABI info
[0.537s] -- Detecting CXX compiler ABI info - done
[0.559s] -- Detecting CXX compile features
[0.560s] -- Detecting CXX compile features - done
[0.564s] -- Found ament_cmake: 1.1.6 (/opt/ros/galactic/share/ament_cmake/cmake)
[0.596s] -- Found PythonInterp: /usr/bin/python3 (found suitable version "3.8.10", minimum required is "3") 
[0.596s] -- Using PYTHON_EXECUTABLE: /usr/bin/python3
[0.708s] -- Found rclcpp: 9.2.2 (/opt/ros/galactic/share/rclcpp/cmake)
[0.791s] -- Using all available rosidl_typesupport_c: rosidl_typesupport_fastrtps_c;rosidl_typesupport_introspection_c
[0.802s] -- Found rosidl_adapter: 2.2.3 (/opt/ros/galactic/share/rosidl_adapter/cmake)
[0.925s] -- Found OpenSSL: /usr/lib/x86_64-linux-gnu/libcrypto.so (found version "1.1.1f")  
[0.965s] -- Found FastRTPS: /opt/ros/galactic/include  
[1.056s] -- Using all available rosidl_typesupport_cpp: rosidl_typesupport_fastrtps_cpp;rosidl_typesupport_introspection_cpp
[1.126s] -- Found rmw_implementation_cmake: 3.3.1 (/opt/ros/galactic/share/rmw_implementation_cmake/cmake)
[1.130s] -- Found rmw_cyclonedds_cpp: 0.22.6 (/opt/ros/galactic/share/rmw_cyclonedds_cpp/cmake)
[1.153s] -- Using RMW implementation 'rmw_cyclonedds_cpp' as default
[1.154s] -- Looking for pthread.h
[1.240s] -- Looking for pthread.h - found
[1.240s] -- Performing Test CMAKE_HAVE_LIBC_PTHREAD
[1.327s] -- Performing Test CMAKE_HAVE_LIBC_PTHREAD - Failed
[1.328s] -- Looking for pthread_create in pthreads
[1.408s] -- Looking for pthread_create in pthreads - not found
[1.408s] -- Looking for pthread_create in pthread
[1.508s] -- Looking for pthread_create in pthread - found
[1.510s] -- Found Threads: TRUE  
[1.691s] -- Found assignment1_msgs: 0.0.0 (/home/ritwik/rsp/install/assignment1_msgs/share/assignment1_msgs/cmake)
[1.703s] -- Found ament_lint_auto: 0.10.7 (/opt/ros/galactic/share/ament_lint_auto/cmake)
[1.794s] -- Added test 'copyright' to check source files copyright and LICENSE
[1.795s] -- Added test 'cppcheck' to perform static code analysis on C / C++ code
[1.796s] -- Configured cppcheck include dirs: /home/ritwik/rsp/rrohan2/01/assignment1_subpub/include
[1.796s] -- Configured cppcheck exclude dirs and/or files: 
[1.797s] -- Added test 'cpplint' to check C / C++ code against the Google style
[1.797s] -- Configured cpplint exclude dirs and/or files: 
[1.798s] -- Added test 'lint_cmake' to check CMake code style
[1.800s] -- Added test 'uncrustify' to check C / C++ code style
[1.800s] -- Configured uncrustify additional arguments: 
[1.800s] -- Added test 'xmllint' to check XML markup files
[1.805s] -- Configuring done
[1.822s] -- Generating done
[1.824s] -- Build files have been written to: /home/ritwik/rsp/build/assignment1_subpub
[1.834s] Invoked command in '/home/ritwik/rsp/build/assignment1_subpub' returned '0': CMAKE_PREFIX_PATH=/home/ritwik/rsp/install/assignment1_msgs:/home/ritwik/rsp/install/turtles:/home/ritwik/rsp/install/pnp_actionlib:/home/ritwik/rsp/install/pnp_msgs:/home/ritwik/rsp/install/assignment1_subpub:/home/ritwik/rsp/install/assignment1_srvcli:/opt/ros/galactic LD_LIBRARY_PATH=/home/ritwik/rsp/install/assignment1_msgs/lib:/home/ritwik/rsp/install/pnp_actionlib/lib:/home/ritwik/rsp/install/pnp_msgs/lib:/home/ritwik/rsp/install/assignment1_subpub/lib:/home/ritwik/rsp/install/assignment1_srvcli/lib:/opt/ros/galactic/opt/yaml_cpp_vendor/lib:/opt/ros/galactic/opt/rviz_ogre_vendor/lib:/opt/ros/galactic/lib/x86_64-linux-gnu:/opt/ros/galactic/lib PYTHONPATH=/home/ritwik/rsp/install/assignment1_msgs/lib/python3.8/site-packages:/home/ritwik/rsp/install/pnp_msgs/lib/python3.8/site-packages:/opt/ros/galactic/lib/python3.8/site-packages /usr/bin/cmake /home/ritwik/rsp/rrohan2/01/assignment1_subpub -DCMAKE_INSTALL_PREFIX=/home/ritwik/rsp/install/assignment1_subpub
[1.836s] Invoking command in '/home/ritwik/rsp/build/assignment1_subpub': CMAKE_PREFIX_PATH=/home/ritwik/rsp/install/assignment1_msgs:/home/ritwik/rsp/install/turtles:/home/ritwik/rsp/install/pnp_actionlib:/home/ritwik/rsp/install/pnp_msgs:/home/ritwik/rsp/install/assignment1_subpub:/home/ritwik/rsp/install/assignment1_srvcli:/opt/ros/galactic LD_LIBRARY_PATH=/home/ritwik/rsp/install/assignment1_msgs/lib:/home/ritwik/rsp/install/pnp_actionlib/lib:/home/ritwik/rsp/install/pnp_msgs/lib:/home/ritwik/rsp/install/assignment1_subpub/lib:/home/ritwik/rsp/install/assignment1_srvcli/lib:/opt/ros/galactic/opt/yaml_cpp_vendor/lib:/opt/ros/galactic/opt/rviz_ogre_vendor/lib:/opt/ros/galactic/lib/x86_64-linux-gnu:/opt/ros/galactic/lib PYTHONPATH=/home/ritwik/rsp/install/assignment1_msgs/lib/python3.8/site-packages:/home/ritwik/rsp/install/pnp_msgs/lib/python3.8/site-packages:/opt/ros/galactic/lib/python3.8/site-packages /usr/bin/cmake --build /home/ritwik/rsp/build/assignment1_subpub -- -j8 -l8
[1.891s] [35m[1mScanning dependencies of target subpub[0m
[1.950s] [ 28%] [32mBuilding CXX object CMakeFiles/subpub.dir/src/publisher.cpp.o[0m
[1.950s] [ 28%] [32mBuilding CXX object CMakeFiles/subpub.dir/src/subscriber.cpp.o[0m
[10.912s] [ 42%] [32m[1mLinking CXX shared library libsubpub.so[0m
[11.469s] [ 42%] Built target subpub
[11.485s] [35m[1mScanning dependencies of target pub[0m
[11.488s] [35m[1mScanning dependencies of target sub[0m
[11.560s] [ 71%] [32mBuilding CXX object CMakeFiles/pub.dir/src/publisher_node.cpp.o[0m
[11.560s] [ 71%] [32mBuilding CXX object CMakeFiles/sub.dir/src/subscriber_node.cpp.o[0m
[14.539s] [ 85%] [32m[1mLinking CXX executable sub[0m
[14.761s] [ 85%] Built target sub
[15.350s] [100%] [32m[1mLinking CXX executable pub[0m
[15.527s] [100%] Built target pub
[15.541s] Invoked command in '/home/ritwik/rsp/build/assignment1_subpub' returned '0': CMAKE_PREFIX_PATH=/home/ritwik/rsp/install/assignment1_msgs:/home/ritwik/rsp/install/turtles:/home/ritwik/rsp/install/pnp_actionlib:/home/ritwik/rsp/install/pnp_msgs:/home/ritwik/rsp/install/assignment1_subpub:/home/ritwik/rsp/install/assignment1_srvcli:/opt/ros/galactic LD_LIBRARY_PATH=/home/ritwik/rsp/install/assignment1_msgs/lib:/home/ritwik/rsp/install/pnp_actionlib/lib:/home/ritwik/rsp/install/pnp_msgs/lib:/home/ritwik/rsp/install/assignment1_subpub/lib:/home/ritwik/rsp/install/assignment1_srvcli/lib:/opt/ros/galactic/opt/yaml_cpp_vendor/lib:/opt/ros/galactic/opt/rviz_ogre_vendor/lib:/opt/ros/galactic/lib/x86_64-linux-gnu:/opt/ros/galactic/lib PYTHONPATH=/home/ritwik/rsp/install/assignment1_msgs/lib/python3.8/site-packages:/home/ritwik/rsp/install/pnp_msgs/lib/python3.8/site-packages:/opt/ros/galactic/lib/python3.8/site-packages /usr/bin/cmake --build /home/ritwik/rsp/build/assignment1_subpub -- -j8 -l8
[15.578s] Invoking command in '/home/ritwik/rsp/build/assignment1_subpub': CMAKE_PREFIX_PATH=/home/ritwik/rsp/install/assignment1_msgs:/home/ritwik/rsp/install/turtles:/home/ritwik/rsp/install/pnp_actionlib:/home/ritwik/rsp/install/pnp_msgs:/home/ritwik/rsp/install/assignment1_subpub:/home/ritwik/rsp/install/assignment1_srvcli:/opt/ros/galactic LD_LIBRARY_PATH=/home/ritwik/rsp/install/assignment1_msgs/lib:/home/ritwik/rsp/install/pnp_actionlib/lib:/home/ritwik/rsp/install/pnp_msgs/lib:/home/ritwik/rsp/install/assignment1_subpub/lib:/home/ritwik/rsp/install/assignment1_srvcli/lib:/opt/ros/galactic/opt/yaml_cpp_vendor/lib:/opt/ros/galactic/opt/rviz_ogre_vendor/lib:/opt/ros/galactic/lib/x86_64-linux-gnu:/opt/ros/galactic/lib PYTHONPATH=/home/ritwik/rsp/install/assignment1_msgs/lib/python3.8/site-packages:/home/ritwik/rsp/install/pnp_msgs/lib/python3.8/site-packages:/opt/ros/galactic/lib/python3.8/site-packages /usr/bin/cmake --install /home/ritwik/rsp/build/assignment1_subpub
[15.587s] -- Install configuration: ""
[15.588s] -- Installing: /home/ritwik/rsp/install/assignment1_subpub/include
[15.588s] -- Installing: /home/ritwik/rsp/install/assignment1_subpub/include/assignment1_subpub
[15.588s] -- Installing: /home/ritwik/rsp/install/assignment1_subpub/include/assignment1_subpub/publisher.hpp
[15.588s] -- Installing: /home/ritwik/rsp/install/assignment1_subpub/include/assignment1_subpub/subscriber.hpp
[15.588s] -- Installing: /home/ritwik/rsp/install/assignment1_subpub/lib/libsubpub.so
[15.593s] -- Set runtime path of "/home/ritwik/rsp/install/assignment1_subpub/lib/libsubpub.so" to ""
[15.593s] -- Up-to-date: /home/ritwik/rsp/install/assignment1_subpub/lib/libsubpub.so
[15.593s] -- Installing: /home/ritwik/rsp/install/assignment1_subpub/lib/assignment1_subpub/sub
[15.594s] -- Set runtime path of "/home/ritwik/rsp/install/assignment1_subpub/lib/assignment1_subpub/sub" to ""
[15.594s] -- Installing: /home/ritwik/rsp/install/assignment1_subpub/lib/assignment1_subpub/pub
[15.594s] -- Set runtime path of "/home/ritwik/rsp/install/assignment1_subpub/lib/assignment1_subpub/pub" to ""
[15.594s] -- Installing: /home/ritwik/rsp/install/assignment1_subpub/share/ament_index/resource_index/package_run_dependencies/assignment1_subpub
[15.594s] -- Installing: /home/ritwik/rsp/install/assignment1_subpub/share/ament_index/resource_index/parent_prefix_path/assignment1_subpub
[15.595s] -- Installing: /home/ritwik/rsp/install/assignment1_subpub/share/assignment1_subpub/environment/ament_prefix_path.sh
[15.595s] -- Installing: /home/ritwik/rsp/install/assignment1_subpub/share/assignment1_subpub/environment/ament_prefix_path.dsv
[15.595s] -- Installing: /home/ritwik/rsp/install/assignment1_subpub/share/assignment1_subpub/environment/path.sh
[15.595s] -- Installing: /home/ritwik/rsp/install/assignment1_subpub/share/assignment1_subpub/environment/path.dsv
[15.595s] -- Installing: /home/ritwik/rsp/install/assignment1_subpub/share/assignment1_subpub/local_setup.bash
[15.595s] -- Installing: /home/ritwik/rsp/install/assignment1_subpub/share/assignment1_subpub/local_setup.sh
[15.595s] -- Installing: /home/ritwik/rsp/install/assignment1_subpub/share/assignment1_subpub/local_setup.zsh
[15.595s] -- Installing: /home/ritwik/rsp/install/assignment1_subpub/share/assignment1_subpub/local_setup.dsv
[15.596s] -- Installing: /home/ritwik/rsp/install/assignment1_subpub/share/assignment1_subpub/package.dsv
[15.596s] -- Installing: /home/ritwik/rsp/install/assignment1_subpub/share/ament_index/resource_index/packages/assignment1_subpub
[15.596s] -- Installing: /home/ritwik/rsp/install/assignment1_subpub/share/assignment1_subpub/cmake/assignment1_subpubConfig.cmake
[15.596s] -- Installing: /home/ritwik/rsp/install/assignment1_subpub/share/assignment1_subpub/cmake/assignment1_subpubConfig-version.cmake
[15.596s] -- Installing: /home/ritwik/rsp/install/assignment1_subpub/share/assignment1_subpub/package.xml
[15.601s] Invoked command in '/home/ritwik/rsp/build/assignment1_subpub' returned '0': CMAKE_PREFIX_PATH=/home/ritwik/rsp/install/assignment1_msgs:/home/ritwik/rsp/install/turtles:/home/ritwik/rsp/install/pnp_actionlib:/home/ritwik/rsp/install/pnp_msgs:/home/ritwik/rsp/install/assignment1_subpub:/home/ritwik/rsp/install/assignment1_srvcli:/opt/ros/galactic LD_LIBRARY_PATH=/home/ritwik/rsp/install/assignment1_msgs/lib:/home/ritwik/rsp/install/pnp_actionlib/lib:/home/ritwik/rsp/install/pnp_msgs/lib:/home/ritwik/rsp/install/assignment1_subpub/lib:/home/ritwik/rsp/install/assignment1_srvcli/lib:/opt/ros/galactic/opt/yaml_cpp_vendor/lib:/opt/ros/galactic/opt/rviz_ogre_vendor/lib:/opt/ros/galactic/lib/x86_64-linux-gnu:/opt/ros/galactic/lib PYTHONPATH=/home/ritwik/rsp/install/assignment1_msgs/lib/python3.8/site-packages:/home/ritwik/rsp/install/pnp_msgs/lib/python3.8/site-packages:/opt/ros/galactic/lib/python3.8/site-packages /usr/bin/cmake --install /home/ritwik/rsp/build/assignment1_subpub
