[0.074s] Invoking command in '/home/aditya/rsp/build/assignment1_msgs': CMAKE_PREFIX_PATH=/home/aditya/rsp/install/turtles:/home/aditya/rsp/install/robot_gripper:/home/aditya/rsp/install/robot_description:/home/aditya/rsp/install/pnp_actionlib:/home/aditya/rsp/install/pnp_msgs:/home/aditya/rsp/install/gripper_description:/home/aditya/rsp/install/edumip_gazebo:/home/aditya/rsp/install/edumip_description:/home/aditya/rsp/install/assignment1_subpub:/home/aditya/rsp/install/assignment1_srvcli:/home/aditya/rsp/install/assignment1_msgs:/opt/ros/galactic:/home/aditya/catkin_ws/devel:/opt/ros/noetic /usr/bin/cmake /home/aditya/rsp/rrohan2/01/assignment1_msgs -DCMAKE_INSTALL_PREFIX=/home/aditya/rsp/install/assignment1_msgs
[0.185s] -- The C compiler identification is GNU 9.4.0
[0.283s] -- The CXX compiler identification is GNU 9.4.0
[0.294s] -- Check for working C compiler: /usr/bin/cc
[0.421s] -- Check for working C compiler: /usr/bin/cc -- works
[0.423s] -- Detecting C compiler ABI info
[0.552s] -- Detecting C compiler ABI info - done
[0.577s] -- Detecting C compile features
[0.578s] -- Detecting C compile features - done
[0.582s] -- Check for working CXX compiler: /usr/bin/c++
[0.712s] -- Check for working CXX compiler: /usr/bin/c++ -- works
[0.714s] -- Detecting CXX compiler ABI info
[0.848s] -- Detecting CXX compiler ABI info - done
[0.870s] -- Detecting CXX compile features
[0.870s] -- Detecting CXX compile features - done
[0.873s] -- Found ament_cmake: 1.1.6 (/opt/ros/galactic/share/ament_cmake/cmake)
[0.915s] -- Found PythonInterp: /usr/bin/python3 (found suitable version "3.8.10", minimum required is "3") 
[0.916s] -- Using PYTHON_EXECUTABLE: /usr/bin/python3
[1.063s] -- Found rosidl_default_generators: 1.1.1 (/opt/ros/galactic/share/rosidl_default_generators/cmake)
[1.073s] -- Using all available rosidl_typesupport_c: rosidl_typesupport_fastrtps_c;rosidl_typesupport_introspection_c
[1.084s] -- Found rosidl_adapter: 2.2.3 (/opt/ros/galactic/share/rosidl_adapter/cmake)
[1.260s] -- Found OpenSSL: /usr/lib/x86_64-linux-gnu/libcrypto.so (found version "1.1.1f")  
[1.317s] -- Found FastRTPS: /opt/ros/galactic/include  
[1.460s] -- Using all available rosidl_typesupport_cpp: rosidl_typesupport_fastrtps_cpp;rosidl_typesupport_introspection_cpp
[1.538s] -- Found PythonInterp: /usr/bin/python3 (found version "3.8.10") 
[1.702s] -- Found ament_cmake_ros: 0.9.2 (/opt/ros/galactic/share/ament_cmake_ros/cmake)
[1.883s] -- Using all available rosidl_typesupport_c: rosidl_typesupport_fastrtps_c;rosidl_typesupport_introspection_c
[1.895s] -- Using all available rosidl_typesupport_cpp: rosidl_typesupport_fastrtps_cpp;rosidl_typesupport_introspection_cpp
[1.936s] -- Found PythonInterp: /usr/bin/python3 (found suitable version "3.8.10", minimum required is "3.5") 
[1.939s] -- Found python_cmake_module: 0.8.1 (/opt/ros/galactic/share/python_cmake_module/cmake)
[1.994s] -- Found PythonLibs: /usr/lib/x86_64-linux-gnu/libpython3.8.so (found suitable version "3.8.10", minimum required is "3.5") 
[1.994s] -- Using PYTHON_EXECUTABLE: /usr/bin/python3
[1.995s] -- Using PYTHON_INCLUDE_DIRS: /usr/include/python3.8
[1.995s] -- Using PYTHON_LIBRARIES: /usr/lib/x86_64-linux-gnu/libpython3.8.so
[2.038s] -- Found PythonExtra: .so  
[2.117s] -- Found ament_lint_auto: 0.10.7 (/opt/ros/galactic/share/ament_lint_auto/cmake)
[2.143s] -- Added test 'copyright' to check source files copyright and LICENSE
[2.147s] -- Added test 'lint_cmake' to check CMake code style
[2.150s] -- Added test 'xmllint' to check XML markup files
[2.160s] -- Configuring done
[2.210s] -- Generating done
[2.216s] -- Build files have been written to: /home/aditya/rsp/build/assignment1_msgs
[2.230s] Invoked command in '/home/aditya/rsp/build/assignment1_msgs' returned '0': CMAKE_PREFIX_PATH=/home/aditya/rsp/install/turtles:/home/aditya/rsp/install/robot_gripper:/home/aditya/rsp/install/robot_description:/home/aditya/rsp/install/pnp_actionlib:/home/aditya/rsp/install/pnp_msgs:/home/aditya/rsp/install/gripper_description:/home/aditya/rsp/install/edumip_gazebo:/home/aditya/rsp/install/edumip_description:/home/aditya/rsp/install/assignment1_subpub:/home/aditya/rsp/install/assignment1_srvcli:/home/aditya/rsp/install/assignment1_msgs:/opt/ros/galactic:/home/aditya/catkin_ws/devel:/opt/ros/noetic /usr/bin/cmake /home/aditya/rsp/rrohan2/01/assignment1_msgs -DCMAKE_INSTALL_PREFIX=/home/aditya/rsp/install/assignment1_msgs
[2.236s] Invoking command in '/home/aditya/rsp/build/assignment1_msgs': CMAKE_PREFIX_PATH=/home/aditya/rsp/install/turtles:/home/aditya/rsp/install/robot_gripper:/home/aditya/rsp/install/robot_description:/home/aditya/rsp/install/pnp_actionlib:/home/aditya/rsp/install/pnp_msgs:/home/aditya/rsp/install/gripper_description:/home/aditya/rsp/install/edumip_gazebo:/home/aditya/rsp/install/edumip_description:/home/aditya/rsp/install/assignment1_subpub:/home/aditya/rsp/install/assignment1_srvcli:/home/aditya/rsp/install/assignment1_msgs:/opt/ros/galactic:/home/aditya/catkin_ws/devel:/opt/ros/noetic /usr/bin/cmake --build /home/aditya/rsp/build/assignment1_msgs -- -j8 -l8
[2.284s] [35m[1mScanning dependencies of target assignment1_msgs__cpp[0m
[2.289s] [  2%] [34m[1mGenerating C code for ROS interfaces[0m
[2.300s] [  5%] [34m[1mGenerating C++ code for ROS interfaces[0m
[2.825s] [35m[1mScanning dependencies of target assignment1_msgs__rosidl_generator_c[0m
[2.866s] [  7%] [32mBuilding C object CMakeFiles/assignment1_msgs__rosidl_generator_c.dir/rosidl_generator_c/assignment1_msgs/srv/detail/average__functions.c.o[0m
[2.866s] [  7%] Built target assignment1_msgs__cpp
[2.874s] [ 10%] [32mBuilding C object CMakeFiles/assignment1_msgs__rosidl_generator_c.dir/rosidl_generator_c/assignment1_msgs/msg/detail/odd_no__functions.c.o[0m
[2.885s] [ 12%] [34m[1mGenerating C++ type support for eProsima Fast-RTPS[0m
[2.928s] [ 15%] [34m[1mGenerating C++ type support dispatch for ROS interfaces[0m
[2.929s] [ 17%] [34m[1mGenerating C++ introspection for ROS interfaces[0m
[3.069s] [ 20%] [32m[1mLinking C shared library libassignment1_msgs__rosidl_generator_c.so[0m
[3.277s] [ 20%] Built target assignment1_msgs__rosidl_generator_c
[3.342s] [ 23%] [34m[1mGenerating C introspection for ROS interfaces[0m
[3.364s] [ 25%] [34m[1mGenerating C type support dispatch for ROS interfaces[0m
[3.454s] [35m[1mScanning dependencies of target assignment1_msgs__rosidl_typesupport_fastrtps_cpp[0m
[3.502s] [35m[1mScanning dependencies of target assignment1_msgs__rosidl_typesupport_cpp[0m
[3.523s] [ 28%] [32mBuilding CXX object CMakeFiles/assignment1_msgs__rosidl_typesupport_fastrtps_cpp.dir/rosidl_typesupport_fastrtps_cpp/assignment1_msgs/srv/detail/dds_fastrtps/average__type_support.cpp.o[0m
[3.553s] [ 30%] [32mBuilding CXX object CMakeFiles/assignment1_msgs__rosidl_typesupport_fastrtps_cpp.dir/rosidl_typesupport_fastrtps_cpp/assignment1_msgs/msg/detail/dds_fastrtps/odd_no__type_support.cpp.o[0m
[3.555s] [ 33%] [32mBuilding CXX object CMakeFiles/assignment1_msgs__rosidl_typesupport_cpp.dir/rosidl_typesupport_cpp/assignment1_msgs/srv/average__type_support.cpp.o[0m
[3.569s] [ 35%] [32mBuilding CXX object CMakeFiles/assignment1_msgs__rosidl_typesupport_cpp.dir/rosidl_typesupport_cpp/assignment1_msgs/msg/odd_no__type_support.cpp.o[0m
[3.687s] [35m[1mScanning dependencies of target assignment1_msgs__rosidl_typesupport_introspection_cpp[0m
[3.710s] [ 38%] [32mBuilding CXX object CMakeFiles/assignment1_msgs__rosidl_typesupport_introspection_cpp.dir/rosidl_typesupport_introspection_cpp/assignment1_msgs/msg/detail/odd_no__type_support.cpp.o[0m
[3.736s] [ 41%] [32mBuilding CXX object CMakeFiles/assignment1_msgs__rosidl_typesupport_introspection_cpp.dir/rosidl_typesupport_introspection_cpp/assignment1_msgs/srv/detail/average__type_support.cpp.o[0m
[3.997s] [35m[1mScanning dependencies of target assignment1_msgs__rosidl_typesupport_c[0m
[4.034s] [ 43%] [32mBuilding CXX object CMakeFiles/assignment1_msgs__rosidl_typesupport_c.dir/rosidl_typesupport_c/assignment1_msgs/msg/odd_no__type_support.cpp.o[0m
[4.117s] [ 46%] [32mBuilding CXX object CMakeFiles/assignment1_msgs__rosidl_typesupport_c.dir/rosidl_typesupport_c/assignment1_msgs/srv/average__type_support.cpp.o[0m
[4.150s] [35m[1mScanning dependencies of target assignment1_msgs__rosidl_typesupport_introspection_c[0m
[4.235s] [ 48%] [32mBuilding C object CMakeFiles/assignment1_msgs__rosidl_typesupport_introspection_c.dir/rosidl_typesupport_introspection_c/assignment1_msgs/msg/detail/odd_no__type_support.c.o[0m
[4.242s] [ 51%] [32m[1mLinking CXX shared library libassignment1_msgs__rosidl_typesupport_c.so[0m
[4.261s] [ 53%] [32mBuilding C object CMakeFiles/assignment1_msgs__rosidl_typesupport_introspection_c.dir/rosidl_typesupport_introspection_c/assignment1_msgs/srv/detail/average__type_support.c.o[0m
[4.387s] [ 56%] [32m[1mLinking C shared library libassignment1_msgs__rosidl_typesupport_introspection_c.so[0m
[4.400s] [ 56%] Built target assignment1_msgs__rosidl_typesupport_c
[4.480s] [ 58%] [32m[1mLinking CXX shared library libassignment1_msgs__rosidl_typesupport_cpp.so[0m
[4.502s] [ 58%] Built target assignment1_msgs__rosidl_typesupport_introspection_c
[4.634s] [ 58%] Built target assignment1_msgs__rosidl_typesupport_cpp
[4.654s] [ 61%] [32m[1mLinking CXX shared library libassignment1_msgs__rosidl_typesupport_introspection_cpp.so[0m
[4.748s] [ 61%] Built target assignment1_msgs__rosidl_typesupport_introspection_cpp
[4.759s] [ 64%] [32m[1mLinking CXX shared library libassignment1_msgs__rosidl_typesupport_fastrtps_cpp.so[0m
[4.997s] [ 64%] Built target assignment1_msgs__rosidl_typesupport_fastrtps_cpp
[5.018s] [ 66%] [34m[1mGenerating C type support for eProsima Fast-RTPS[0m
[5.626s] [35m[1mScanning dependencies of target assignment1_msgs__rosidl_typesupport_fastrtps_c[0m
[5.672s] [ 69%] [32mBuilding CXX object CMakeFiles/assignment1_msgs__rosidl_typesupport_fastrtps_c.dir/rosidl_typesupport_fastrtps_c/assignment1_msgs/msg/detail/odd_no__type_support_c.cpp.o[0m
[5.680s] [ 71%] [32mBuilding CXX object CMakeFiles/assignment1_msgs__rosidl_typesupport_fastrtps_c.dir/rosidl_typesupport_fastrtps_c/assignment1_msgs/srv/detail/average__type_support_c.cpp.o[0m
[6.422s] [ 74%] [32m[1mLinking CXX shared library libassignment1_msgs__rosidl_typesupport_fastrtps_c.so[0m
[6.817s] [ 74%] Built target assignment1_msgs__rosidl_typesupport_fastrtps_c
[6.869s] [35m[1mScanning dependencies of target assignment1_msgs[0m
[6.953s] [ 74%] Built target assignment1_msgs
[7.018s] [35m[1mScanning dependencies of target assignment1_msgs__py[0m
[7.071s] [ 76%] [34m[1mGenerating Python code for ROS interfaces[0m
[8.481s] [ 76%] Built target assignment1_msgs__py
[8.496s] [35m[1mScanning dependencies of target assignment1_msgs__python[0m
[8.530s] [ 79%] [32mBuilding C object CMakeFiles/assignment1_msgs__python.dir/rosidl_generator_py/assignment1_msgs/msg/_odd_no_s.c.o[0m
[8.530s] [ 82%] [32mBuilding C object CMakeFiles/assignment1_msgs__python.dir/rosidl_generator_py/assignment1_msgs/srv/_average_s.c.o[0m
[8.706s] [ 84%] [32m[1mLinking C shared library rosidl_generator_py/assignment1_msgs/libassignment1_msgs__python.so[0m
[8.759s] [ 84%] Built target assignment1_msgs__python
[8.777s] [35m[1mScanning dependencies of target assignment1_msgs__rosidl_typesupport_introspection_c__pyext[0m
[8.778s] [35m[1mScanning dependencies of target assignment1_msgs__rosidl_typesupport_fastrtps_c__pyext[0m
[8.778s] [35m[1mScanning dependencies of target assignment1_msgs__rosidl_typesupport_c__pyext[0m
[8.808s] [ 87%] [32mBuilding C object CMakeFiles/assignment1_msgs__rosidl_typesupport_introspection_c__pyext.dir/rosidl_generator_py/assignment1_msgs/_assignment1_msgs_s.ep.rosidl_typesupport_introspection_c.c.o[0m
[8.814s] [ 89%] [32mBuilding C object CMakeFiles/assignment1_msgs__rosidl_typesupport_fastrtps_c__pyext.dir/rosidl_generator_py/assignment1_msgs/_assignment1_msgs_s.ep.rosidl_typesupport_fastrtps_c.c.o[0m
[8.815s] [ 92%] [32mBuilding C object CMakeFiles/assignment1_msgs__rosidl_typesupport_c__pyext.dir/rosidl_generator_py/assignment1_msgs/_assignment1_msgs_s.ep.rosidl_typesupport_c.c.o[0m
[8.922s] [ 94%] [32m[1mLinking C shared library rosidl_generator_py/assignment1_msgs/assignment1_msgs_s__rosidl_typesupport_c.cpython-38-x86_64-linux-gnu.so[0m
[8.953s] [ 97%] [32m[1mLinking CXX shared library rosidl_generator_py/assignment1_msgs/assignment1_msgs_s__rosidl_typesupport_fastrtps_c.cpython-38-x86_64-linux-gnu.so[0m
[8.961s] [100%] [32m[1mLinking C shared library rosidl_generator_py/assignment1_msgs/assignment1_msgs_s__rosidl_typesupport_introspection_c.cpython-38-x86_64-linux-gnu.so[0m
[8.977s] [100%] Built target assignment1_msgs__rosidl_typesupport_c__pyext
[9.013s] [100%] Built target assignment1_msgs__rosidl_typesupport_introspection_c__pyext
[9.081s] [100%] Built target assignment1_msgs__rosidl_typesupport_fastrtps_c__pyext
[9.096s] Invoked command in '/home/aditya/rsp/build/assignment1_msgs' returned '0': CMAKE_PREFIX_PATH=/home/aditya/rsp/install/turtles:/home/aditya/rsp/install/robot_gripper:/home/aditya/rsp/install/robot_description:/home/aditya/rsp/install/pnp_actionlib:/home/aditya/rsp/install/pnp_msgs:/home/aditya/rsp/install/gripper_description:/home/aditya/rsp/install/edumip_gazebo:/home/aditya/rsp/install/edumip_description:/home/aditya/rsp/install/assignment1_subpub:/home/aditya/rsp/install/assignment1_srvcli:/home/aditya/rsp/install/assignment1_msgs:/opt/ros/galactic:/home/aditya/catkin_ws/devel:/opt/ros/noetic /usr/bin/cmake --build /home/aditya/rsp/build/assignment1_msgs -- -j8 -l8
[9.188s] Invoking command in '/home/aditya/rsp/build/assignment1_msgs': CMAKE_PREFIX_PATH=/home/aditya/rsp/install/turtles:/home/aditya/rsp/install/robot_gripper:/home/aditya/rsp/install/robot_description:/home/aditya/rsp/install/pnp_actionlib:/home/aditya/rsp/install/pnp_msgs:/home/aditya/rsp/install/gripper_description:/home/aditya/rsp/install/edumip_gazebo:/home/aditya/rsp/install/edumip_description:/home/aditya/rsp/install/assignment1_subpub:/home/aditya/rsp/install/assignment1_srvcli:/home/aditya/rsp/install/assignment1_msgs:/opt/ros/galactic:/home/aditya/catkin_ws/devel:/opt/ros/noetic /usr/bin/cmake --install /home/aditya/rsp/build/assignment1_msgs
[9.198s] -- Install configuration: ""
[9.198s] -- Installing: /home/aditya/rsp/install/assignment1_msgs/share/ament_index/resource_index/rosidl_interfaces/assignment1_msgs
[9.198s] -- Installing: /home/aditya/rsp/install/assignment1_msgs/include/assignment1_msgs
[9.198s] -- Installing: /home/aditya/rsp/install/assignment1_msgs/include/assignment1_msgs/msg
[9.198s] -- Installing: /home/aditya/rsp/install/assignment1_msgs/include/assignment1_msgs/msg/rosidl_generator_c__visibility_control.h
[9.198s] -- Installing: /home/aditya/rsp/install/assignment1_msgs/include/assignment1_msgs/msg/odd_no.h
[9.199s] -- Installing: /home/aditya/rsp/install/assignment1_msgs/include/assignment1_msgs/msg/detail
[9.199s] -- Installing: /home/aditya/rsp/install/assignment1_msgs/include/assignment1_msgs/msg/detail/odd_no__functions.c
[9.199s] -- Installing: /home/aditya/rsp/install/assignment1_msgs/include/assignment1_msgs/msg/detail/odd_no__type_support.h
[9.199s] -- Installing: /home/aditya/rsp/install/assignment1_msgs/include/assignment1_msgs/msg/detail/odd_no__struct.h
[9.199s] -- Installing: /home/aditya/rsp/install/assignment1_msgs/include/assignment1_msgs/msg/detail/odd_no__functions.h
[9.199s] -- Installing: /home/aditya/rsp/install/assignment1_msgs/include/assignment1_msgs/srv
[9.200s] -- Installing: /home/aditya/rsp/install/assignment1_msgs/include/assignment1_msgs/srv/average.h
[9.200s] -- Installing: /home/aditya/rsp/install/assignment1_msgs/include/assignment1_msgs/srv/detail
[9.200s] -- Installing: /home/aditya/rsp/install/assignment1_msgs/include/assignment1_msgs/srv/detail/average__functions.c
[9.200s] -- Installing: /home/aditya/rsp/install/assignment1_msgs/include/assignment1_msgs/srv/detail/average__functions.h
[9.200s] -- Installing: /home/aditya/rsp/install/assignment1_msgs/include/assignment1_msgs/srv/detail/average__struct.h
[9.200s] -- Installing: /home/aditya/rsp/install/assignment1_msgs/include/assignment1_msgs/srv/detail/average__type_support.h
[9.200s] -- Installing: /home/aditya/rsp/install/assignment1_msgs/share/assignment1_msgs/environment/library_path.sh
[9.201s] -- Installing: /home/aditya/rsp/install/assignment1_msgs/share/assignment1_msgs/environment/library_path.dsv
[9.201s] -- Installing: /home/aditya/rsp/install/assignment1_msgs/lib/libassignment1_msgs__rosidl_generator_c.so
[9.201s] -- Set runtime path of "/home/aditya/rsp/install/assignment1_msgs/lib/libassignment1_msgs__rosidl_generator_c.so" to ""
[9.201s] -- Up-to-date: /home/aditya/rsp/install/assignment1_msgs/include/assignment1_msgs
[9.201s] -- Up-to-date: /home/aditya/rsp/install/assignment1_msgs/include/assignment1_msgs/msg
[9.201s] -- Installing: /home/aditya/rsp/install/assignment1_msgs/include/assignment1_msgs/msg/rosidl_typesupport_fastrtps_c__visibility_control.h
[9.201s] -- Up-to-date: /home/aditya/rsp/install/assignment1_msgs/include/assignment1_msgs/msg/detail
[9.202s] -- Installing: /home/aditya/rsp/install/assignment1_msgs/include/assignment1_msgs/msg/detail/odd_no__rosidl_typesupport_fastrtps_c.h
[9.202s] -- Up-to-date: /home/aditya/rsp/install/assignment1_msgs/include/assignment1_msgs/srv
[9.202s] -- Up-to-date: /home/aditya/rsp/install/assignment1_msgs/include/assignment1_msgs/srv/detail
[9.202s] -- Installing: /home/aditya/rsp/install/assignment1_msgs/include/assignment1_msgs/srv/detail/average__rosidl_typesupport_fastrtps_c.h
[9.202s] -- Installing: /home/aditya/rsp/install/assignment1_msgs/lib/libassignment1_msgs__rosidl_typesupport_fastrtps_c.so
[9.203s] -- Set runtime path of "/home/aditya/rsp/install/assignment1_msgs/lib/libassignment1_msgs__rosidl_typesupport_fastrtps_c.so" to ""
[9.203s] -- Up-to-date: /home/aditya/rsp/install/assignment1_msgs/include/assignment1_msgs
[9.203s] -- Up-to-date: /home/aditya/rsp/install/assignment1_msgs/include/assignment1_msgs/msg
[9.203s] -- Installing: /home/aditya/rsp/install/assignment1_msgs/include/assignment1_msgs/msg/rosidl_typesupport_fastrtps_cpp__visibility_control.h
[9.204s] -- Up-to-date: /home/aditya/rsp/install/assignment1_msgs/include/assignment1_msgs/msg/detail
[9.204s] -- Installing: /home/aditya/rsp/install/assignment1_msgs/include/assignment1_msgs/msg/detail/dds_fastrtps
[9.204s] -- Installing: /home/aditya/rsp/install/assignment1_msgs/include/assignment1_msgs/msg/detail/odd_no__rosidl_typesupport_fastrtps_cpp.hpp
[9.204s] -- Up-to-date: /home/aditya/rsp/install/assignment1_msgs/include/assignment1_msgs/srv
[9.204s] -- Up-to-date: /home/aditya/rsp/install/assignment1_msgs/include/assignment1_msgs/srv/detail
[9.204s] -- Installing: /home/aditya/rsp/install/assignment1_msgs/include/assignment1_msgs/srv/detail/dds_fastrtps
[9.204s] -- Installing: /home/aditya/rsp/install/assignment1_msgs/include/assignment1_msgs/srv/detail/average__rosidl_typesupport_fastrtps_cpp.hpp
[9.205s] -- Installing: /home/aditya/rsp/install/assignment1_msgs/lib/libassignment1_msgs__rosidl_typesupport_fastrtps_cpp.so
[9.205s] -- Set runtime path of "/home/aditya/rsp/install/assignment1_msgs/lib/libassignment1_msgs__rosidl_typesupport_fastrtps_cpp.so" to ""
[9.205s] -- Up-to-date: /home/aditya/rsp/install/assignment1_msgs/include/assignment1_msgs
[9.205s] -- Up-to-date: /home/aditya/rsp/install/assignment1_msgs/include/assignment1_msgs/msg
[9.205s] -- Installing: /home/aditya/rsp/install/assignment1_msgs/include/assignment1_msgs/msg/rosidl_typesupport_introspection_c__visibility_control.h
[9.205s] -- Up-to-date: /home/aditya/rsp/install/assignment1_msgs/include/assignment1_msgs/msg/detail
[9.205s] -- Installing: /home/aditya/rsp/install/assignment1_msgs/include/assignment1_msgs/msg/detail/odd_no__rosidl_typesupport_introspection_c.h
[9.206s] -- Installing: /home/aditya/rsp/install/assignment1_msgs/include/assignment1_msgs/msg/detail/odd_no__type_support.c
[9.206s] -- Up-to-date: /home/aditya/rsp/install/assignment1_msgs/include/assignment1_msgs/srv
[9.206s] -- Up-to-date: /home/aditya/rsp/install/assignment1_msgs/include/assignment1_msgs/srv/detail
[9.206s] -- Installing: /home/aditya/rsp/install/assignment1_msgs/include/assignment1_msgs/srv/detail/average__rosidl_typesupport_introspection_c.h
[9.206s] -- Installing: /home/aditya/rsp/install/assignment1_msgs/include/assignment1_msgs/srv/detail/average__type_support.c
[9.206s] -- Installing: /home/aditya/rsp/install/assignment1_msgs/lib/libassignment1_msgs__rosidl_typesupport_introspection_c.so
[9.206s] -- Set runtime path of "/home/aditya/rsp/install/assignment1_msgs/lib/libassignment1_msgs__rosidl_typesupport_introspection_c.so" to ""
[9.207s] -- Installing: /home/aditya/rsp/install/assignment1_msgs/lib/libassignment1_msgs__rosidl_typesupport_c.so
[9.207s] -- Set runtime path of "/home/aditya/rsp/install/assignment1_msgs/lib/libassignment1_msgs__rosidl_typesupport_c.so" to ""
[9.207s] -- Up-to-date: /home/aditya/rsp/install/assignment1_msgs/include/assignment1_msgs
[9.207s] -- Up-to-date: /home/aditya/rsp/install/assignment1_msgs/include/assignment1_msgs/msg
[9.207s] -- Installing: /home/aditya/rsp/install/assignment1_msgs/include/assignment1_msgs/msg/odd_no.hpp
[9.207s] -- Up-to-date: /home/aditya/rsp/install/assignment1_msgs/include/assignment1_msgs/msg/detail
[9.207s] -- Installing: /home/aditya/rsp/install/assignment1_msgs/include/assignment1_msgs/msg/detail/odd_no__traits.hpp
[9.208s] -- Installing: /home/aditya/rsp/install/assignment1_msgs/include/assignment1_msgs/msg/detail/odd_no__builder.hpp
[9.208s] -- Installing: /home/aditya/rsp/install/assignment1_msgs/include/assignment1_msgs/msg/detail/odd_no__struct.hpp
[9.208s] -- Up-to-date: /home/aditya/rsp/install/assignment1_msgs/include/assignment1_msgs/srv
[9.208s] -- Installing: /home/aditya/rsp/install/assignment1_msgs/include/assignment1_msgs/srv/average.hpp
[9.208s] -- Up-to-date: /home/aditya/rsp/install/assignment1_msgs/include/assignment1_msgs/srv/detail
[9.208s] -- Installing: /home/aditya/rsp/install/assignment1_msgs/include/assignment1_msgs/srv/detail/average__traits.hpp
[9.208s] -- Installing: /home/aditya/rsp/install/assignment1_msgs/include/assignment1_msgs/srv/detail/average__struct.hpp
[9.209s] -- Installing: /home/aditya/rsp/install/assignment1_msgs/include/assignment1_msgs/srv/detail/average__builder.hpp
[9.209s] -- Up-to-date: /home/aditya/rsp/install/assignment1_msgs/include/assignment1_msgs
[9.209s] -- Up-to-date: /home/aditya/rsp/install/assignment1_msgs/include/assignment1_msgs/msg
[9.209s] -- Up-to-date: /home/aditya/rsp/install/assignment1_msgs/include/assignment1_msgs/msg/detail
[9.209s] -- Installing: /home/aditya/rsp/install/assignment1_msgs/include/assignment1_msgs/msg/detail/odd_no__rosidl_typesupport_introspection_cpp.hpp
[9.209s] -- Installing: /home/aditya/rsp/install/assignment1_msgs/include/assignment1_msgs/msg/detail/odd_no__type_support.cpp
[9.209s] -- Up-to-date: /home/aditya/rsp/install/assignment1_msgs/include/assignment1_msgs/srv
[9.209s] -- Up-to-date: /home/aditya/rsp/install/assignment1_msgs/include/assignment1_msgs/srv/detail
[9.210s] -- Installing: /home/aditya/rsp/install/assignment1_msgs/include/assignment1_msgs/srv/detail/average__type_support.cpp
[9.210s] -- Installing: /home/aditya/rsp/install/assignment1_msgs/include/assignment1_msgs/srv/detail/average__rosidl_typesupport_introspection_cpp.hpp
[9.210s] -- Installing: /home/aditya/rsp/install/assignment1_msgs/lib/libassignment1_msgs__rosidl_typesupport_introspection_cpp.so
[9.210s] -- Set runtime path of "/home/aditya/rsp/install/assignment1_msgs/lib/libassignment1_msgs__rosidl_typesupport_introspection_cpp.so" to ""
[9.210s] -- Installing: /home/aditya/rsp/install/assignment1_msgs/lib/libassignment1_msgs__rosidl_typesupport_cpp.so
[9.210s] -- Set runtime path of "/home/aditya/rsp/install/assignment1_msgs/lib/libassignment1_msgs__rosidl_typesupport_cpp.so" to ""
[9.210s] -- Installing: /home/aditya/rsp/install/assignment1_msgs/share/assignment1_msgs/environment/pythonpath.sh
[9.210s] -- Installing: /home/aditya/rsp/install/assignment1_msgs/share/assignment1_msgs/environment/pythonpath.dsv
[9.211s] -- Installing: /home/aditya/rsp/install/assignment1_msgs/lib/python3.8/site-packages/assignment1_msgs/__init__.py
[9.244s] Compiling '/home/aditya/rsp/install/assignment1_msgs/lib/python3.8/site-packages/assignment1_msgs/__init__.py'...
[9.249s] -- Installing: /home/aditya/rsp/install/assignment1_msgs/lib/python3.8/site-packages/assignment1_msgs/msg
[9.250s] -- Installing: /home/aditya/rsp/install/assignment1_msgs/lib/python3.8/site-packages/assignment1_msgs/msg/__init__.py
[9.250s] -- Installing: /home/aditya/rsp/install/assignment1_msgs/lib/python3.8/site-packages/assignment1_msgs/msg/_odd_no_s.c
[9.250s] -- Installing: /home/aditya/rsp/install/assignment1_msgs/lib/python3.8/site-packages/assignment1_msgs/msg/_odd_no.py
[9.250s] -- Installing: /home/aditya/rsp/install/assignment1_msgs/lib/python3.8/site-packages/assignment1_msgs/srv
[9.250s] -- Installing: /home/aditya/rsp/install/assignment1_msgs/lib/python3.8/site-packages/assignment1_msgs/srv/__init__.py
[9.250s] -- Installing: /home/aditya/rsp/install/assignment1_msgs/lib/python3.8/site-packages/assignment1_msgs/srv/_average_s.c
[9.251s] -- Installing: /home/aditya/rsp/install/assignment1_msgs/lib/python3.8/site-packages/assignment1_msgs/srv/_average.py
[9.251s] -- Installing: /home/aditya/rsp/install/assignment1_msgs/lib/python3.8/site-packages/assignment1_msgs/assignment1_msgs_s__rosidl_typesupport_fastrtps_c.cpython-38-x86_64-linux-gnu.so
[9.251s] -- Set runtime path of "/home/aditya/rsp/install/assignment1_msgs/lib/python3.8/site-packages/assignment1_msgs/assignment1_msgs_s__rosidl_typesupport_fastrtps_c.cpython-38-x86_64-linux-gnu.so" to ""
[9.251s] -- Installing: /home/aditya/rsp/install/assignment1_msgs/lib/python3.8/site-packages/assignment1_msgs/assignment1_msgs_s__rosidl_typesupport_introspection_c.cpython-38-x86_64-linux-gnu.so
[9.252s] -- Set runtime path of "/home/aditya/rsp/install/assignment1_msgs/lib/python3.8/site-packages/assignment1_msgs/assignment1_msgs_s__rosidl_typesupport_introspection_c.cpython-38-x86_64-linux-gnu.so" to ""
[9.252s] -- Installing: /home/aditya/rsp/install/assignment1_msgs/lib/python3.8/site-packages/assignment1_msgs/assignment1_msgs_s__rosidl_typesupport_c.cpython-38-x86_64-linux-gnu.so
[9.253s] -- Set runtime path of "/home/aditya/rsp/install/assignment1_msgs/lib/python3.8/site-packages/assignment1_msgs/assignment1_msgs_s__rosidl_typesupport_c.cpython-38-x86_64-linux-gnu.so" to ""
[9.253s] -- Installing: /home/aditya/rsp/install/assignment1_msgs/lib/libassignment1_msgs__python.so
[9.254s] -- Set runtime path of "/home/aditya/rsp/install/assignment1_msgs/lib/libassignment1_msgs__python.so" to ""
[9.254s] -- Installing: /home/aditya/rsp/install/assignment1_msgs/share/assignment1_msgs/msg/OddNo.idl
[9.254s] -- Installing: /home/aditya/rsp/install/assignment1_msgs/share/assignment1_msgs/srv/Average.idl
[9.254s] -- Installing: /home/aditya/rsp/install/assignment1_msgs/share/assignment1_msgs/msg/OddNo.msg
[9.254s] -- Installing: /home/aditya/rsp/install/assignment1_msgs/share/assignment1_msgs/srv/Average.srv
[9.254s] -- Installing: /home/aditya/rsp/install/assignment1_msgs/share/assignment1_msgs/srv/Average_Request.msg
[9.254s] -- Installing: /home/aditya/rsp/install/assignment1_msgs/share/assignment1_msgs/srv/Average_Response.msg
[9.255s] -- Installing: /home/aditya/rsp/install/assignment1_msgs/share/ament_index/resource_index/package_run_dependencies/assignment1_msgs
[9.255s] -- Installing: /home/aditya/rsp/install/assignment1_msgs/share/ament_index/resource_index/parent_prefix_path/assignment1_msgs
[9.255s] -- Installing: /home/aditya/rsp/install/assignment1_msgs/share/assignment1_msgs/environment/ament_prefix_path.sh
[9.255s] -- Installing: /home/aditya/rsp/install/assignment1_msgs/share/assignment1_msgs/environment/ament_prefix_path.dsv
[9.255s] -- Installing: /home/aditya/rsp/install/assignment1_msgs/share/assignment1_msgs/environment/path.sh
[9.256s] -- Installing: /home/aditya/rsp/install/assignment1_msgs/share/assignment1_msgs/environment/path.dsv
[9.256s] -- Installing: /home/aditya/rsp/install/assignment1_msgs/share/assignment1_msgs/local_setup.bash
[9.256s] -- Installing: /home/aditya/rsp/install/assignment1_msgs/share/assignment1_msgs/local_setup.sh
[9.256s] -- Installing: /home/aditya/rsp/install/assignment1_msgs/share/assignment1_msgs/local_setup.zsh
[9.256s] -- Installing: /home/aditya/rsp/install/assignment1_msgs/share/assignment1_msgs/local_setup.dsv
[9.256s] -- Installing: /home/aditya/rsp/install/assignment1_msgs/share/assignment1_msgs/package.dsv
[9.257s] -- Installing: /home/aditya/rsp/install/assignment1_msgs/share/ament_index/resource_index/packages/assignment1_msgs
[9.257s] -- Installing: /home/aditya/rsp/install/assignment1_msgs/share/assignment1_msgs/cmake/assignment1_msgs__rosidl_generator_cExport.cmake
[9.257s] -- Installing: /home/aditya/rsp/install/assignment1_msgs/share/assignment1_msgs/cmake/assignment1_msgs__rosidl_generator_cExport-noconfig.cmake
[9.257s] -- Installing: /home/aditya/rsp/install/assignment1_msgs/share/assignment1_msgs/cmake/assignment1_msgs__rosidl_typesupport_introspection_cExport.cmake
[9.257s] -- Installing: /home/aditya/rsp/install/assignment1_msgs/share/assignment1_msgs/cmake/assignment1_msgs__rosidl_typesupport_introspection_cExport-noconfig.cmake
[9.258s] -- Installing: /home/aditya/rsp/install/assignment1_msgs/share/assignment1_msgs/cmake/assignment1_msgs__rosidl_typesupport_cExport.cmake
[9.258s] -- Installing: /home/aditya/rsp/install/assignment1_msgs/share/assignment1_msgs/cmake/assignment1_msgs__rosidl_typesupport_cExport-noconfig.cmake
[9.258s] -- Installing: /home/aditya/rsp/install/assignment1_msgs/share/assignment1_msgs/cmake/assignment1_msgs__rosidl_generator_cppExport.cmake
[9.258s] -- Installing: /home/aditya/rsp/install/assignment1_msgs/share/assignment1_msgs/cmake/assignment1_msgs__rosidl_typesupport_introspection_cppExport.cmake
[9.258s] -- Installing: /home/aditya/rsp/install/assignment1_msgs/share/assignment1_msgs/cmake/assignment1_msgs__rosidl_typesupport_introspection_cppExport-noconfig.cmake
[9.259s] -- Installing: /home/aditya/rsp/install/assignment1_msgs/share/assignment1_msgs/cmake/assignment1_msgs__rosidl_typesupport_cppExport.cmake
[9.259s] -- Installing: /home/aditya/rsp/install/assignment1_msgs/share/assignment1_msgs/cmake/assignment1_msgs__rosidl_typesupport_cppExport-noconfig.cmake
[9.259s] -- Installing: /home/aditya/rsp/install/assignment1_msgs/share/assignment1_msgs/cmake/rosidl_cmake-extras.cmake
[9.259s] -- Installing: /home/aditya/rsp/install/assignment1_msgs/share/assignment1_msgs/cmake/ament_cmake_export_dependencies-extras.cmake
[9.260s] -- Installing: /home/aditya/rsp/install/assignment1_msgs/share/assignment1_msgs/cmake/ament_cmake_export_libraries-extras.cmake
[9.260s] -- Installing: /home/aditya/rsp/install/assignment1_msgs/share/assignment1_msgs/cmake/ament_cmake_export_targets-extras.cmake
[9.260s] -- Installing: /home/aditya/rsp/install/assignment1_msgs/share/assignment1_msgs/cmake/ament_cmake_export_include_directories-extras.cmake
[9.260s] -- Installing: /home/aditya/rsp/install/assignment1_msgs/share/assignment1_msgs/cmake/rosidl_cmake_export_typesupport_libraries-extras.cmake
[9.260s] -- Installing: /home/aditya/rsp/install/assignment1_msgs/share/assignment1_msgs/cmake/rosidl_cmake_export_typesupport_targets-extras.cmake
[9.261s] -- Installing: /home/aditya/rsp/install/assignment1_msgs/share/assignment1_msgs/cmake/assignment1_msgsConfig.cmake
[9.261s] -- Installing: /home/aditya/rsp/install/assignment1_msgs/share/assignment1_msgs/cmake/assignment1_msgsConfig-version.cmake
[9.261s] -- Installing: /home/aditya/rsp/install/assignment1_msgs/share/assignment1_msgs/package.xml
[9.268s] Invoked command in '/home/aditya/rsp/build/assignment1_msgs' returned '0': CMAKE_PREFIX_PATH=/home/aditya/rsp/install/turtles:/home/aditya/rsp/install/robot_gripper:/home/aditya/rsp/install/robot_description:/home/aditya/rsp/install/pnp_actionlib:/home/aditya/rsp/install/pnp_msgs:/home/aditya/rsp/install/gripper_description:/home/aditya/rsp/install/edumip_gazebo:/home/aditya/rsp/install/edumip_description:/home/aditya/rsp/install/assignment1_subpub:/home/aditya/rsp/install/assignment1_srvcli:/home/aditya/rsp/install/assignment1_msgs:/opt/ros/galactic:/home/aditya/catkin_ws/devel:/opt/ros/noetic /usr/bin/cmake --install /home/aditya/rsp/build/assignment1_msgs
