[0.042s] Invoking command in '/home/aditya/rsp/build/robot_gripper': CMAKE_PREFIX_PATH=/home/aditya/rsp/install/robot_description:/home/aditya/rsp/install/gripper_description:/home/aditya/rsp/install/turtles:/home/aditya/rsp/install/robot_gripper:/home/aditya/rsp/install/pnp_actionlib:/home/aditya/rsp/install/pnp_msgs:/home/aditya/rsp/install/edumip_gazebo:/home/aditya/rsp/install/edumip_description:/home/aditya/rsp/install/assignment1_subpub:/home/aditya/rsp/install/assignment1_srvcli:/home/aditya/rsp/install/assignment1_msgs:/opt/ros/galactic:/home/aditya/catkin_ws/devel:/opt/ros/noetic /usr/bin/cmake /home/aditya/rsp/rrohan2/04/robot_gripper -DCMAKE_INSTALL_PREFIX=/home/aditya/rsp/install/robot_gripper
[0.190s] -- The C compiler identification is GNU 9.4.0
[0.333s] -- The CXX compiler identification is GNU 9.4.0
[0.344s] -- Check for working C compiler: /usr/bin/cc
[0.502s] -- Check for working C compiler: /usr/bin/cc -- works
[0.504s] -- Detecting C compiler ABI info
[0.691s] -- Detecting C compiler ABI info - done
[0.714s] -- Detecting C compile features
[0.715s] -- Detecting C compile features - done
[0.720s] -- Check for working CXX compiler: /usr/bin/c++
[0.946s] -- Check for working CXX compiler: /usr/bin/c++ -- works
[0.949s] -- Detecting CXX compiler ABI info
[1.311s] -- Detecting CXX compiler ABI info - done
[1.350s] -- Detecting CXX compile features
[1.351s] -- Detecting CXX compile features - done
[1.355s] -- Found ament_cmake: 1.1.6 (/opt/ros/galactic/share/ament_cmake/cmake)
[1.467s] -- Found PythonInterp: /usr/bin/python3 (found suitable version "3.8.10", minimum required is "3") 
[1.467s] -- Using PYTHON_EXECUTABLE: /usr/bin/python3
[1.666s] -- Found robot_state_publisher: 2.5.3 (/opt/ros/galactic/share/robot_state_publisher/cmake)
[1.773s] -- Using all available rosidl_typesupport_c: rosidl_typesupport_fastrtps_c;rosidl_typesupport_introspection_c
[1.802s] -- Found rosidl_adapter: 2.2.3 (/opt/ros/galactic/share/rosidl_adapter/cmake)
[2.228s] -- Found OpenSSL: /usr/lib/x86_64-linux-gnu/libcrypto.so (found version "1.1.1f")  
[2.302s] -- Found FastRTPS: /opt/ros/galactic/include  
[2.484s] -- Using all available rosidl_typesupport_cpp: rosidl_typesupport_fastrtps_cpp;rosidl_typesupport_introspection_cpp
[2.563s] -- Found eigen3_cmake_module: 0.1.1 (/opt/ros/galactic/share/eigen3_cmake_module/cmake)
[2.571s] -- Found Eigen3: TRUE (found version "3.3.7") 
[2.712s] -- Found rmw_implementation_cmake: 3.3.1 (/opt/ros/galactic/share/rmw_implementation_cmake/cmake)
[2.718s] -- Found rmw_cyclonedds_cpp: 0.22.6 (/opt/ros/galactic/share/rmw_cyclonedds_cpp/cmake)
[2.762s] -- Using RMW implementation 'rmw_cyclonedds_cpp' as default
[2.765s] -- Looking for pthread.h
[3.120s] -- Looking for pthread.h - found
[3.122s] -- Performing Test CMAKE_HAVE_LIBC_PTHREAD
[3.414s] -- Performing Test CMAKE_HAVE_LIBC_PTHREAD - Failed
[3.414s] -- Looking for pthread_create in pthreads
[3.628s] -- Looking for pthread_create in pthreads - not found
[3.629s] -- Looking for pthread_create in pthread
[3.804s] -- Looking for pthread_create in pthread - found
[3.807s] -- Found Threads: TRUE  
[5.055s] -- Found gripper_description: 0.0.0 (/home/aditya/rsp/install/gripper_description/share/gripper_description/cmake)
[5.056s] -- Found robot_description: 0.0.0 (/home/aditya/rsp/install/robot_description/share/robot_description/cmake)
[5.059s] -- Found ament_lint_auto: 0.10.7 (/opt/ros/galactic/share/ament_lint_auto/cmake)
[5.206s] -- Added test 'copyright' to check source files copyright and LICENSE
[5.211s] -- Added test 'flake8' to check Python code syntax and style conventions
[5.212s] -- Added test 'lint_cmake' to check CMake code style
[5.214s] -- Added test 'pep257' to check Python code against some of the style conventions in PEP 257
[5.223s] -- Added test 'xmllint' to check XML markup files
[5.223s] -- Configuring done
[5.228s] -- Generating done
[5.228s] -- Build files have been written to: /home/aditya/rsp/build/robot_gripper
[5.248s] Invoked command in '/home/aditya/rsp/build/robot_gripper' returned '0': CMAKE_PREFIX_PATH=/home/aditya/rsp/install/robot_description:/home/aditya/rsp/install/gripper_description:/home/aditya/rsp/install/turtles:/home/aditya/rsp/install/robot_gripper:/home/aditya/rsp/install/pnp_actionlib:/home/aditya/rsp/install/pnp_msgs:/home/aditya/rsp/install/edumip_gazebo:/home/aditya/rsp/install/edumip_description:/home/aditya/rsp/install/assignment1_subpub:/home/aditya/rsp/install/assignment1_srvcli:/home/aditya/rsp/install/assignment1_msgs:/opt/ros/galactic:/home/aditya/catkin_ws/devel:/opt/ros/noetic /usr/bin/cmake /home/aditya/rsp/rrohan2/04/robot_gripper -DCMAKE_INSTALL_PREFIX=/home/aditya/rsp/install/robot_gripper
[5.254s] Invoking command in '/home/aditya/rsp/build/robot_gripper': CMAKE_PREFIX_PATH=/home/aditya/rsp/install/robot_description:/home/aditya/rsp/install/gripper_description:/home/aditya/rsp/install/turtles:/home/aditya/rsp/install/robot_gripper:/home/aditya/rsp/install/pnp_actionlib:/home/aditya/rsp/install/pnp_msgs:/home/aditya/rsp/install/edumip_gazebo:/home/aditya/rsp/install/edumip_description:/home/aditya/rsp/install/assignment1_subpub:/home/aditya/rsp/install/assignment1_srvcli:/home/aditya/rsp/install/assignment1_msgs:/opt/ros/galactic:/home/aditya/catkin_ws/devel:/opt/ros/noetic /usr/bin/cmake --build /home/aditya/rsp/build/robot_gripper -- -j8 -l8
[5.334s] Invoked command in '/home/aditya/rsp/build/robot_gripper' returned '0': CMAKE_PREFIX_PATH=/home/aditya/rsp/install/robot_description:/home/aditya/rsp/install/gripper_description:/home/aditya/rsp/install/turtles:/home/aditya/rsp/install/robot_gripper:/home/aditya/rsp/install/pnp_actionlib:/home/aditya/rsp/install/pnp_msgs:/home/aditya/rsp/install/edumip_gazebo:/home/aditya/rsp/install/edumip_description:/home/aditya/rsp/install/assignment1_subpub:/home/aditya/rsp/install/assignment1_srvcli:/home/aditya/rsp/install/assignment1_msgs:/opt/ros/galactic:/home/aditya/catkin_ws/devel:/opt/ros/noetic /usr/bin/cmake --build /home/aditya/rsp/build/robot_gripper -- -j8 -l8
[5.380s] Invoking command in '/home/aditya/rsp/build/robot_gripper': CMAKE_PREFIX_PATH=/home/aditya/rsp/install/robot_description:/home/aditya/rsp/install/gripper_description:/home/aditya/rsp/install/turtles:/home/aditya/rsp/install/robot_gripper:/home/aditya/rsp/install/pnp_actionlib:/home/aditya/rsp/install/pnp_msgs:/home/aditya/rsp/install/edumip_gazebo:/home/aditya/rsp/install/edumip_description:/home/aditya/rsp/install/assignment1_subpub:/home/aditya/rsp/install/assignment1_srvcli:/home/aditya/rsp/install/assignment1_msgs:/opt/ros/galactic:/home/aditya/catkin_ws/devel:/opt/ros/noetic /usr/bin/cmake --install /home/aditya/rsp/build/robot_gripper
[5.398s] -- Install configuration: ""
[5.398s] -- Installing: /home/aditya/rsp/install/robot_gripper/share/robot_gripper/rviz
[5.398s] -- Installing: /home/aditya/rsp/install/robot_gripper/share/robot_gripper/rviz/config.rviz
[5.399s] -- Installing: /home/aditya/rsp/install/robot_gripper/share/robot_gripper/launch
[5.399s] -- Installing: /home/aditya/rsp/install/robot_gripper/share/robot_gripper/launch/robot_gripper.launch.py
[5.399s] -- Installing: /home/aditya/rsp/install/robot_gripper/share/robot_gripper/launch/__pycache__
[5.399s] -- Installing: /home/aditya/rsp/install/robot_gripper/share/robot_gripper/launch/__pycache__/robot_gripper.launch.cpython-38.pyc
[5.399s] -- Installing: /home/aditya/rsp/install/robot_gripper/share/ament_index/resource_index/package_run_dependencies/robot_gripper
[5.399s] -- Installing: /home/aditya/rsp/install/robot_gripper/share/ament_index/resource_index/parent_prefix_path/robot_gripper
[5.400s] -- Installing: /home/aditya/rsp/install/robot_gripper/share/robot_gripper/environment/ament_prefix_path.sh
[5.400s] -- Installing: /home/aditya/rsp/install/robot_gripper/share/robot_gripper/environment/ament_prefix_path.dsv
[5.400s] -- Installing: /home/aditya/rsp/install/robot_gripper/share/robot_gripper/environment/path.sh
[5.401s] -- Installing: /home/aditya/rsp/install/robot_gripper/share/robot_gripper/environment/path.dsv
[5.401s] -- Installing: /home/aditya/rsp/install/robot_gripper/share/robot_gripper/local_setup.bash
[5.401s] -- Installing: /home/aditya/rsp/install/robot_gripper/share/robot_gripper/local_setup.sh
[5.401s] -- Installing: /home/aditya/rsp/install/robot_gripper/share/robot_gripper/local_setup.zsh
[5.401s] -- Installing: /home/aditya/rsp/install/robot_gripper/share/robot_gripper/local_setup.dsv
[5.402s] -- Installing: /home/aditya/rsp/install/robot_gripper/share/robot_gripper/package.dsv
[5.402s] -- Installing: /home/aditya/rsp/install/robot_gripper/share/ament_index/resource_index/packages/robot_gripper
[5.402s] -- Installing: /home/aditya/rsp/install/robot_gripper/share/robot_gripper/cmake/robot_gripperConfig.cmake
[5.402s] -- Installing: /home/aditya/rsp/install/robot_gripper/share/robot_gripper/cmake/robot_gripperConfig-version.cmake
[5.403s] -- Installing: /home/aditya/rsp/install/robot_gripper/share/robot_gripper/package.xml
[5.410s] Invoked command in '/home/aditya/rsp/build/robot_gripper' returned '0': CMAKE_PREFIX_PATH=/home/aditya/rsp/install/robot_description:/home/aditya/rsp/install/gripper_description:/home/aditya/rsp/install/turtles:/home/aditya/rsp/install/robot_gripper:/home/aditya/rsp/install/pnp_actionlib:/home/aditya/rsp/install/pnp_msgs:/home/aditya/rsp/install/edumip_gazebo:/home/aditya/rsp/install/edumip_description:/home/aditya/rsp/install/assignment1_subpub:/home/aditya/rsp/install/assignment1_srvcli:/home/aditya/rsp/install/assignment1_msgs:/opt/ros/galactic:/home/aditya/catkin_ws/devel:/opt/ros/noetic /usr/bin/cmake --install /home/aditya/rsp/build/robot_gripper
