-- The C compiler identification is GNU 9.4.0
-- The CXX compiler identification is GNU 9.4.0
-- Check for working C compiler: /usr/bin/cc
-- Check for working C compiler: /usr/bin/cc -- works
-- Detecting C compiler ABI info
-- Detecting C compiler ABI info - done
-- Detecting C compile features
-- Detecting C compile features - done
-- Check for working CXX compiler: /usr/bin/c++
-- Check for working CXX compiler: /usr/bin/c++ -- works
-- Detecting CXX compiler ABI info
-- Detecting CXX compiler ABI info - done
-- Detecting CXX compile features
-- Detecting CXX compile features - done
-- Found ament_cmake: 1.1.6 (/opt/ros/galactic/share/ament_cmake/cmake)
-- Found PythonInterp: /usr/bin/python3 (found suitable version "3.8.10", minimum required is "3") 
-- Using PYTHON_EXECUTABLE: /usr/bin/python3
-- Found rosidl_default_generators: 1.1.1 (/opt/ros/galactic/share/rosidl_default_generators/cmake)
-- Using all available rosidl_typesupport_c: rosidl_typesupport_fastrtps_c;rosidl_typesupport_introspection_c
-- Found rosidl_adapter: 2.2.3 (/opt/ros/galactic/share/rosidl_adapter/cmake)
-- Found OpenSSL: /usr/lib/x86_64-linux-gnu/libcrypto.so (found version "1.1.1f")  
-- Found FastRTPS: /opt/ros/galactic/include  
-- Using all available rosidl_typesupport_cpp: rosidl_typesupport_fastrtps_cpp;rosidl_typesupport_introspection_cpp
-- Found PythonInterp: /usr/bin/python3 (found version "3.8.10") 
-- Found ament_cmake_ros: 0.9.2 (/opt/ros/galactic/share/ament_cmake_ros/cmake)
-- Using all available rosidl_typesupport_c: rosidl_typesupport_fastrtps_c;rosidl_typesupport_introspection_c
-- Using all available rosidl_typesupport_cpp: rosidl_typesupport_fastrtps_cpp;rosidl_typesupport_introspection_cpp
-- Found PythonInterp: /usr/bin/python3 (found suitable version "3.8.10", minimum required is "3.5") 
-- Found python_cmake_module: 0.8.1 (/opt/ros/galactic/share/python_cmake_module/cmake)
-- Found PythonLibs: /usr/lib/x86_64-linux-gnu/libpython3.8.so (found suitable version "3.8.10", minimum required is "3.5") 
-- Using PYTHON_EXECUTABLE: /usr/bin/python3
-- Using PYTHON_INCLUDE_DIRS: /usr/include/python3.8
-- Using PYTHON_LIBRARIES: /usr/lib/x86_64-linux-gnu/libpython3.8.so
-- Found PythonExtra: .so  
-- Found ament_lint_auto: 0.10.7 (/opt/ros/galactic/share/ament_lint_auto/cmake)
-- Added test 'copyright' to check source files copyright and LICENSE
-- Added test 'lint_cmake' to check CMake code style
-- Added test 'xmllint' to check XML markup files
-- Configuring done
-- Generating done
-- Build files have been written to: /home/ritwik/rsp/build/assignment1_msgs
[  2%] [34m[1mGenerating C code for ROS interfaces[0m
[35m[1mScanning dependencies of target assignment1_msgs__cpp[0m
[  5%] [34m[1mGenerating C++ code for ROS interfaces[0m
[35m[1mScanning dependencies of target assignment1_msgs__rosidl_generator_c[0m
[  7%] [32mBuilding C object CMakeFiles/assignment1_msgs__rosidl_generator_c.dir/rosidl_generator_c/assignment1_msgs/msg/detail/odd_no__functions.c.o[0m
[  7%] Built target assignment1_msgs__cpp
[ 10%] [32mBuilding C object CMakeFiles/assignment1_msgs__rosidl_generator_c.dir/rosidl_generator_c/assignment1_msgs/srv/detail/average__functions.c.o[0m
[ 12%] [34m[1mGenerating C++ introspection for ROS interfaces[0m
[ 15%] [34m[1mGenerating C++ type support dispatch for ROS interfaces[0m
[ 17%] [34m[1mGenerating C++ type support for eProsima Fast-RTPS[0m
[ 20%] [32m[1mLinking C shared library libassignment1_msgs__rosidl_generator_c.so[0m
[ 20%] Built target assignment1_msgs__rosidl_generator_c
[ 23%] [34m[1mGenerating C introspection for ROS interfaces[0m
[ 25%] [34m[1mGenerating C type support dispatch for ROS interfaces[0m
[35m[1mScanning dependencies of target assignment1_msgs__rosidl_typesupport_cpp[0m
[ 30%] [32mBuilding CXX object CMakeFiles/assignment1_msgs__rosidl_typesupport_cpp.dir/rosidl_typesupport_cpp/assignment1_msgs/srv/average__type_support.cpp.o[0m
[ 30%] [32mBuilding CXX object CMakeFiles/assignment1_msgs__rosidl_typesupport_cpp.dir/rosidl_typesupport_cpp/assignment1_msgs/msg/odd_no__type_support.cpp.o[0m
[35m[1mScanning dependencies of target assignment1_msgs__rosidl_typesupport_introspection_cpp[0m
[ 33%] [32mBuilding CXX object CMakeFiles/assignment1_msgs__rosidl_typesupport_introspection_cpp.dir/rosidl_typesupport_introspection_cpp/assignment1_msgs/msg/detail/odd_no__type_support.cpp.o[0m
[ 35%] [32mBuilding CXX object CMakeFiles/assignment1_msgs__rosidl_typesupport_introspection_cpp.dir/rosidl_typesupport_introspection_cpp/assignment1_msgs/srv/detail/average__type_support.cpp.o[0m
[35m[1mScanning dependencies of target assignment1_msgs__rosidl_typesupport_fastrtps_cpp[0m
[35m[1mScanning dependencies of target assignment1_msgs__rosidl_typesupport_c[0m
[ 38%] [32mBuilding CXX object CMakeFiles/assignment1_msgs__rosidl_typesupport_c.dir/rosidl_typesupport_c/assignment1_msgs/msg/odd_no__type_support.cpp.o[0m
[ 41%] [32mBuilding CXX object CMakeFiles/assignment1_msgs__rosidl_typesupport_fastrtps_cpp.dir/rosidl_typesupport_fastrtps_cpp/assignment1_msgs/msg/detail/dds_fastrtps/odd_no__type_support.cpp.o[0m
[ 43%] [32mBuilding CXX object CMakeFiles/assignment1_msgs__rosidl_typesupport_fastrtps_cpp.dir/rosidl_typesupport_fastrtps_cpp/assignment1_msgs/srv/detail/dds_fastrtps/average__type_support.cpp.o[0m
[35m[1mScanning dependencies of target assignment1_msgs__rosidl_typesupport_introspection_c[0m
[ 46%] [32mBuilding CXX object CMakeFiles/assignment1_msgs__rosidl_typesupport_c.dir/rosidl_typesupport_c/assignment1_msgs/srv/average__type_support.cpp.o[0m
[ 48%] [32mBuilding C object CMakeFiles/assignment1_msgs__rosidl_typesupport_introspection_c.dir/rosidl_typesupport_introspection_c/assignment1_msgs/msg/detail/odd_no__type_support.c.o[0m
[ 51%] [32m[1mLinking CXX shared library libassignment1_msgs__rosidl_typesupport_c.so[0m
[ 53%] [32mBuilding C object CMakeFiles/assignment1_msgs__rosidl_typesupport_introspection_c.dir/rosidl_typesupport_introspection_c/assignment1_msgs/srv/detail/average__type_support.c.o[0m
[ 56%] [32m[1mLinking CXX shared library libassignment1_msgs__rosidl_typesupport_cpp.so[0m
[ 56%] Built target assignment1_msgs__rosidl_typesupport_c
[ 58%] [32m[1mLinking C shared library libassignment1_msgs__rosidl_typesupport_introspection_c.so[0m
[ 58%] Built target assignment1_msgs__rosidl_typesupport_cpp
[ 58%] Built target assignment1_msgs__rosidl_typesupport_introspection_c
[ 61%] [32m[1mLinking CXX shared library libassignment1_msgs__rosidl_typesupport_introspection_cpp.so[0m
[ 61%] Built target assignment1_msgs__rosidl_typesupport_introspection_cpp
[ 64%] [32m[1mLinking CXX shared library libassignment1_msgs__rosidl_typesupport_fastrtps_cpp.so[0m
[ 64%] Built target assignment1_msgs__rosidl_typesupport_fastrtps_cpp
[ 66%] [34m[1mGenerating C type support for eProsima Fast-RTPS[0m
[35m[1mScanning dependencies of target assignment1_msgs__rosidl_typesupport_fastrtps_c[0m
[ 69%] [32mBuilding CXX object CMakeFiles/assignment1_msgs__rosidl_typesupport_fastrtps_c.dir/rosidl_typesupport_fastrtps_c/assignment1_msgs/msg/detail/odd_no__type_support_c.cpp.o[0m
[ 71%] [32mBuilding CXX object CMakeFiles/assignment1_msgs__rosidl_typesupport_fastrtps_c.dir/rosidl_typesupport_fastrtps_c/assignment1_msgs/srv/detail/average__type_support_c.cpp.o[0m
[ 74%] [32m[1mLinking CXX shared library libassignment1_msgs__rosidl_typesupport_fastrtps_c.so[0m
[ 74%] Built target assignment1_msgs__rosidl_typesupport_fastrtps_c
[35m[1mScanning dependencies of target assignment1_msgs[0m
[ 74%] Built target assignment1_msgs
[35m[1mScanning dependencies of target assignment1_msgs__py[0m
[ 76%] [34m[1mGenerating Python code for ROS interfaces[0m
[ 76%] Built target assignment1_msgs__py
[35m[1mScanning dependencies of target assignment1_msgs__python[0m
[ 79%] [32mBuilding C object CMakeFiles/assignment1_msgs__python.dir/rosidl_generator_py/assignment1_msgs/msg/_odd_no_s.c.o[0m
[ 82%] [32mBuilding C object CMakeFiles/assignment1_msgs__python.dir/rosidl_generator_py/assignment1_msgs/srv/_average_s.c.o[0m
[ 84%] [32m[1mLinking C shared library rosidl_generator_py/assignment1_msgs/libassignment1_msgs__python.so[0m
[ 84%] Built target assignment1_msgs__python
[35m[1mScanning dependencies of target assignment1_msgs__rosidl_typesupport_fastrtps_c__pyext[0m
[35m[1mScanning dependencies of target assignment1_msgs__rosidl_typesupport_c__pyext[0m
[35m[1mScanning dependencies of target assignment1_msgs__rosidl_typesupport_introspection_c__pyext[0m
[ 87%] [32mBuilding C object CMakeFiles/assignment1_msgs__rosidl_typesupport_c__pyext.dir/rosidl_generator_py/assignment1_msgs/_assignment1_msgs_s.ep.rosidl_typesupport_c.c.o[0m
[ 89%] [32mBuilding C object CMakeFiles/assignment1_msgs__rosidl_typesupport_fastrtps_c__pyext.dir/rosidl_generator_py/assignment1_msgs/_assignment1_msgs_s.ep.rosidl_typesupport_fastrtps_c.c.o[0m
[ 92%] [32mBuilding C object CMakeFiles/assignment1_msgs__rosidl_typesupport_introspection_c__pyext.dir/rosidl_generator_py/assignment1_msgs/_assignment1_msgs_s.ep.rosidl_typesupport_introspection_c.c.o[0m
[ 94%] [32m[1mLinking CXX shared library rosidl_generator_py/assignment1_msgs/assignment1_msgs_s__rosidl_typesupport_fastrtps_c.cpython-38-x86_64-linux-gnu.so[0m
[ 97%] [32m[1mLinking C shared library rosidl_generator_py/assignment1_msgs/assignment1_msgs_s__rosidl_typesupport_introspection_c.cpython-38-x86_64-linux-gnu.so[0m
[100%] [32m[1mLinking C shared library rosidl_generator_py/assignment1_msgs/assignment1_msgs_s__rosidl_typesupport_c.cpython-38-x86_64-linux-gnu.so[0m
[100%] Built target assignment1_msgs__rosidl_typesupport_introspection_c__pyext
[100%] Built target assignment1_msgs__rosidl_typesupport_fastrtps_c__pyext
[100%] Built target assignment1_msgs__rosidl_typesupport_c__pyext
-- Install configuration: ""
-- Installing: /home/ritwik/rsp/install/assignment1_msgs/share/ament_index/resource_index/rosidl_interfaces/assignment1_msgs
-- Installing: /home/ritwik/rsp/install/assignment1_msgs/include/assignment1_msgs
-- Installing: /home/ritwik/rsp/install/assignment1_msgs/include/assignment1_msgs/srv
-- Installing: /home/ritwik/rsp/install/assignment1_msgs/include/assignment1_msgs/srv/average.h
-- Installing: /home/ritwik/rsp/install/assignment1_msgs/include/assignment1_msgs/srv/detail
-- Installing: /home/ritwik/rsp/install/assignment1_msgs/include/assignment1_msgs/srv/detail/average__functions.c
-- Installing: /home/ritwik/rsp/install/assignment1_msgs/include/assignment1_msgs/srv/detail/average__type_support.h
-- Installing: /home/ritwik/rsp/install/assignment1_msgs/include/assignment1_msgs/srv/detail/average__functions.h
-- Installing: /home/ritwik/rsp/install/assignment1_msgs/include/assignment1_msgs/srv/detail/average__struct.h
-- Installing: /home/ritwik/rsp/install/assignment1_msgs/include/assignment1_msgs/msg
-- Installing: /home/ritwik/rsp/install/assignment1_msgs/include/assignment1_msgs/msg/rosidl_generator_c__visibility_control.h
-- Installing: /home/ritwik/rsp/install/assignment1_msgs/include/assignment1_msgs/msg/detail
-- Installing: /home/ritwik/rsp/install/assignment1_msgs/include/assignment1_msgs/msg/detail/odd_no__functions.h
-- Installing: /home/ritwik/rsp/install/assignment1_msgs/include/assignment1_msgs/msg/detail/odd_no__type_support.h
-- Installing: /home/ritwik/rsp/install/assignment1_msgs/include/assignment1_msgs/msg/detail/odd_no__struct.h
-- Installing: /home/ritwik/rsp/install/assignment1_msgs/include/assignment1_msgs/msg/detail/odd_no__functions.c
-- Installing: /home/ritwik/rsp/install/assignment1_msgs/include/assignment1_msgs/msg/odd_no.h
-- Installing: /home/ritwik/rsp/install/assignment1_msgs/share/assignment1_msgs/environment/library_path.sh
-- Installing: /home/ritwik/rsp/install/assignment1_msgs/share/assignment1_msgs/environment/library_path.dsv
-- Installing: /home/ritwik/rsp/install/assignment1_msgs/lib/libassignment1_msgs__rosidl_generator_c.so
-- Set runtime path of "/home/ritwik/rsp/install/assignment1_msgs/lib/libassignment1_msgs__rosidl_generator_c.so" to ""
-- Up-to-date: /home/ritwik/rsp/install/assignment1_msgs/include/assignment1_msgs
-- Up-to-date: /home/ritwik/rsp/install/assignment1_msgs/include/assignment1_msgs/srv
-- Up-to-date: /home/ritwik/rsp/install/assignment1_msgs/include/assignment1_msgs/srv/detail
-- Installing: /home/ritwik/rsp/install/assignment1_msgs/include/assignment1_msgs/srv/detail/average__rosidl_typesupport_fastrtps_c.h
-- Up-to-date: /home/ritwik/rsp/install/assignment1_msgs/include/assignment1_msgs/msg
-- Installing: /home/ritwik/rsp/install/assignment1_msgs/include/assignment1_msgs/msg/rosidl_typesupport_fastrtps_c__visibility_control.h
-- Up-to-date: /home/ritwik/rsp/install/assignment1_msgs/include/assignment1_msgs/msg/detail
-- Installing: /home/ritwik/rsp/install/assignment1_msgs/include/assignment1_msgs/msg/detail/odd_no__rosidl_typesupport_fastrtps_c.h
-- Installing: /home/ritwik/rsp/install/assignment1_msgs/lib/libassignment1_msgs__rosidl_typesupport_fastrtps_c.so
-- Set runtime path of "/home/ritwik/rsp/install/assignment1_msgs/lib/libassignment1_msgs__rosidl_typesupport_fastrtps_c.so" to ""
-- Up-to-date: /home/ritwik/rsp/install/assignment1_msgs/include/assignment1_msgs
-- Up-to-date: /home/ritwik/rsp/install/assignment1_msgs/include/assignment1_msgs/srv
-- Up-to-date: /home/ritwik/rsp/install/assignment1_msgs/include/assignment1_msgs/srv/detail
-- Installing: /home/ritwik/rsp/install/assignment1_msgs/include/assignment1_msgs/srv/detail/average__rosidl_typesupport_fastrtps_cpp.hpp
-- Installing: /home/ritwik/rsp/install/assignment1_msgs/include/assignment1_msgs/srv/detail/dds_fastrtps
-- Up-to-date: /home/ritwik/rsp/install/assignment1_msgs/include/assignment1_msgs/msg
-- Up-to-date: /home/ritwik/rsp/install/assignment1_msgs/include/assignment1_msgs/msg/detail
-- Installing: /home/ritwik/rsp/install/assignment1_msgs/include/assignment1_msgs/msg/detail/dds_fastrtps
-- Installing: /home/ritwik/rsp/install/assignment1_msgs/include/assignment1_msgs/msg/detail/odd_no__rosidl_typesupport_fastrtps_cpp.hpp
-- Installing: /home/ritwik/rsp/install/assignment1_msgs/include/assignment1_msgs/msg/rosidl_typesupport_fastrtps_cpp__visibility_control.h
-- Installing: /home/ritwik/rsp/install/assignment1_msgs/lib/libassignment1_msgs__rosidl_typesupport_fastrtps_cpp.so
-- Set runtime path of "/home/ritwik/rsp/install/assignment1_msgs/lib/libassignment1_msgs__rosidl_typesupport_fastrtps_cpp.so" to ""
-- Up-to-date: /home/ritwik/rsp/install/assignment1_msgs/include/assignment1_msgs
-- Up-to-date: /home/ritwik/rsp/install/assignment1_msgs/include/assignment1_msgs/srv
-- Up-to-date: /home/ritwik/rsp/install/assignment1_msgs/include/assignment1_msgs/srv/detail
-- Installing: /home/ritwik/rsp/install/assignment1_msgs/include/assignment1_msgs/srv/detail/average__rosidl_typesupport_introspection_c.h
-- Installing: /home/ritwik/rsp/install/assignment1_msgs/include/assignment1_msgs/srv/detail/average__type_support.c
-- Up-to-date: /home/ritwik/rsp/install/assignment1_msgs/include/assignment1_msgs/msg
-- Installing: /home/ritwik/rsp/install/assignment1_msgs/include/assignment1_msgs/msg/rosidl_typesupport_introspection_c__visibility_control.h
-- Up-to-date: /home/ritwik/rsp/install/assignment1_msgs/include/assignment1_msgs/msg/detail
-- Installing: /home/ritwik/rsp/install/assignment1_msgs/include/assignment1_msgs/msg/detail/odd_no__type_support.c
-- Installing: /home/ritwik/rsp/install/assignment1_msgs/include/assignment1_msgs/msg/detail/odd_no__rosidl_typesupport_introspection_c.h
-- Installing: /home/ritwik/rsp/install/assignment1_msgs/lib/libassignment1_msgs__rosidl_typesupport_introspection_c.so
-- Set runtime path of "/home/ritwik/rsp/install/assignment1_msgs/lib/libassignment1_msgs__rosidl_typesupport_introspection_c.so" to ""
-- Installing: /home/ritwik/rsp/install/assignment1_msgs/lib/libassignment1_msgs__rosidl_typesupport_c.so
-- Set runtime path of "/home/ritwik/rsp/install/assignment1_msgs/lib/libassignment1_msgs__rosidl_typesupport_c.so" to ""
-- Up-to-date: /home/ritwik/rsp/install/assignment1_msgs/include/assignment1_msgs
-- Up-to-date: /home/ritwik/rsp/install/assignment1_msgs/include/assignment1_msgs/srv
-- Up-to-date: /home/ritwik/rsp/install/assignment1_msgs/include/assignment1_msgs/srv/detail
-- Installing: /home/ritwik/rsp/install/assignment1_msgs/include/assignment1_msgs/srv/detail/average__traits.hpp
-- Installing: /home/ritwik/rsp/install/assignment1_msgs/include/assignment1_msgs/srv/detail/average__struct.hpp
-- Installing: /home/ritwik/rsp/install/assignment1_msgs/include/assignment1_msgs/srv/detail/average__builder.hpp
-- Installing: /home/ritwik/rsp/install/assignment1_msgs/include/assignment1_msgs/srv/average.hpp
-- Up-to-date: /home/ritwik/rsp/install/assignment1_msgs/include/assignment1_msgs/msg
-- Installing: /home/ritwik/rsp/install/assignment1_msgs/include/assignment1_msgs/msg/odd_no.hpp
-- Up-to-date: /home/ritwik/rsp/install/assignment1_msgs/include/assignment1_msgs/msg/detail
-- Installing: /home/ritwik/rsp/install/assignment1_msgs/include/assignment1_msgs/msg/detail/odd_no__builder.hpp
-- Installing: /home/ritwik/rsp/install/assignment1_msgs/include/assignment1_msgs/msg/detail/odd_no__traits.hpp
-- Installing: /home/ritwik/rsp/install/assignment1_msgs/include/assignment1_msgs/msg/detail/odd_no__struct.hpp
-- Up-to-date: /home/ritwik/rsp/install/assignment1_msgs/include/assignment1_msgs
-- Up-to-date: /home/ritwik/rsp/install/assignment1_msgs/include/assignment1_msgs/srv
-- Up-to-date: /home/ritwik/rsp/install/assignment1_msgs/include/assignment1_msgs/srv/detail
-- Installing: /home/ritwik/rsp/install/assignment1_msgs/include/assignment1_msgs/srv/detail/average__rosidl_typesupport_introspection_cpp.hpp
-- Installing: /home/ritwik/rsp/install/assignment1_msgs/include/assignment1_msgs/srv/detail/average__type_support.cpp
-- Up-to-date: /home/ritwik/rsp/install/assignment1_msgs/include/assignment1_msgs/msg
-- Up-to-date: /home/ritwik/rsp/install/assignment1_msgs/include/assignment1_msgs/msg/detail
-- Installing: /home/ritwik/rsp/install/assignment1_msgs/include/assignment1_msgs/msg/detail/odd_no__type_support.cpp
-- Installing: /home/ritwik/rsp/install/assignment1_msgs/include/assignment1_msgs/msg/detail/odd_no__rosidl_typesupport_introspection_cpp.hpp
-- Installing: /home/ritwik/rsp/install/assignment1_msgs/lib/libassignment1_msgs__rosidl_typesupport_introspection_cpp.so
-- Set runtime path of "/home/ritwik/rsp/install/assignment1_msgs/lib/libassignment1_msgs__rosidl_typesupport_introspection_cpp.so" to ""
-- Installing: /home/ritwik/rsp/install/assignment1_msgs/lib/libassignment1_msgs__rosidl_typesupport_cpp.so
-- Set runtime path of "/home/ritwik/rsp/install/assignment1_msgs/lib/libassignment1_msgs__rosidl_typesupport_cpp.so" to ""
-- Installing: /home/ritwik/rsp/install/assignment1_msgs/share/assignment1_msgs/environment/pythonpath.sh
-- Installing: /home/ritwik/rsp/install/assignment1_msgs/share/assignment1_msgs/environment/pythonpath.dsv
-- Installing: /home/ritwik/rsp/install/assignment1_msgs/lib/python3.8/site-packages/assignment1_msgs/__init__.py
Compiling '/home/ritwik/rsp/install/assignment1_msgs/lib/python3.8/site-packages/assignment1_msgs/__init__.py'...
-- Installing: /home/ritwik/rsp/install/assignment1_msgs/lib/python3.8/site-packages/assignment1_msgs/msg
-- Installing: /home/ritwik/rsp/install/assignment1_msgs/lib/python3.8/site-packages/assignment1_msgs/msg/_odd_no.py
-- Installing: /home/ritwik/rsp/install/assignment1_msgs/lib/python3.8/site-packages/assignment1_msgs/msg/_odd_no_s.c
-- Installing: /home/ritwik/rsp/install/assignment1_msgs/lib/python3.8/site-packages/assignment1_msgs/msg/__init__.py
-- Installing: /home/ritwik/rsp/install/assignment1_msgs/lib/python3.8/site-packages/assignment1_msgs/srv
-- Installing: /home/ritwik/rsp/install/assignment1_msgs/lib/python3.8/site-packages/assignment1_msgs/srv/_average.py
-- Installing: /home/ritwik/rsp/install/assignment1_msgs/lib/python3.8/site-packages/assignment1_msgs/srv/_average_s.c
-- Installing: /home/ritwik/rsp/install/assignment1_msgs/lib/python3.8/site-packages/assignment1_msgs/srv/__init__.py
-- Installing: /home/ritwik/rsp/install/assignment1_msgs/lib/python3.8/site-packages/assignment1_msgs/assignment1_msgs_s__rosidl_typesupport_fastrtps_c.cpython-38-x86_64-linux-gnu.so
-- Set runtime path of "/home/ritwik/rsp/install/assignment1_msgs/lib/python3.8/site-packages/assignment1_msgs/assignment1_msgs_s__rosidl_typesupport_fastrtps_c.cpython-38-x86_64-linux-gnu.so" to ""
-- Installing: /home/ritwik/rsp/install/assignment1_msgs/lib/python3.8/site-packages/assignment1_msgs/assignment1_msgs_s__rosidl_typesupport_introspection_c.cpython-38-x86_64-linux-gnu.so
-- Set runtime path of "/home/ritwik/rsp/install/assignment1_msgs/lib/python3.8/site-packages/assignment1_msgs/assignment1_msgs_s__rosidl_typesupport_introspection_c.cpython-38-x86_64-linux-gnu.so" to ""
-- Installing: /home/ritwik/rsp/install/assignment1_msgs/lib/python3.8/site-packages/assignment1_msgs/assignment1_msgs_s__rosidl_typesupport_c.cpython-38-x86_64-linux-gnu.so
-- Set runtime path of "/home/ritwik/rsp/install/assignment1_msgs/lib/python3.8/site-packages/assignment1_msgs/assignment1_msgs_s__rosidl_typesupport_c.cpython-38-x86_64-linux-gnu.so" to ""
-- Installing: /home/ritwik/rsp/install/assignment1_msgs/lib/libassignment1_msgs__python.so
-- Set runtime path of "/home/ritwik/rsp/install/assignment1_msgs/lib/libassignment1_msgs__python.so" to ""
-- Installing: /home/ritwik/rsp/install/assignment1_msgs/share/assignment1_msgs/msg/OddNo.idl
-- Installing: /home/ritwik/rsp/install/assignment1_msgs/share/assignment1_msgs/srv/Average.idl
-- Installing: /home/ritwik/rsp/install/assignment1_msgs/share/assignment1_msgs/msg/OddNo.msg
-- Installing: /home/ritwik/rsp/install/assignment1_msgs/share/assignment1_msgs/srv/Average.srv
-- Installing: /home/ritwik/rsp/install/assignment1_msgs/share/assignment1_msgs/srv/Average_Request.msg
-- Installing: /home/ritwik/rsp/install/assignment1_msgs/share/assignment1_msgs/srv/Average_Response.msg
-- Installing: /home/ritwik/rsp/install/assignment1_msgs/share/ament_index/resource_index/package_run_dependencies/assignment1_msgs
-- Installing: /home/ritwik/rsp/install/assignment1_msgs/share/ament_index/resource_index/parent_prefix_path/assignment1_msgs
-- Installing: /home/ritwik/rsp/install/assignment1_msgs/share/assignment1_msgs/environment/ament_prefix_path.sh
-- Installing: /home/ritwik/rsp/install/assignment1_msgs/share/assignment1_msgs/environment/ament_prefix_path.dsv
-- Installing: /home/ritwik/rsp/install/assignment1_msgs/share/assignment1_msgs/environment/path.sh
-- Installing: /home/ritwik/rsp/install/assignment1_msgs/share/assignment1_msgs/environment/path.dsv
-- Installing: /home/ritwik/rsp/install/assignment1_msgs/share/assignment1_msgs/local_setup.bash
-- Installing: /home/ritwik/rsp/install/assignment1_msgs/share/assignment1_msgs/local_setup.sh
-- Installing: /home/ritwik/rsp/install/assignment1_msgs/share/assignment1_msgs/local_setup.zsh
-- Installing: /home/ritwik/rsp/install/assignment1_msgs/share/assignment1_msgs/local_setup.dsv
-- Installing: /home/ritwik/rsp/install/assignment1_msgs/share/assignment1_msgs/package.dsv
-- Installing: /home/ritwik/rsp/install/assignment1_msgs/share/ament_index/resource_index/packages/assignment1_msgs
-- Installing: /home/ritwik/rsp/install/assignment1_msgs/share/assignment1_msgs/cmake/assignment1_msgs__rosidl_generator_cExport.cmake
-- Installing: /home/ritwik/rsp/install/assignment1_msgs/share/assignment1_msgs/cmake/assignment1_msgs__rosidl_generator_cExport-noconfig.cmake
-- Installing: /home/ritwik/rsp/install/assignment1_msgs/share/assignment1_msgs/cmake/assignment1_msgs__rosidl_typesupport_introspection_cExport.cmake
-- Installing: /home/ritwik/rsp/install/assignment1_msgs/share/assignment1_msgs/cmake/assignment1_msgs__rosidl_typesupport_introspection_cExport-noconfig.cmake
-- Installing: /home/ritwik/rsp/install/assignment1_msgs/share/assignment1_msgs/cmake/assignment1_msgs__rosidl_typesupport_cExport.cmake
-- Installing: /home/ritwik/rsp/install/assignment1_msgs/share/assignment1_msgs/cmake/assignment1_msgs__rosidl_typesupport_cExport-noconfig.cmake
-- Installing: /home/ritwik/rsp/install/assignment1_msgs/share/assignment1_msgs/cmake/assignment1_msgs__rosidl_generator_cppExport.cmake
-- Installing: /home/ritwik/rsp/install/assignment1_msgs/share/assignment1_msgs/cmake/assignment1_msgs__rosidl_typesupport_introspection_cppExport.cmake
-- Installing: /home/ritwik/rsp/install/assignment1_msgs/share/assignment1_msgs/cmake/assignment1_msgs__rosidl_typesupport_introspection_cppExport-noconfig.cmake
-- Installing: /home/ritwik/rsp/install/assignment1_msgs/share/assignment1_msgs/cmake/assignment1_msgs__rosidl_typesupport_cppExport.cmake
-- Installing: /home/ritwik/rsp/install/assignment1_msgs/share/assignment1_msgs/cmake/assignment1_msgs__rosidl_typesupport_cppExport-noconfig.cmake
-- Installing: /home/ritwik/rsp/install/assignment1_msgs/share/assignment1_msgs/cmake/rosidl_cmake-extras.cmake
-- Installing: /home/ritwik/rsp/install/assignment1_msgs/share/assignment1_msgs/cmake/ament_cmake_export_dependencies-extras.cmake
-- Installing: /home/ritwik/rsp/install/assignment1_msgs/share/assignment1_msgs/cmake/ament_cmake_export_libraries-extras.cmake
-- Installing: /home/ritwik/rsp/install/assignment1_msgs/share/assignment1_msgs/cmake/ament_cmake_export_targets-extras.cmake
-- Installing: /home/ritwik/rsp/install/assignment1_msgs/share/assignment1_msgs/cmake/ament_cmake_export_include_directories-extras.cmake
-- Installing: /home/ritwik/rsp/install/assignment1_msgs/share/assignment1_msgs/cmake/rosidl_cmake_export_typesupport_libraries-extras.cmake
-- Installing: /home/ritwik/rsp/install/assignment1_msgs/share/assignment1_msgs/cmake/rosidl_cmake_export_typesupport_targets-extras.cmake
-- Installing: /home/ritwik/rsp/install/assignment1_msgs/share/assignment1_msgs/cmake/assignment1_msgsConfig.cmake
-- Installing: /home/ritwik/rsp/install/assignment1_msgs/share/assignment1_msgs/cmake/assignment1_msgsConfig-version.cmake
-- Installing: /home/ritwik/rsp/install/assignment1_msgs/share/assignment1_msgs/package.xml
