[0.034s] Invoking command in '/home/ritwik/rsp/build/assignment1_msgs': CMAKE_PREFIX_PATH=${CMAKE_PREFIX_PATH}:/opt/ros/galactic /usr/bin/cmake /home/ritwik/rsp/rrohan2/01/assignment1_msgs -DCMAKE_INSTALL_PREFIX=/home/ritwik/rsp/install/assignment1_msgs
[0.104s] -- The C compiler identification is GNU 9.4.0
[0.169s] -- The CXX compiler identification is GNU 9.4.0
[0.174s] -- Check for working C compiler: /usr/bin/cc
[0.254s] -- Check for working C compiler: /usr/bin/cc -- works
[0.255s] -- Detecting C compiler ABI info
[0.339s] -- Detecting C compiler ABI info - done
[0.353s] -- Detecting C compile features
[0.353s] -- Detecting C compile features - done
[0.357s] -- Check for working CXX compiler: /usr/bin/c++
[0.454s] -- Check for working CXX compiler: /usr/bin/c++ -- works
[0.455s] -- Detecting CXX compiler ABI info
[0.540s] -- Detecting CXX compiler ABI info - done
[0.552s] -- Detecting CXX compile features
[0.552s] -- Detecting CXX compile features - done
[0.554s] -- Found ament_cmake: 1.1.6 (/opt/ros/galactic/share/ament_cmake/cmake)
[0.577s] -- Found PythonInterp: /usr/bin/python3 (found suitable version "3.8.10", minimum required is "3") 
[0.577s] -- Using PYTHON_EXECUTABLE: /usr/bin/python3
[0.659s] -- Found rosidl_default_generators: 1.1.1 (/opt/ros/galactic/share/rosidl_default_generators/cmake)
[0.663s] -- Using all available rosidl_typesupport_c: rosidl_typesupport_fastrtps_c;rosidl_typesupport_introspection_c
[0.669s] -- Found rosidl_adapter: 2.2.3 (/opt/ros/galactic/share/rosidl_adapter/cmake)
[0.764s] -- Found OpenSSL: /usr/lib/x86_64-linux-gnu/libcrypto.so (found version "1.1.1f")  
[0.801s] -- Found FastRTPS: /opt/ros/galactic/include  
[0.885s] -- Using all available rosidl_typesupport_cpp: rosidl_typesupport_fastrtps_cpp;rosidl_typesupport_introspection_cpp
[0.932s] -- Found PythonInterp: /usr/bin/python3 (found version "3.8.10") 
[1.043s] -- Found ament_cmake_ros: 0.9.2 (/opt/ros/galactic/share/ament_cmake_ros/cmake)
[1.144s] -- Using all available rosidl_typesupport_c: rosidl_typesupport_fastrtps_c;rosidl_typesupport_introspection_c
[1.152s] -- Using all available rosidl_typesupport_cpp: rosidl_typesupport_fastrtps_cpp;rosidl_typesupport_introspection_cpp
[1.174s] -- Found PythonInterp: /usr/bin/python3 (found suitable version "3.8.10", minimum required is "3.5") 
[1.175s] -- Found python_cmake_module: 0.8.1 (/opt/ros/galactic/share/python_cmake_module/cmake)
[1.200s] -- Found PythonLibs: /usr/lib/x86_64-linux-gnu/libpython3.8.so (found suitable version "3.8.10", minimum required is "3.5") 
[1.201s] -- Using PYTHON_EXECUTABLE: /usr/bin/python3
[1.201s] -- Using PYTHON_INCLUDE_DIRS: /usr/include/python3.8
[1.201s] -- Using PYTHON_LIBRARIES: /usr/lib/x86_64-linux-gnu/libpython3.8.so
[1.222s] -- Found PythonExtra: .so  
[1.261s] -- Found ament_lint_auto: 0.10.7 (/opt/ros/galactic/share/ament_lint_auto/cmake)
[1.279s] -- Added test 'copyright' to check source files copyright and LICENSE
[1.281s] -- Added test 'lint_cmake' to check CMake code style
[1.283s] -- Added test 'xmllint' to check XML markup files
[1.288s] -- Configuring done
[1.328s] -- Generating done
[1.330s] -- Build files have been written to: /home/ritwik/rsp/build/assignment1_msgs
[1.337s] Invoked command in '/home/ritwik/rsp/build/assignment1_msgs' returned '0': CMAKE_PREFIX_PATH=${CMAKE_PREFIX_PATH}:/opt/ros/galactic /usr/bin/cmake /home/ritwik/rsp/rrohan2/01/assignment1_msgs -DCMAKE_INSTALL_PREFIX=/home/ritwik/rsp/install/assignment1_msgs
[1.342s] Invoking command in '/home/ritwik/rsp/build/assignment1_msgs': CMAKE_PREFIX_PATH=${CMAKE_PREFIX_PATH}:/opt/ros/galactic /usr/bin/cmake --build /home/ritwik/rsp/build/assignment1_msgs -- -j8 -l8
[1.386s] [  2%] [34m[1mGenerating C code for ROS interfaces[0m
[1.386s] [35m[1mScanning dependencies of target assignment1_msgs__cpp[0m
[1.398s] [  5%] [34m[1mGenerating C++ code for ROS interfaces[0m
[1.817s] [35m[1mScanning dependencies of target assignment1_msgs__rosidl_generator_c[0m
[1.833s] [  7%] [32mBuilding C object CMakeFiles/assignment1_msgs__rosidl_generator_c.dir/rosidl_generator_c/assignment1_msgs/msg/detail/odd_no__functions.c.o[0m
[1.834s] [  7%] Built target assignment1_msgs__cpp
[1.836s] [ 10%] [32mBuilding C object CMakeFiles/assignment1_msgs__rosidl_generator_c.dir/rosidl_generator_c/assignment1_msgs/srv/detail/average__functions.c.o[0m
[1.849s] [ 12%] [34m[1mGenerating C++ introspection for ROS interfaces[0m
[1.850s] [ 15%] [34m[1mGenerating C++ type support dispatch for ROS interfaces[0m
[1.850s] [ 17%] [34m[1mGenerating C++ type support for eProsima Fast-RTPS[0m
[1.952s] [ 20%] [32m[1mLinking C shared library libassignment1_msgs__rosidl_generator_c.so[0m
[2.018s] [ 20%] Built target assignment1_msgs__rosidl_generator_c
[2.037s] [ 23%] [34m[1mGenerating C introspection for ROS interfaces[0m
[2.039s] [ 25%] [34m[1mGenerating C type support dispatch for ROS interfaces[0m
[2.497s] [35m[1mScanning dependencies of target assignment1_msgs__rosidl_typesupport_cpp[0m
[2.523s] [ 30%] [32mBuilding CXX object CMakeFiles/assignment1_msgs__rosidl_typesupport_cpp.dir/rosidl_typesupport_cpp/assignment1_msgs/srv/average__type_support.cpp.o[0m
[2.523s] [ 30%] [32mBuilding CXX object CMakeFiles/assignment1_msgs__rosidl_typesupport_cpp.dir/rosidl_typesupport_cpp/assignment1_msgs/msg/odd_no__type_support.cpp.o[0m
[2.536s] [35m[1mScanning dependencies of target assignment1_msgs__rosidl_typesupport_introspection_cpp[0m
[2.635s] [ 33%] [32mBuilding CXX object CMakeFiles/assignment1_msgs__rosidl_typesupport_introspection_cpp.dir/rosidl_typesupport_introspection_cpp/assignment1_msgs/msg/detail/odd_no__type_support.cpp.o[0m
[2.640s] [ 35%] [32mBuilding CXX object CMakeFiles/assignment1_msgs__rosidl_typesupport_introspection_cpp.dir/rosidl_typesupport_introspection_cpp/assignment1_msgs/srv/detail/average__type_support.cpp.o[0m
[2.673s] [35m[1mScanning dependencies of target assignment1_msgs__rosidl_typesupport_fastrtps_cpp[0m
[2.706s] [35m[1mScanning dependencies of target assignment1_msgs__rosidl_typesupport_c[0m
[2.728s] [ 38%] [32mBuilding CXX object CMakeFiles/assignment1_msgs__rosidl_typesupport_c.dir/rosidl_typesupport_c/assignment1_msgs/msg/odd_no__type_support.cpp.o[0m
[2.731s] [ 41%] [32mBuilding CXX object CMakeFiles/assignment1_msgs__rosidl_typesupport_fastrtps_cpp.dir/rosidl_typesupport_fastrtps_cpp/assignment1_msgs/msg/detail/dds_fastrtps/odd_no__type_support.cpp.o[0m
[2.799s] [ 43%] [32mBuilding CXX object CMakeFiles/assignment1_msgs__rosidl_typesupport_fastrtps_cpp.dir/rosidl_typesupport_fastrtps_cpp/assignment1_msgs/srv/detail/dds_fastrtps/average__type_support.cpp.o[0m
[2.814s] [35m[1mScanning dependencies of target assignment1_msgs__rosidl_typesupport_introspection_c[0m
[2.843s] [ 46%] [32mBuilding CXX object CMakeFiles/assignment1_msgs__rosidl_typesupport_c.dir/rosidl_typesupport_c/assignment1_msgs/srv/average__type_support.cpp.o[0m
[2.892s] [ 48%] [32mBuilding C object CMakeFiles/assignment1_msgs__rosidl_typesupport_introspection_c.dir/rosidl_typesupport_introspection_c/assignment1_msgs/msg/detail/odd_no__type_support.c.o[0m
[3.015s] [ 51%] [32m[1mLinking CXX shared library libassignment1_msgs__rosidl_typesupport_c.so[0m
[3.031s] [ 53%] [32mBuilding C object CMakeFiles/assignment1_msgs__rosidl_typesupport_introspection_c.dir/rosidl_typesupport_introspection_c/assignment1_msgs/srv/detail/average__type_support.c.o[0m
[3.149s] [ 56%] [32m[1mLinking CXX shared library libassignment1_msgs__rosidl_typesupport_cpp.so[0m
[3.163s] [ 56%] Built target assignment1_msgs__rosidl_typesupport_c
[3.173s] [ 58%] [32m[1mLinking C shared library libassignment1_msgs__rosidl_typesupport_introspection_c.so[0m
[3.250s] [ 58%] Built target assignment1_msgs__rosidl_typesupport_cpp
[3.262s] [ 58%] Built target assignment1_msgs__rosidl_typesupport_introspection_c
[3.290s] [ 61%] [32m[1mLinking CXX shared library libassignment1_msgs__rosidl_typesupport_introspection_cpp.so[0m
[3.386s] [ 61%] Built target assignment1_msgs__rosidl_typesupport_introspection_cpp
[3.606s] [ 64%] [32m[1mLinking CXX shared library libassignment1_msgs__rosidl_typesupport_fastrtps_cpp.so[0m
[3.767s] [ 64%] Built target assignment1_msgs__rosidl_typesupport_fastrtps_cpp
[3.784s] [ 66%] [34m[1mGenerating C type support for eProsima Fast-RTPS[0m
[4.139s] [35m[1mScanning dependencies of target assignment1_msgs__rosidl_typesupport_fastrtps_c[0m
[4.182s] [ 69%] [32mBuilding CXX object CMakeFiles/assignment1_msgs__rosidl_typesupport_fastrtps_c.dir/rosidl_typesupport_fastrtps_c/assignment1_msgs/msg/detail/odd_no__type_support_c.cpp.o[0m
[4.187s] [ 71%] [32mBuilding CXX object CMakeFiles/assignment1_msgs__rosidl_typesupport_fastrtps_c.dir/rosidl_typesupport_fastrtps_c/assignment1_msgs/srv/detail/average__type_support_c.cpp.o[0m
[4.883s] [ 74%] [32m[1mLinking CXX shared library libassignment1_msgs__rosidl_typesupport_fastrtps_c.so[0m
[5.068s] [ 74%] Built target assignment1_msgs__rosidl_typesupport_fastrtps_c
[5.118s] [35m[1mScanning dependencies of target assignment1_msgs[0m
[5.136s] [ 74%] Built target assignment1_msgs
[5.215s] [35m[1mScanning dependencies of target assignment1_msgs__py[0m
[5.235s] [ 76%] [34m[1mGenerating Python code for ROS interfaces[0m
[6.352s] [ 76%] Built target assignment1_msgs__py
[6.368s] [35m[1mScanning dependencies of target assignment1_msgs__python[0m
[6.402s] [ 79%] [32mBuilding C object CMakeFiles/assignment1_msgs__python.dir/rosidl_generator_py/assignment1_msgs/msg/_odd_no_s.c.o[0m
[6.402s] [ 82%] [32mBuilding C object CMakeFiles/assignment1_msgs__python.dir/rosidl_generator_py/assignment1_msgs/srv/_average_s.c.o[0m
[6.578s] [ 84%] [32m[1mLinking C shared library rosidl_generator_py/assignment1_msgs/libassignment1_msgs__python.so[0m
[6.625s] [ 84%] Built target assignment1_msgs__python
[6.638s] [35m[1mScanning dependencies of target assignment1_msgs__rosidl_typesupport_fastrtps_c__pyext[0m
[6.641s] [35m[1mScanning dependencies of target assignment1_msgs__rosidl_typesupport_c__pyext[0m
[6.642s] [35m[1mScanning dependencies of target assignment1_msgs__rosidl_typesupport_introspection_c__pyext[0m
[6.670s] [ 87%] [32mBuilding C object CMakeFiles/assignment1_msgs__rosidl_typesupport_c__pyext.dir/rosidl_generator_py/assignment1_msgs/_assignment1_msgs_s.ep.rosidl_typesupport_c.c.o[0m
[6.673s] [ 89%] [32mBuilding C object CMakeFiles/assignment1_msgs__rosidl_typesupport_fastrtps_c__pyext.dir/rosidl_generator_py/assignment1_msgs/_assignment1_msgs_s.ep.rosidl_typesupport_fastrtps_c.c.o[0m
[6.676s] [ 92%] [32mBuilding C object CMakeFiles/assignment1_msgs__rosidl_typesupport_introspection_c__pyext.dir/rosidl_generator_py/assignment1_msgs/_assignment1_msgs_s.ep.rosidl_typesupport_introspection_c.c.o[0m
[6.767s] [ 94%] [32m[1mLinking CXX shared library rosidl_generator_py/assignment1_msgs/assignment1_msgs_s__rosidl_typesupport_fastrtps_c.cpython-38-x86_64-linux-gnu.so[0m
[6.770s] [ 97%] [32m[1mLinking C shared library rosidl_generator_py/assignment1_msgs/assignment1_msgs_s__rosidl_typesupport_introspection_c.cpython-38-x86_64-linux-gnu.so[0m
[6.813s] [100%] [32m[1mLinking C shared library rosidl_generator_py/assignment1_msgs/assignment1_msgs_s__rosidl_typesupport_c.cpython-38-x86_64-linux-gnu.so[0m
[6.814s] [100%] Built target assignment1_msgs__rosidl_typesupport_introspection_c__pyext
[6.848s] [100%] Built target assignment1_msgs__rosidl_typesupport_fastrtps_c__pyext
[6.857s] [100%] Built target assignment1_msgs__rosidl_typesupport_c__pyext
[6.872s] Invoked command in '/home/ritwik/rsp/build/assignment1_msgs' returned '0': CMAKE_PREFIX_PATH=${CMAKE_PREFIX_PATH}:/opt/ros/galactic /usr/bin/cmake --build /home/ritwik/rsp/build/assignment1_msgs -- -j8 -l8
[6.959s] Invoking command in '/home/ritwik/rsp/build/assignment1_msgs': CMAKE_PREFIX_PATH=${CMAKE_PREFIX_PATH}:/opt/ros/galactic /usr/bin/cmake --install /home/ritwik/rsp/build/assignment1_msgs
[6.968s] -- Install configuration: ""
[6.968s] -- Installing: /home/ritwik/rsp/install/assignment1_msgs/share/ament_index/resource_index/rosidl_interfaces/assignment1_msgs
[6.968s] -- Installing: /home/ritwik/rsp/install/assignment1_msgs/include/assignment1_msgs
[6.968s] -- Installing: /home/ritwik/rsp/install/assignment1_msgs/include/assignment1_msgs/srv
[6.968s] -- Installing: /home/ritwik/rsp/install/assignment1_msgs/include/assignment1_msgs/srv/average.h
[6.969s] -- Installing: /home/ritwik/rsp/install/assignment1_msgs/include/assignment1_msgs/srv/detail
[6.969s] -- Installing: /home/ritwik/rsp/install/assignment1_msgs/include/assignment1_msgs/srv/detail/average__functions.c
[6.969s] -- Installing: /home/ritwik/rsp/install/assignment1_msgs/include/assignment1_msgs/srv/detail/average__type_support.h
[6.969s] -- Installing: /home/ritwik/rsp/install/assignment1_msgs/include/assignment1_msgs/srv/detail/average__functions.h
[6.969s] -- Installing: /home/ritwik/rsp/install/assignment1_msgs/include/assignment1_msgs/srv/detail/average__struct.h
[6.969s] -- Installing: /home/ritwik/rsp/install/assignment1_msgs/include/assignment1_msgs/msg
[6.970s] -- Installing: /home/ritwik/rsp/install/assignment1_msgs/include/assignment1_msgs/msg/rosidl_generator_c__visibility_control.h
[6.970s] -- Installing: /home/ritwik/rsp/install/assignment1_msgs/include/assignment1_msgs/msg/detail
[6.970s] -- Installing: /home/ritwik/rsp/install/assignment1_msgs/include/assignment1_msgs/msg/detail/odd_no__functions.h
[6.970s] -- Installing: /home/ritwik/rsp/install/assignment1_msgs/include/assignment1_msgs/msg/detail/odd_no__type_support.h
[6.970s] -- Installing: /home/ritwik/rsp/install/assignment1_msgs/include/assignment1_msgs/msg/detail/odd_no__struct.h
[6.970s] -- Installing: /home/ritwik/rsp/install/assignment1_msgs/include/assignment1_msgs/msg/detail/odd_no__functions.c
[6.970s] -- Installing: /home/ritwik/rsp/install/assignment1_msgs/include/assignment1_msgs/msg/odd_no.h
[6.971s] -- Installing: /home/ritwik/rsp/install/assignment1_msgs/share/assignment1_msgs/environment/library_path.sh
[6.971s] -- Installing: /home/ritwik/rsp/install/assignment1_msgs/share/assignment1_msgs/environment/library_path.dsv
[6.971s] -- Installing: /home/ritwik/rsp/install/assignment1_msgs/lib/libassignment1_msgs__rosidl_generator_c.so
[6.971s] -- Set runtime path of "/home/ritwik/rsp/install/assignment1_msgs/lib/libassignment1_msgs__rosidl_generator_c.so" to ""
[6.971s] -- Up-to-date: /home/ritwik/rsp/install/assignment1_msgs/include/assignment1_msgs
[6.971s] -- Up-to-date: /home/ritwik/rsp/install/assignment1_msgs/include/assignment1_msgs/srv
[6.972s] -- Up-to-date: /home/ritwik/rsp/install/assignment1_msgs/include/assignment1_msgs/srv/detail
[6.972s] -- Installing: /home/ritwik/rsp/install/assignment1_msgs/include/assignment1_msgs/srv/detail/average__rosidl_typesupport_fastrtps_c.h
[6.972s] -- Up-to-date: /home/ritwik/rsp/install/assignment1_msgs/include/assignment1_msgs/msg
[6.972s] -- Installing: /home/ritwik/rsp/install/assignment1_msgs/include/assignment1_msgs/msg/rosidl_typesupport_fastrtps_c__visibility_control.h
[6.972s] -- Up-to-date: /home/ritwik/rsp/install/assignment1_msgs/include/assignment1_msgs/msg/detail
[6.972s] -- Installing: /home/ritwik/rsp/install/assignment1_msgs/include/assignment1_msgs/msg/detail/odd_no__rosidl_typesupport_fastrtps_c.h
[6.972s] -- Installing: /home/ritwik/rsp/install/assignment1_msgs/lib/libassignment1_msgs__rosidl_typesupport_fastrtps_c.so
[6.973s] -- Set runtime path of "/home/ritwik/rsp/install/assignment1_msgs/lib/libassignment1_msgs__rosidl_typesupport_fastrtps_c.so" to ""
[6.973s] -- Up-to-date: /home/ritwik/rsp/install/assignment1_msgs/include/assignment1_msgs
[6.973s] -- Up-to-date: /home/ritwik/rsp/install/assignment1_msgs/include/assignment1_msgs/srv
[6.973s] -- Up-to-date: /home/ritwik/rsp/install/assignment1_msgs/include/assignment1_msgs/srv/detail
[6.973s] -- Installing: /home/ritwik/rsp/install/assignment1_msgs/include/assignment1_msgs/srv/detail/average__rosidl_typesupport_fastrtps_cpp.hpp
[6.973s] -- Installing: /home/ritwik/rsp/install/assignment1_msgs/include/assignment1_msgs/srv/detail/dds_fastrtps
[6.974s] -- Up-to-date: /home/ritwik/rsp/install/assignment1_msgs/include/assignment1_msgs/msg
[6.974s] -- Up-to-date: /home/ritwik/rsp/install/assignment1_msgs/include/assignment1_msgs/msg/detail
[6.974s] -- Installing: /home/ritwik/rsp/install/assignment1_msgs/include/assignment1_msgs/msg/detail/dds_fastrtps
[6.974s] -- Installing: /home/ritwik/rsp/install/assignment1_msgs/include/assignment1_msgs/msg/detail/odd_no__rosidl_typesupport_fastrtps_cpp.hpp
[6.974s] -- Installing: /home/ritwik/rsp/install/assignment1_msgs/include/assignment1_msgs/msg/rosidl_typesupport_fastrtps_cpp__visibility_control.h
[6.974s] -- Installing: /home/ritwik/rsp/install/assignment1_msgs/lib/libassignment1_msgs__rosidl_typesupport_fastrtps_cpp.so
[6.975s] -- Set runtime path of "/home/ritwik/rsp/install/assignment1_msgs/lib/libassignment1_msgs__rosidl_typesupport_fastrtps_cpp.so" to ""
[6.975s] -- Up-to-date: /home/ritwik/rsp/install/assignment1_msgs/include/assignment1_msgs
[6.975s] -- Up-to-date: /home/ritwik/rsp/install/assignment1_msgs/include/assignment1_msgs/srv
[6.975s] -- Up-to-date: /home/ritwik/rsp/install/assignment1_msgs/include/assignment1_msgs/srv/detail
[6.975s] -- Installing: /home/ritwik/rsp/install/assignment1_msgs/include/assignment1_msgs/srv/detail/average__rosidl_typesupport_introspection_c.h
[6.975s] -- Installing: /home/ritwik/rsp/install/assignment1_msgs/include/assignment1_msgs/srv/detail/average__type_support.c
[6.975s] -- Up-to-date: /home/ritwik/rsp/install/assignment1_msgs/include/assignment1_msgs/msg
[6.976s] -- Installing: /home/ritwik/rsp/install/assignment1_msgs/include/assignment1_msgs/msg/rosidl_typesupport_introspection_c__visibility_control.h
[6.976s] -- Up-to-date: /home/ritwik/rsp/install/assignment1_msgs/include/assignment1_msgs/msg/detail
[6.976s] -- Installing: /home/ritwik/rsp/install/assignment1_msgs/include/assignment1_msgs/msg/detail/odd_no__type_support.c
[6.976s] -- Installing: /home/ritwik/rsp/install/assignment1_msgs/include/assignment1_msgs/msg/detail/odd_no__rosidl_typesupport_introspection_c.h
[6.976s] -- Installing: /home/ritwik/rsp/install/assignment1_msgs/lib/libassignment1_msgs__rosidl_typesupport_introspection_c.so
[6.976s] -- Set runtime path of "/home/ritwik/rsp/install/assignment1_msgs/lib/libassignment1_msgs__rosidl_typesupport_introspection_c.so" to ""
[6.976s] -- Installing: /home/ritwik/rsp/install/assignment1_msgs/lib/libassignment1_msgs__rosidl_typesupport_c.so
[6.977s] -- Set runtime path of "/home/ritwik/rsp/install/assignment1_msgs/lib/libassignment1_msgs__rosidl_typesupport_c.so" to ""
[6.977s] -- Up-to-date: /home/ritwik/rsp/install/assignment1_msgs/include/assignment1_msgs
[6.977s] -- Up-to-date: /home/ritwik/rsp/install/assignment1_msgs/include/assignment1_msgs/srv
[6.977s] -- Up-to-date: /home/ritwik/rsp/install/assignment1_msgs/include/assignment1_msgs/srv/detail
[6.977s] -- Installing: /home/ritwik/rsp/install/assignment1_msgs/include/assignment1_msgs/srv/detail/average__traits.hpp
[6.977s] -- Installing: /home/ritwik/rsp/install/assignment1_msgs/include/assignment1_msgs/srv/detail/average__struct.hpp
[6.978s] -- Installing: /home/ritwik/rsp/install/assignment1_msgs/include/assignment1_msgs/srv/detail/average__builder.hpp
[6.978s] -- Installing: /home/ritwik/rsp/install/assignment1_msgs/include/assignment1_msgs/srv/average.hpp
[6.978s] -- Up-to-date: /home/ritwik/rsp/install/assignment1_msgs/include/assignment1_msgs/msg
[6.978s] -- Installing: /home/ritwik/rsp/install/assignment1_msgs/include/assignment1_msgs/msg/odd_no.hpp
[6.978s] -- Up-to-date: /home/ritwik/rsp/install/assignment1_msgs/include/assignment1_msgs/msg/detail
[6.978s] -- Installing: /home/ritwik/rsp/install/assignment1_msgs/include/assignment1_msgs/msg/detail/odd_no__builder.hpp
[6.978s] -- Installing: /home/ritwik/rsp/install/assignment1_msgs/include/assignment1_msgs/msg/detail/odd_no__traits.hpp
[6.979s] -- Installing: /home/ritwik/rsp/install/assignment1_msgs/include/assignment1_msgs/msg/detail/odd_no__struct.hpp
[6.979s] -- Up-to-date: /home/ritwik/rsp/install/assignment1_msgs/include/assignment1_msgs
[6.979s] -- Up-to-date: /home/ritwik/rsp/install/assignment1_msgs/include/assignment1_msgs/srv
[6.979s] -- Up-to-date: /home/ritwik/rsp/install/assignment1_msgs/include/assignment1_msgs/srv/detail
[6.979s] -- Installing: /home/ritwik/rsp/install/assignment1_msgs/include/assignment1_msgs/srv/detail/average__rosidl_typesupport_introspection_cpp.hpp
[6.979s] -- Installing: /home/ritwik/rsp/install/assignment1_msgs/include/assignment1_msgs/srv/detail/average__type_support.cpp
[6.979s] -- Up-to-date: /home/ritwik/rsp/install/assignment1_msgs/include/assignment1_msgs/msg
[6.980s] -- Up-to-date: /home/ritwik/rsp/install/assignment1_msgs/include/assignment1_msgs/msg/detail
[6.980s] -- Installing: /home/ritwik/rsp/install/assignment1_msgs/include/assignment1_msgs/msg/detail/odd_no__type_support.cpp
[6.980s] -- Installing: /home/ritwik/rsp/install/assignment1_msgs/include/assignment1_msgs/msg/detail/odd_no__rosidl_typesupport_introspection_cpp.hpp
[6.980s] -- Installing: /home/ritwik/rsp/install/assignment1_msgs/lib/libassignment1_msgs__rosidl_typesupport_introspection_cpp.so
[6.980s] -- Set runtime path of "/home/ritwik/rsp/install/assignment1_msgs/lib/libassignment1_msgs__rosidl_typesupport_introspection_cpp.so" to ""
[6.980s] -- Installing: /home/ritwik/rsp/install/assignment1_msgs/lib/libassignment1_msgs__rosidl_typesupport_cpp.so
[6.980s] -- Set runtime path of "/home/ritwik/rsp/install/assignment1_msgs/lib/libassignment1_msgs__rosidl_typesupport_cpp.so" to ""
[6.980s] -- Installing: /home/ritwik/rsp/install/assignment1_msgs/share/assignment1_msgs/environment/pythonpath.sh
[6.981s] -- Installing: /home/ritwik/rsp/install/assignment1_msgs/share/assignment1_msgs/environment/pythonpath.dsv
[6.981s] -- Installing: /home/ritwik/rsp/install/assignment1_msgs/lib/python3.8/site-packages/assignment1_msgs/__init__.py
[7.008s] Compiling '/home/ritwik/rsp/install/assignment1_msgs/lib/python3.8/site-packages/assignment1_msgs/__init__.py'...
[7.012s] -- Installing: /home/ritwik/rsp/install/assignment1_msgs/lib/python3.8/site-packages/assignment1_msgs/msg
[7.012s] -- Installing: /home/ritwik/rsp/install/assignment1_msgs/lib/python3.8/site-packages/assignment1_msgs/msg/_odd_no.py
[7.012s] -- Installing: /home/ritwik/rsp/install/assignment1_msgs/lib/python3.8/site-packages/assignment1_msgs/msg/_odd_no_s.c
[7.012s] -- Installing: /home/ritwik/rsp/install/assignment1_msgs/lib/python3.8/site-packages/assignment1_msgs/msg/__init__.py
[7.013s] -- Installing: /home/ritwik/rsp/install/assignment1_msgs/lib/python3.8/site-packages/assignment1_msgs/srv
[7.013s] -- Installing: /home/ritwik/rsp/install/assignment1_msgs/lib/python3.8/site-packages/assignment1_msgs/srv/_average.py
[7.013s] -- Installing: /home/ritwik/rsp/install/assignment1_msgs/lib/python3.8/site-packages/assignment1_msgs/srv/_average_s.c
[7.013s] -- Installing: /home/ritwik/rsp/install/assignment1_msgs/lib/python3.8/site-packages/assignment1_msgs/srv/__init__.py
[7.013s] -- Installing: /home/ritwik/rsp/install/assignment1_msgs/lib/python3.8/site-packages/assignment1_msgs/assignment1_msgs_s__rosidl_typesupport_fastrtps_c.cpython-38-x86_64-linux-gnu.so
[7.014s] -- Set runtime path of "/home/ritwik/rsp/install/assignment1_msgs/lib/python3.8/site-packages/assignment1_msgs/assignment1_msgs_s__rosidl_typesupport_fastrtps_c.cpython-38-x86_64-linux-gnu.so" to ""
[7.014s] -- Installing: /home/ritwik/rsp/install/assignment1_msgs/lib/python3.8/site-packages/assignment1_msgs/assignment1_msgs_s__rosidl_typesupport_introspection_c.cpython-38-x86_64-linux-gnu.so
[7.015s] -- Set runtime path of "/home/ritwik/rsp/install/assignment1_msgs/lib/python3.8/site-packages/assignment1_msgs/assignment1_msgs_s__rosidl_typesupport_introspection_c.cpython-38-x86_64-linux-gnu.so" to ""
[7.015s] -- Installing: /home/ritwik/rsp/install/assignment1_msgs/lib/python3.8/site-packages/assignment1_msgs/assignment1_msgs_s__rosidl_typesupport_c.cpython-38-x86_64-linux-gnu.so
[7.015s] -- Set runtime path of "/home/ritwik/rsp/install/assignment1_msgs/lib/python3.8/site-packages/assignment1_msgs/assignment1_msgs_s__rosidl_typesupport_c.cpython-38-x86_64-linux-gnu.so" to ""
[7.016s] -- Installing: /home/ritwik/rsp/install/assignment1_msgs/lib/libassignment1_msgs__python.so
[7.016s] -- Set runtime path of "/home/ritwik/rsp/install/assignment1_msgs/lib/libassignment1_msgs__python.so" to ""
[7.016s] -- Installing: /home/ritwik/rsp/install/assignment1_msgs/share/assignment1_msgs/msg/OddNo.idl
[7.016s] -- Installing: /home/ritwik/rsp/install/assignment1_msgs/share/assignment1_msgs/srv/Average.idl
[7.016s] -- Installing: /home/ritwik/rsp/install/assignment1_msgs/share/assignment1_msgs/msg/OddNo.msg
[7.017s] -- Installing: /home/ritwik/rsp/install/assignment1_msgs/share/assignment1_msgs/srv/Average.srv
[7.017s] -- Installing: /home/ritwik/rsp/install/assignment1_msgs/share/assignment1_msgs/srv/Average_Request.msg
[7.017s] -- Installing: /home/ritwik/rsp/install/assignment1_msgs/share/assignment1_msgs/srv/Average_Response.msg
[7.017s] -- Installing: /home/ritwik/rsp/install/assignment1_msgs/share/ament_index/resource_index/package_run_dependencies/assignment1_msgs
[7.017s] -- Installing: /home/ritwik/rsp/install/assignment1_msgs/share/ament_index/resource_index/parent_prefix_path/assignment1_msgs
[7.017s] -- Installing: /home/ritwik/rsp/install/assignment1_msgs/share/assignment1_msgs/environment/ament_prefix_path.sh
[7.018s] -- Installing: /home/ritwik/rsp/install/assignment1_msgs/share/assignment1_msgs/environment/ament_prefix_path.dsv
[7.018s] -- Installing: /home/ritwik/rsp/install/assignment1_msgs/share/assignment1_msgs/environment/path.sh
[7.018s] -- Installing: /home/ritwik/rsp/install/assignment1_msgs/share/assignment1_msgs/environment/path.dsv
[7.018s] -- Installing: /home/ritwik/rsp/install/assignment1_msgs/share/assignment1_msgs/local_setup.bash
[7.018s] -- Installing: /home/ritwik/rsp/install/assignment1_msgs/share/assignment1_msgs/local_setup.sh
[7.018s] -- Installing: /home/ritwik/rsp/install/assignment1_msgs/share/assignment1_msgs/local_setup.zsh
[7.019s] -- Installing: /home/ritwik/rsp/install/assignment1_msgs/share/assignment1_msgs/local_setup.dsv
[7.019s] -- Installing: /home/ritwik/rsp/install/assignment1_msgs/share/assignment1_msgs/package.dsv
[7.019s] -- Installing: /home/ritwik/rsp/install/assignment1_msgs/share/ament_index/resource_index/packages/assignment1_msgs
[7.019s] -- Installing: /home/ritwik/rsp/install/assignment1_msgs/share/assignment1_msgs/cmake/assignment1_msgs__rosidl_generator_cExport.cmake
[7.019s] -- Installing: /home/ritwik/rsp/install/assignment1_msgs/share/assignment1_msgs/cmake/assignment1_msgs__rosidl_generator_cExport-noconfig.cmake
[7.020s] -- Installing: /home/ritwik/rsp/install/assignment1_msgs/share/assignment1_msgs/cmake/assignment1_msgs__rosidl_typesupport_introspection_cExport.cmake
[7.020s] -- Installing: /home/ritwik/rsp/install/assignment1_msgs/share/assignment1_msgs/cmake/assignment1_msgs__rosidl_typesupport_introspection_cExport-noconfig.cmake
[7.020s] -- Installing: /home/ritwik/rsp/install/assignment1_msgs/share/assignment1_msgs/cmake/assignment1_msgs__rosidl_typesupport_cExport.cmake
[7.020s] -- Installing: /home/ritwik/rsp/install/assignment1_msgs/share/assignment1_msgs/cmake/assignment1_msgs__rosidl_typesupport_cExport-noconfig.cmake
[7.020s] -- Installing: /home/ritwik/rsp/install/assignment1_msgs/share/assignment1_msgs/cmake/assignment1_msgs__rosidl_generator_cppExport.cmake
[7.021s] -- Installing: /home/ritwik/rsp/install/assignment1_msgs/share/assignment1_msgs/cmake/assignment1_msgs__rosidl_typesupport_introspection_cppExport.cmake
[7.021s] -- Installing: /home/ritwik/rsp/install/assignment1_msgs/share/assignment1_msgs/cmake/assignment1_msgs__rosidl_typesupport_introspection_cppExport-noconfig.cmake
[7.021s] -- Installing: /home/ritwik/rsp/install/assignment1_msgs/share/assignment1_msgs/cmake/assignment1_msgs__rosidl_typesupport_cppExport.cmake
[7.021s] -- Installing: /home/ritwik/rsp/install/assignment1_msgs/share/assignment1_msgs/cmake/assignment1_msgs__rosidl_typesupport_cppExport-noconfig.cmake
[7.021s] -- Installing: /home/ritwik/rsp/install/assignment1_msgs/share/assignment1_msgs/cmake/rosidl_cmake-extras.cmake
[7.022s] -- Installing: /home/ritwik/rsp/install/assignment1_msgs/share/assignment1_msgs/cmake/ament_cmake_export_dependencies-extras.cmake
[7.022s] -- Installing: /home/ritwik/rsp/install/assignment1_msgs/share/assignment1_msgs/cmake/ament_cmake_export_libraries-extras.cmake
[7.022s] -- Installing: /home/ritwik/rsp/install/assignment1_msgs/share/assignment1_msgs/cmake/ament_cmake_export_targets-extras.cmake
[7.022s] -- Installing: /home/ritwik/rsp/install/assignment1_msgs/share/assignment1_msgs/cmake/ament_cmake_export_include_directories-extras.cmake
[7.022s] -- Installing: /home/ritwik/rsp/install/assignment1_msgs/share/assignment1_msgs/cmake/rosidl_cmake_export_typesupport_libraries-extras.cmake
[7.022s] -- Installing: /home/ritwik/rsp/install/assignment1_msgs/share/assignment1_msgs/cmake/rosidl_cmake_export_typesupport_targets-extras.cmake
[7.023s] -- Installing: /home/ritwik/rsp/install/assignment1_msgs/share/assignment1_msgs/cmake/assignment1_msgsConfig.cmake
[7.023s] -- Installing: /home/ritwik/rsp/install/assignment1_msgs/share/assignment1_msgs/cmake/assignment1_msgsConfig-version.cmake
[7.023s] -- Installing: /home/ritwik/rsp/install/assignment1_msgs/share/assignment1_msgs/package.xml
[7.026s] Invoked command in '/home/ritwik/rsp/build/assignment1_msgs' returned '0': CMAKE_PREFIX_PATH=${CMAKE_PREFIX_PATH}:/opt/ros/galactic /usr/bin/cmake --install /home/ritwik/rsp/build/assignment1_msgs
