[0.020s] Invoking command in '/home/ritwik/rsp/build/assignment1_srvcli': CMAKE_PREFIX_PATH=/home/ritwik/rsp/install/assignment1_msgs:/home/ritwik/rsp/install/turtles:/home/ritwik/rsp/install/pnp_actionlib:/home/ritwik/rsp/install/pnp_msgs:/home/ritwik/rsp/install/assignment1_subpub:/home/ritwik/rsp/install/assignment1_srvcli:/opt/ros/galactic LD_LIBRARY_PATH=/home/ritwik/rsp/install/assignment1_msgs/lib:/home/ritwik/rsp/install/pnp_actionlib/lib:/home/ritwik/rsp/install/pnp_msgs/lib:/home/ritwik/rsp/install/assignment1_subpub/lib:/home/ritwik/rsp/install/assignment1_srvcli/lib:/opt/ros/galactic/opt/yaml_cpp_vendor/lib:/opt/ros/galactic/opt/rviz_ogre_vendor/lib:/opt/ros/galactic/lib/x86_64-linux-gnu:/opt/ros/galactic/lib PYTHONPATH=/home/ritwik/rsp/install/assignment1_msgs/lib/python3.8/site-packages:/home/ritwik/rsp/install/pnp_msgs/lib/python3.8/site-packages:/opt/ros/galactic/lib/python3.8/site-packages /usr/bin/cmake /home/ritwik/rsp/rrohan2/01/assignment1_srvcli -DCMAKE_INSTALL_PREFIX=/home/ritwik/rsp/install/assignment1_srvcli
[0.091s] -- The C compiler identification is GNU 9.4.0
[0.162s] -- The CXX compiler identification is GNU 9.4.0
[0.167s] -- Check for working C compiler: /usr/bin/cc
[0.245s] -- Check for working C compiler: /usr/bin/cc -- works
[0.246s] -- Detecting C compiler ABI info
[0.330s] -- Detecting C compiler ABI info - done
[0.352s] -- Detecting C compile features
[0.352s] -- Detecting C compile features - done
[0.356s] -- Check for working CXX compiler: /usr/bin/c++
[0.453s] -- Check for working CXX compiler: /usr/bin/c++ -- works
[0.455s] -- Detecting CXX compiler ABI info
[0.554s] -- Detecting CXX compiler ABI info - done
[0.579s] -- Detecting CXX compile features
[0.580s] -- Detecting CXX compile features - done
[0.583s] -- Found ament_cmake: 1.1.6 (/opt/ros/galactic/share/ament_cmake/cmake)
[0.611s] -- Found PythonInterp: /usr/bin/python3 (found suitable version "3.8.10", minimum required is "3") 
[0.611s] -- Using PYTHON_EXECUTABLE: /usr/bin/python3
[0.745s] -- Found rclcpp: 9.2.2 (/opt/ros/galactic/share/rclcpp/cmake)
[0.827s] -- Using all available rosidl_typesupport_c: rosidl_typesupport_fastrtps_c;rosidl_typesupport_introspection_c
[0.838s] -- Found rosidl_adapter: 2.2.3 (/opt/ros/galactic/share/rosidl_adapter/cmake)
[0.971s] -- Found OpenSSL: /usr/lib/x86_64-linux-gnu/libcrypto.so (found version "1.1.1f")  
[1.018s] -- Found FastRTPS: /opt/ros/galactic/include  
[1.154s] -- Using all available rosidl_typesupport_cpp: rosidl_typesupport_fastrtps_cpp;rosidl_typesupport_introspection_cpp
[1.275s] -- Found rmw_implementation_cmake: 3.3.1 (/opt/ros/galactic/share/rmw_implementation_cmake/cmake)
[1.280s] -- Found rmw_cyclonedds_cpp: 0.22.6 (/opt/ros/galactic/share/rmw_cyclonedds_cpp/cmake)
[1.317s] -- Using RMW implementation 'rmw_cyclonedds_cpp' as default
[1.319s] -- Looking for pthread.h
[1.409s] -- Looking for pthread.h - found
[1.409s] -- Performing Test CMAKE_HAVE_LIBC_PTHREAD
[1.505s] -- Performing Test CMAKE_HAVE_LIBC_PTHREAD - Failed
[1.505s] -- Looking for pthread_create in pthreads
[1.578s] -- Looking for pthread_create in pthreads - not found
[1.578s] -- Looking for pthread_create in pthread
[1.662s] -- Looking for pthread_create in pthread - found
[1.664s] -- Found Threads: TRUE  
[1.865s] -- Found assignment1_msgs: 0.0.0 (/home/ritwik/rsp/install/assignment1_msgs/share/assignment1_msgs/cmake)
[1.878s] -- Found ament_lint_auto: 0.10.7 (/opt/ros/galactic/share/ament_lint_auto/cmake)
[1.969s] -- Added test 'copyright' to check source files copyright and LICENSE
[1.971s] -- Added test 'cppcheck' to perform static code analysis on C / C++ code
[1.972s] -- Configured cppcheck include dirs: /home/ritwik/rsp/rrohan2/01/assignment1_srvcli/include
[1.972s] -- Configured cppcheck exclude dirs and/or files: 
[1.974s] -- Added test 'cpplint' to check C / C++ code against the Google style
[1.974s] -- Configured cpplint exclude dirs and/or files: 
[1.975s] -- Added test 'lint_cmake' to check CMake code style
[1.977s] -- Added test 'uncrustify' to check C / C++ code style
[1.977s] -- Configured uncrustify additional arguments: 
[1.978s] -- Added test 'xmllint' to check XML markup files
[1.984s] -- Configuring done
[2.010s] -- Generating done
[2.014s] -- Build files have been written to: /home/ritwik/rsp/build/assignment1_srvcli
[2.027s] Invoked command in '/home/ritwik/rsp/build/assignment1_srvcli' returned '0': CMAKE_PREFIX_PATH=/home/ritwik/rsp/install/assignment1_msgs:/home/ritwik/rsp/install/turtles:/home/ritwik/rsp/install/pnp_actionlib:/home/ritwik/rsp/install/pnp_msgs:/home/ritwik/rsp/install/assignment1_subpub:/home/ritwik/rsp/install/assignment1_srvcli:/opt/ros/galactic LD_LIBRARY_PATH=/home/ritwik/rsp/install/assignment1_msgs/lib:/home/ritwik/rsp/install/pnp_actionlib/lib:/home/ritwik/rsp/install/pnp_msgs/lib:/home/ritwik/rsp/install/assignment1_subpub/lib:/home/ritwik/rsp/install/assignment1_srvcli/lib:/opt/ros/galactic/opt/yaml_cpp_vendor/lib:/opt/ros/galactic/opt/rviz_ogre_vendor/lib:/opt/ros/galactic/lib/x86_64-linux-gnu:/opt/ros/galactic/lib PYTHONPATH=/home/ritwik/rsp/install/assignment1_msgs/lib/python3.8/site-packages:/home/ritwik/rsp/install/pnp_msgs/lib/python3.8/site-packages:/opt/ros/galactic/lib/python3.8/site-packages /usr/bin/cmake /home/ritwik/rsp/rrohan2/01/assignment1_srvcli -DCMAKE_INSTALL_PREFIX=/home/ritwik/rsp/install/assignment1_srvcli
[2.035s] Invoking command in '/home/ritwik/rsp/build/assignment1_srvcli': CMAKE_PREFIX_PATH=/home/ritwik/rsp/install/assignment1_msgs:/home/ritwik/rsp/install/turtles:/home/ritwik/rsp/install/pnp_actionlib:/home/ritwik/rsp/install/pnp_msgs:/home/ritwik/rsp/install/assignment1_subpub:/home/ritwik/rsp/install/assignment1_srvcli:/opt/ros/galactic LD_LIBRARY_PATH=/home/ritwik/rsp/install/assignment1_msgs/lib:/home/ritwik/rsp/install/pnp_actionlib/lib:/home/ritwik/rsp/install/pnp_msgs/lib:/home/ritwik/rsp/install/assignment1_subpub/lib:/home/ritwik/rsp/install/assignment1_srvcli/lib:/opt/ros/galactic/opt/yaml_cpp_vendor/lib:/opt/ros/galactic/opt/rviz_ogre_vendor/lib:/opt/ros/galactic/lib/x86_64-linux-gnu:/opt/ros/galactic/lib PYTHONPATH=/home/ritwik/rsp/install/assignment1_msgs/lib/python3.8/site-packages:/home/ritwik/rsp/install/pnp_msgs/lib/python3.8/site-packages:/opt/ros/galactic/lib/python3.8/site-packages /usr/bin/cmake --build /home/ritwik/rsp/build/assignment1_srvcli -- -j8 -l8
[2.099s] [35m[1mScanning dependencies of target srvcli[0m
[2.183s] [ 14%] [32mBuilding CXX object CMakeFiles/srvcli.dir/src/client.cpp.o[0m
[2.190s] [ 28%] [32mBuilding CXX object CMakeFiles/srvcli.dir/src/server.cpp.o[0m
[7.325s] [ 42%] [32m[1mLinking CXX shared library libsrvcli.so[0m
[7.579s] [ 42%] Built target srvcli
[7.594s] [35m[1mScanning dependencies of target cli[0m
[7.597s] [35m[1mScanning dependencies of target srv[0m
[7.665s] [ 71%] [32mBuilding CXX object CMakeFiles/cli.dir/src/client_node.cpp.o[0m
[7.666s] [ 71%] [32mBuilding CXX object CMakeFiles/srv.dir/src/server_node.cpp.o[0m
[11.138s] [ 85%] [32m[1mLinking CXX executable cli[0m
[11.251s] [100%] [32m[1mLinking CXX executable srv[0m
[11.393s] [100%] Built target cli
[11.513s] [100%] Built target srv
[11.535s] Invoked command in '/home/ritwik/rsp/build/assignment1_srvcli' returned '0': CMAKE_PREFIX_PATH=/home/ritwik/rsp/install/assignment1_msgs:/home/ritwik/rsp/install/turtles:/home/ritwik/rsp/install/pnp_actionlib:/home/ritwik/rsp/install/pnp_msgs:/home/ritwik/rsp/install/assignment1_subpub:/home/ritwik/rsp/install/assignment1_srvcli:/opt/ros/galactic LD_LIBRARY_PATH=/home/ritwik/rsp/install/assignment1_msgs/lib:/home/ritwik/rsp/install/pnp_actionlib/lib:/home/ritwik/rsp/install/pnp_msgs/lib:/home/ritwik/rsp/install/assignment1_subpub/lib:/home/ritwik/rsp/install/assignment1_srvcli/lib:/opt/ros/galactic/opt/yaml_cpp_vendor/lib:/opt/ros/galactic/opt/rviz_ogre_vendor/lib:/opt/ros/galactic/lib/x86_64-linux-gnu:/opt/ros/galactic/lib PYTHONPATH=/home/ritwik/rsp/install/assignment1_msgs/lib/python3.8/site-packages:/home/ritwik/rsp/install/pnp_msgs/lib/python3.8/site-packages:/opt/ros/galactic/lib/python3.8/site-packages /usr/bin/cmake --build /home/ritwik/rsp/build/assignment1_srvcli -- -j8 -l8
[11.589s] Invoking command in '/home/ritwik/rsp/build/assignment1_srvcli': CMAKE_PREFIX_PATH=/home/ritwik/rsp/install/assignment1_msgs:/home/ritwik/rsp/install/turtles:/home/ritwik/rsp/install/pnp_actionlib:/home/ritwik/rsp/install/pnp_msgs:/home/ritwik/rsp/install/assignment1_subpub:/home/ritwik/rsp/install/assignment1_srvcli:/opt/ros/galactic LD_LIBRARY_PATH=/home/ritwik/rsp/install/assignment1_msgs/lib:/home/ritwik/rsp/install/pnp_actionlib/lib:/home/ritwik/rsp/install/pnp_msgs/lib:/home/ritwik/rsp/install/assignment1_subpub/lib:/home/ritwik/rsp/install/assignment1_srvcli/lib:/opt/ros/galactic/opt/yaml_cpp_vendor/lib:/opt/ros/galactic/opt/rviz_ogre_vendor/lib:/opt/ros/galactic/lib/x86_64-linux-gnu:/opt/ros/galactic/lib PYTHONPATH=/home/ritwik/rsp/install/assignment1_msgs/lib/python3.8/site-packages:/home/ritwik/rsp/install/pnp_msgs/lib/python3.8/site-packages:/opt/ros/galactic/lib/python3.8/site-packages /usr/bin/cmake --install /home/ritwik/rsp/build/assignment1_srvcli
[11.605s] -- Install configuration: ""
[11.606s] -- Installing: /home/ritwik/rsp/install/assignment1_srvcli/include
[11.606s] -- Installing: /home/ritwik/rsp/install/assignment1_srvcli/include/assignment1_srvcli
[11.606s] -- Installing: /home/ritwik/rsp/install/assignment1_srvcli/include/assignment1_srvcli/server.hpp
[11.606s] -- Installing: /home/ritwik/rsp/install/assignment1_srvcli/include/assignment1_srvcli/client.hpp
[11.606s] -- Installing: /home/ritwik/rsp/install/assignment1_srvcli/lib/libsrvcli.so
[11.609s] -- Set runtime path of "/home/ritwik/rsp/install/assignment1_srvcli/lib/libsrvcli.so" to ""
[11.609s] -- Installing: /home/ritwik/rsp/install/assignment1_srvcli/lib/assignment1_srvcli/srv
[11.625s] -- Set runtime path of "/home/ritwik/rsp/install/assignment1_srvcli/lib/assignment1_srvcli/srv" to ""
[11.626s] -- Installing: /home/ritwik/rsp/install/assignment1_srvcli/lib/assignment1_srvcli/cli
[11.630s] -- Set runtime path of "/home/ritwik/rsp/install/assignment1_srvcli/lib/assignment1_srvcli/cli" to ""
[11.631s] -- Installing: /home/ritwik/rsp/install/assignment1_srvcli/share/ament_index/resource_index/package_run_dependencies/assignment1_srvcli
[11.631s] -- Installing: /home/ritwik/rsp/install/assignment1_srvcli/share/ament_index/resource_index/parent_prefix_path/assignment1_srvcli
[11.632s] -- Installing: /home/ritwik/rsp/install/assignment1_srvcli/share/assignment1_srvcli/environment/ament_prefix_path.sh
[11.632s] -- Installing: /home/ritwik/rsp/install/assignment1_srvcli/share/assignment1_srvcli/environment/ament_prefix_path.dsv
[11.633s] -- Installing: /home/ritwik/rsp/install/assignment1_srvcli/share/assignment1_srvcli/environment/path.sh
[11.633s] -- Installing: /home/ritwik/rsp/install/assignment1_srvcli/share/assignment1_srvcli/environment/path.dsv
[11.634s] -- Installing: /home/ritwik/rsp/install/assignment1_srvcli/share/assignment1_srvcli/local_setup.bash
[11.634s] -- Installing: /home/ritwik/rsp/install/assignment1_srvcli/share/assignment1_srvcli/local_setup.sh
[11.635s] -- Installing: /home/ritwik/rsp/install/assignment1_srvcli/share/assignment1_srvcli/local_setup.zsh
[11.635s] -- Installing: /home/ritwik/rsp/install/assignment1_srvcli/share/assignment1_srvcli/local_setup.dsv
[11.635s] -- Installing: /home/ritwik/rsp/install/assignment1_srvcli/share/assignment1_srvcli/package.dsv
[11.636s] -- Installing: /home/ritwik/rsp/install/assignment1_srvcli/share/ament_index/resource_index/packages/assignment1_srvcli
[11.636s] -- Installing: /home/ritwik/rsp/install/assignment1_srvcli/share/assignment1_srvcli/cmake/assignment1_srvcliConfig.cmake
[11.636s] -- Installing: /home/ritwik/rsp/install/assignment1_srvcli/share/assignment1_srvcli/cmake/assignment1_srvcliConfig-version.cmake
[11.636s] -- Installing: /home/ritwik/rsp/install/assignment1_srvcli/share/assignment1_srvcli/package.xml
[11.637s] Invoked command in '/home/ritwik/rsp/build/assignment1_srvcli' returned '0': CMAKE_PREFIX_PATH=/home/ritwik/rsp/install/assignment1_msgs:/home/ritwik/rsp/install/turtles:/home/ritwik/rsp/install/pnp_actionlib:/home/ritwik/rsp/install/pnp_msgs:/home/ritwik/rsp/install/assignment1_subpub:/home/ritwik/rsp/install/assignment1_srvcli:/opt/ros/galactic LD_LIBRARY_PATH=/home/ritwik/rsp/install/assignment1_msgs/lib:/home/ritwik/rsp/install/pnp_actionlib/lib:/home/ritwik/rsp/install/pnp_msgs/lib:/home/ritwik/rsp/install/assignment1_subpub/lib:/home/ritwik/rsp/install/assignment1_srvcli/lib:/opt/ros/galactic/opt/yaml_cpp_vendor/lib:/opt/ros/galactic/opt/rviz_ogre_vendor/lib:/opt/ros/galactic/lib/x86_64-linux-gnu:/opt/ros/galactic/lib PYTHONPATH=/home/ritwik/rsp/install/assignment1_msgs/lib/python3.8/site-packages:/home/ritwik/rsp/install/pnp_msgs/lib/python3.8/site-packages:/opt/ros/galactic/lib/python3.8/site-packages /usr/bin/cmake --install /home/ritwik/rsp/build/assignment1_srvcli
