-- The C compiler identification is GNU 9.4.0
-- The CXX compiler identification is GNU 9.4.0
-- Check for working C compiler: /usr/bin/cc
-- Check for working C compiler: /usr/bin/cc -- works
-- Detecting C compiler ABI info
-- Detecting C compiler ABI info - done
-- Detecting C compile features
-- Detecting C compile features - done
-- Check for working CXX compiler: /usr/bin/c++
-- Check for working CXX compiler: /usr/bin/c++ -- works
-- Detecting CXX compiler ABI info
-- Detecting CXX compiler ABI info - done
-- Detecting CXX compile features
-- Detecting CXX compile features - done
-- Found ament_cmake: 1.1.6 (/opt/ros/galactic/share/ament_cmake/cmake)
-- Found PythonInterp: /usr/bin/python3 (found suitable version "3.8.10", minimum required is "3") 
-- Using PYTHON_EXECUTABLE: /usr/bin/python3
-- Found pnp_msgs: 0.0.0 (/home/ritwik/rsp/install/pnp_msgs/share/pnp_msgs/cmake)
-- Using all available rosidl_typesupport_c: rosidl_typesupport_fastrtps_c;rosidl_typesupport_introspection_c
-- Found rosidl_adapter: 2.2.3 (/opt/ros/galactic/share/rosidl_adapter/cmake)
-- Found OpenSSL: /usr/lib/x86_64-linux-gnu/libcrypto.so (found version "1.1.1f")  
-- Found FastRTPS: /opt/ros/galactic/include  
-- Using all available rosidl_typesupport_cpp: rosidl_typesupport_fastrtps_cpp;rosidl_typesupport_introspection_cpp
-- Found rclcpp: 9.2.2 (/opt/ros/galactic/share/rclcpp/cmake)
-- Found rmw_implementation_cmake: 3.3.1 (/opt/ros/galactic/share/rmw_implementation_cmake/cmake)
-- Found rmw_cyclonedds_cpp: 0.22.6 (/opt/ros/galactic/share/rmw_cyclonedds_cpp/cmake)
-- Using RMW implementation 'rmw_cyclonedds_cpp' as default
-- Looking for pthread.h
-- Looking for pthread.h - found
-- Performing Test CMAKE_HAVE_LIBC_PTHREAD
-- Performing Test CMAKE_HAVE_LIBC_PTHREAD - Failed
-- Looking for pthread_create in pthreads
-- Looking for pthread_create in pthreads - not found
-- Looking for pthread_create in pthread
-- Looking for pthread_create in pthread - found
-- Found Threads: TRUE  
-- Found rclcpp_action: 9.2.2 (/opt/ros/galactic/share/rclcpp_action/cmake)
-- Found ament_lint_auto: 0.10.7 (/opt/ros/galactic/share/ament_lint_auto/cmake)
-- Added test 'copyright' to check source files copyright and LICENSE
-- Added test 'cppcheck' to perform static code analysis on C / C++ code
-- Configured cppcheck include dirs: /home/ritwik/rsp/rrohan2/02/pnp_actionlib/include
-- Configured cppcheck exclude dirs and/or files: 
-- Added test 'cpplint' to check C / C++ code against the Google style
-- Configured cpplint exclude dirs and/or files: 
-- Added test 'lint_cmake' to check CMake code style
-- Added test 'uncrustify' to check C / C++ code style
-- Configured uncrustify additional arguments: 
-- Added test 'xmllint' to check XML markup files
-- Configuring done
-- Generating done
-- Build files have been written to: /home/ritwik/rsp/build/pnp_actionlib
[35m[1mScanning dependencies of target pnp[0m
[ 12%] [32mBuilding CXX object CMakeFiles/pnp.dir/src/pnp_action.cpp.o[0m
[ 25%] [32mBuilding CXX object CMakeFiles/pnp.dir/src/robot_action.cpp.o[0m
[ 37%] [32mBuilding CXX object CMakeFiles/pnp.dir/src/gripper_action.cpp.o[0m
[ 50%] [32m[1mLinking CXX shared library libpnp.so[0m
[ 50%] Built target pnp
[35m[1mScanning dependencies of target server[0m
[35m[1mScanning dependencies of target client[0m
[ 75%] [32mBuilding CXX object CMakeFiles/client.dir/src/pnp_client.cpp.o[0m
[ 75%] [32mBuilding CXX object CMakeFiles/server.dir/src/pnp_server.cpp.o[0m
[ 87%] [32m[1mLinking CXX executable client[0m
[ 87%] Built target client
[100%] [32m[1mLinking CXX executable server[0m
[100%] Built target server
-- Install configuration: ""
-- Installing: /home/ritwik/rsp/install/pnp_actionlib/include
-- Installing: /home/ritwik/rsp/install/pnp_actionlib/include/pnp_actionlib
-- Installing: /home/ritwik/rsp/install/pnp_actionlib/include/pnp_actionlib/robot_action.hpp
-- Installing: /home/ritwik/rsp/install/pnp_actionlib/include/pnp_actionlib/pnp_action.hpp
-- Installing: /home/ritwik/rsp/install/pnp_actionlib/include/pnp_actionlib/gripper_action.hpp
-- Installing: /home/ritwik/rsp/install/pnp_actionlib/lib/libpnp.so
-- Set runtime path of "/home/ritwik/rsp/install/pnp_actionlib/lib/libpnp.so" to ""
-- Installing: /home/ritwik/rsp/install/pnp_actionlib/lib/pnp_actionlib/server
-- Set runtime path of "/home/ritwik/rsp/install/pnp_actionlib/lib/pnp_actionlib/server" to ""
-- Installing: /home/ritwik/rsp/install/pnp_actionlib/lib/pnp_actionlib/client
-- Set runtime path of "/home/ritwik/rsp/install/pnp_actionlib/lib/pnp_actionlib/client" to ""
-- Installing: /home/ritwik/rsp/install/pnp_actionlib/share/ament_index/resource_index/package_run_dependencies/pnp_actionlib
-- Installing: /home/ritwik/rsp/install/pnp_actionlib/share/ament_index/resource_index/parent_prefix_path/pnp_actionlib
-- Installing: /home/ritwik/rsp/install/pnp_actionlib/share/pnp_actionlib/environment/ament_prefix_path.sh
-- Installing: /home/ritwik/rsp/install/pnp_actionlib/share/pnp_actionlib/environment/ament_prefix_path.dsv
-- Installing: /home/ritwik/rsp/install/pnp_actionlib/share/pnp_actionlib/environment/path.sh
-- Installing: /home/ritwik/rsp/install/pnp_actionlib/share/pnp_actionlib/environment/path.dsv
-- Installing: /home/ritwik/rsp/install/pnp_actionlib/share/pnp_actionlib/local_setup.bash
-- Installing: /home/ritwik/rsp/install/pnp_actionlib/share/pnp_actionlib/local_setup.sh
-- Installing: /home/ritwik/rsp/install/pnp_actionlib/share/pnp_actionlib/local_setup.zsh
-- Installing: /home/ritwik/rsp/install/pnp_actionlib/share/pnp_actionlib/local_setup.dsv
-- Installing: /home/ritwik/rsp/install/pnp_actionlib/share/pnp_actionlib/package.dsv
-- Installing: /home/ritwik/rsp/install/pnp_actionlib/share/ament_index/resource_index/packages/pnp_actionlib
-- Installing: /home/ritwik/rsp/install/pnp_actionlib/share/pnp_actionlib/cmake/pnp_actionlibConfig.cmake
-- Installing: /home/ritwik/rsp/install/pnp_actionlib/share/pnp_actionlib/cmake/pnp_actionlibConfig-version.cmake
-- Installing: /home/ritwik/rsp/install/pnp_actionlib/share/pnp_actionlib/package.xml
