[0.043s] Invoking command in '/home/ritwik/rsp/build/pnp_actionlib': CMAKE_PREFIX_PATH=/home/ritwik/rsp/install/pnp_msgs:/home/ritwik/rsp/install/turtles:/home/ritwik/rsp/install/pnp_actionlib:/home/ritwik/rsp/install/assignment1_subpub:/home/ritwik/rsp/install/assignment1_srvcli:/home/ritwik/rsp/install/assignment1_msgs:/opt/ros/galactic LD_LIBRARY_PATH=/home/ritwik/rsp/install/pnp_msgs/lib:/home/ritwik/rsp/install/pnp_actionlib/lib:/home/ritwik/rsp/install/assignment1_subpub/lib:/home/ritwik/rsp/install/assignment1_srvcli/lib:/home/ritwik/rsp/install/assignment1_msgs/lib:/opt/ros/galactic/opt/yaml_cpp_vendor/lib:/opt/ros/galactic/opt/rviz_ogre_vendor/lib:/opt/ros/galactic/lib/x86_64-linux-gnu:/opt/ros/galactic/lib /usr/bin/cmake /home/ritwik/rsp/rrohan2/02/pnp_actionlib -DCMAKE_INSTALL_PREFIX=/home/ritwik/rsp/install/pnp_actionlib
[0.150s] -- The C compiler identification is GNU 9.4.0
[0.259s] -- The CXX compiler identification is GNU 9.4.0
[0.269s] -- Check for working C compiler: /usr/bin/cc
[0.379s] -- Check for working C compiler: /usr/bin/cc -- works
[0.380s] -- Detecting C compiler ABI info
[0.487s] -- Detecting C compiler ABI info - done
[0.514s] -- Detecting C compile features
[0.515s] -- Detecting C compile features - done
[0.520s] -- Check for working CXX compiler: /usr/bin/c++
[0.647s] -- Check for working CXX compiler: /usr/bin/c++ -- works
[0.649s] -- Detecting CXX compiler ABI info
[0.795s] -- Detecting CXX compiler ABI info - done
[0.813s] -- Detecting CXX compile features
[0.814s] -- Detecting CXX compile features - done
[0.817s] -- Found ament_cmake: 1.1.6 (/opt/ros/galactic/share/ament_cmake/cmake)
[0.851s] -- Found PythonInterp: /usr/bin/python3 (found suitable version "3.8.10", minimum required is "3") 
[0.851s] -- Using PYTHON_EXECUTABLE: /usr/bin/python3
[0.966s] -- Found pnp_msgs: 0.0.0 (/home/ritwik/rsp/install/pnp_msgs/share/pnp_msgs/cmake)
[1.024s] -- Using all available rosidl_typesupport_c: rosidl_typesupport_fastrtps_c;rosidl_typesupport_introspection_c
[1.036s] -- Found rosidl_adapter: 2.2.3 (/opt/ros/galactic/share/rosidl_adapter/cmake)
[1.176s] -- Found OpenSSL: /usr/lib/x86_64-linux-gnu/libcrypto.so (found version "1.1.1f")  
[1.230s] -- Found FastRTPS: /opt/ros/galactic/include  
[1.369s] -- Using all available rosidl_typesupport_cpp: rosidl_typesupport_fastrtps_cpp;rosidl_typesupport_introspection_cpp
[1.521s] -- Found rclcpp: 9.2.2 (/opt/ros/galactic/share/rclcpp/cmake)
[1.582s] -- Found rmw_implementation_cmake: 3.3.1 (/opt/ros/galactic/share/rmw_implementation_cmake/cmake)
[1.585s] -- Found rmw_cyclonedds_cpp: 0.22.6 (/opt/ros/galactic/share/rmw_cyclonedds_cpp/cmake)
[1.609s] -- Using RMW implementation 'rmw_cyclonedds_cpp' as default
[1.610s] -- Looking for pthread.h
[1.699s] -- Looking for pthread.h - found
[1.699s] -- Performing Test CMAKE_HAVE_LIBC_PTHREAD
[1.794s] -- Performing Test CMAKE_HAVE_LIBC_PTHREAD - Failed
[1.795s] -- Looking for pthread_create in pthreads
[1.868s] -- Looking for pthread_create in pthreads - not found
[1.868s] -- Looking for pthread_create in pthread
[1.958s] -- Looking for pthread_create in pthread - found
[1.959s] -- Found Threads: TRUE  
[2.158s] -- Found rclcpp_action: 9.2.2 (/opt/ros/galactic/share/rclcpp_action/cmake)
[2.202s] -- Found ament_lint_auto: 0.10.7 (/opt/ros/galactic/share/ament_lint_auto/cmake)
[2.301s] -- Added test 'copyright' to check source files copyright and LICENSE
[2.303s] -- Added test 'cppcheck' to perform static code analysis on C / C++ code
[2.303s] -- Configured cppcheck include dirs: /home/ritwik/rsp/rrohan2/02/pnp_actionlib/include
[2.304s] -- Configured cppcheck exclude dirs and/or files: 
[2.305s] -- Added test 'cpplint' to check C / C++ code against the Google style
[2.305s] -- Configured cpplint exclude dirs and/or files: 
[2.306s] -- Added test 'lint_cmake' to check CMake code style
[2.308s] -- Added test 'uncrustify' to check C / C++ code style
[2.308s] -- Configured uncrustify additional arguments: 
[2.309s] -- Added test 'xmllint' to check XML markup files
[2.315s] -- Configuring done
[2.339s] -- Generating done
[2.341s] -- Build files have been written to: /home/ritwik/rsp/build/pnp_actionlib
[2.353s] Invoked command in '/home/ritwik/rsp/build/pnp_actionlib' returned '0': CMAKE_PREFIX_PATH=/home/ritwik/rsp/install/pnp_msgs:/home/ritwik/rsp/install/turtles:/home/ritwik/rsp/install/pnp_actionlib:/home/ritwik/rsp/install/assignment1_subpub:/home/ritwik/rsp/install/assignment1_srvcli:/home/ritwik/rsp/install/assignment1_msgs:/opt/ros/galactic LD_LIBRARY_PATH=/home/ritwik/rsp/install/pnp_msgs/lib:/home/ritwik/rsp/install/pnp_actionlib/lib:/home/ritwik/rsp/install/assignment1_subpub/lib:/home/ritwik/rsp/install/assignment1_srvcli/lib:/home/ritwik/rsp/install/assignment1_msgs/lib:/opt/ros/galactic/opt/yaml_cpp_vendor/lib:/opt/ros/galactic/opt/rviz_ogre_vendor/lib:/opt/ros/galactic/lib/x86_64-linux-gnu:/opt/ros/galactic/lib /usr/bin/cmake /home/ritwik/rsp/rrohan2/02/pnp_actionlib -DCMAKE_INSTALL_PREFIX=/home/ritwik/rsp/install/pnp_actionlib
[2.357s] Invoking command in '/home/ritwik/rsp/build/pnp_actionlib': CMAKE_PREFIX_PATH=/home/ritwik/rsp/install/pnp_msgs:/home/ritwik/rsp/install/turtles:/home/ritwik/rsp/install/pnp_actionlib:/home/ritwik/rsp/install/assignment1_subpub:/home/ritwik/rsp/install/assignment1_srvcli:/home/ritwik/rsp/install/assignment1_msgs:/opt/ros/galactic LD_LIBRARY_PATH=/home/ritwik/rsp/install/pnp_msgs/lib:/home/ritwik/rsp/install/pnp_actionlib/lib:/home/ritwik/rsp/install/assignment1_subpub/lib:/home/ritwik/rsp/install/assignment1_srvcli/lib:/home/ritwik/rsp/install/assignment1_msgs/lib:/opt/ros/galactic/opt/yaml_cpp_vendor/lib:/opt/ros/galactic/opt/rviz_ogre_vendor/lib:/opt/ros/galactic/lib/x86_64-linux-gnu:/opt/ros/galactic/lib /usr/bin/cmake --build /home/ritwik/rsp/build/pnp_actionlib -- -j8 -l8
[2.406s] [35m[1mScanning dependencies of target pnp[0m
[2.495s] [ 12%] [32mBuilding CXX object CMakeFiles/pnp.dir/src/pnp_action.cpp.o[0m
[2.497s] [ 25%] [32mBuilding CXX object CMakeFiles/pnp.dir/src/robot_action.cpp.o[0m
[2.498s] [ 37%] [32mBuilding CXX object CMakeFiles/pnp.dir/src/gripper_action.cpp.o[0m
[10.628s] [ 50%] [32m[1mLinking CXX shared library libpnp.so[0m
[10.989s] [ 50%] Built target pnp
[11.001s] [35m[1mScanning dependencies of target server[0m
[11.001s] [35m[1mScanning dependencies of target client[0m
[11.050s] [ 75%] [32mBuilding CXX object CMakeFiles/client.dir/src/pnp_client.cpp.o[0m
[11.050s] [ 75%] [32mBuilding CXX object CMakeFiles/server.dir/src/pnp_server.cpp.o[0m
[13.698s] [ 87%] [32m[1mLinking CXX executable client[0m
[13.904s] [ 87%] Built target client
[13.983s] [100%] [32m[1mLinking CXX executable server[0m
[14.173s] [100%] Built target server
[14.188s] Invoked command in '/home/ritwik/rsp/build/pnp_actionlib' returned '0': CMAKE_PREFIX_PATH=/home/ritwik/rsp/install/pnp_msgs:/home/ritwik/rsp/install/turtles:/home/ritwik/rsp/install/pnp_actionlib:/home/ritwik/rsp/install/assignment1_subpub:/home/ritwik/rsp/install/assignment1_srvcli:/home/ritwik/rsp/install/assignment1_msgs:/opt/ros/galactic LD_LIBRARY_PATH=/home/ritwik/rsp/install/pnp_msgs/lib:/home/ritwik/rsp/install/pnp_actionlib/lib:/home/ritwik/rsp/install/assignment1_subpub/lib:/home/ritwik/rsp/install/assignment1_srvcli/lib:/home/ritwik/rsp/install/assignment1_msgs/lib:/opt/ros/galactic/opt/yaml_cpp_vendor/lib:/opt/ros/galactic/opt/rviz_ogre_vendor/lib:/opt/ros/galactic/lib/x86_64-linux-gnu:/opt/ros/galactic/lib /usr/bin/cmake --build /home/ritwik/rsp/build/pnp_actionlib -- -j8 -l8
[14.231s] Invoking command in '/home/ritwik/rsp/build/pnp_actionlib': CMAKE_PREFIX_PATH=/home/ritwik/rsp/install/pnp_msgs:/home/ritwik/rsp/install/turtles:/home/ritwik/rsp/install/pnp_actionlib:/home/ritwik/rsp/install/assignment1_subpub:/home/ritwik/rsp/install/assignment1_srvcli:/home/ritwik/rsp/install/assignment1_msgs:/opt/ros/galactic LD_LIBRARY_PATH=/home/ritwik/rsp/install/pnp_msgs/lib:/home/ritwik/rsp/install/pnp_actionlib/lib:/home/ritwik/rsp/install/assignment1_subpub/lib:/home/ritwik/rsp/install/assignment1_srvcli/lib:/home/ritwik/rsp/install/assignment1_msgs/lib:/opt/ros/galactic/opt/yaml_cpp_vendor/lib:/opt/ros/galactic/opt/rviz_ogre_vendor/lib:/opt/ros/galactic/lib/x86_64-linux-gnu:/opt/ros/galactic/lib /usr/bin/cmake --install /home/ritwik/rsp/build/pnp_actionlib
[14.240s] -- Install configuration: ""
[14.241s] -- Installing: /home/ritwik/rsp/install/pnp_actionlib/include
[14.241s] -- Installing: /home/ritwik/rsp/install/pnp_actionlib/include/pnp_actionlib
[14.241s] -- Installing: /home/ritwik/rsp/install/pnp_actionlib/include/pnp_actionlib/robot_action.hpp
[14.241s] -- Installing: /home/ritwik/rsp/install/pnp_actionlib/include/pnp_actionlib/pnp_action.hpp
[14.242s] -- Installing: /home/ritwik/rsp/install/pnp_actionlib/include/pnp_actionlib/gripper_action.hpp
[14.242s] -- Installing: /home/ritwik/rsp/install/pnp_actionlib/lib/libpnp.so
[14.247s] -- Set runtime path of "/home/ritwik/rsp/install/pnp_actionlib/lib/libpnp.so" to ""
[14.247s] -- Installing: /home/ritwik/rsp/install/pnp_actionlib/lib/pnp_actionlib/server
[14.248s] -- Set runtime path of "/home/ritwik/rsp/install/pnp_actionlib/lib/pnp_actionlib/server" to ""
[14.248s] -- Installing: /home/ritwik/rsp/install/pnp_actionlib/lib/pnp_actionlib/client
[14.249s] -- Set runtime path of "/home/ritwik/rsp/install/pnp_actionlib/lib/pnp_actionlib/client" to ""
[14.249s] -- Installing: /home/ritwik/rsp/install/pnp_actionlib/share/ament_index/resource_index/package_run_dependencies/pnp_actionlib
[14.249s] -- Installing: /home/ritwik/rsp/install/pnp_actionlib/share/ament_index/resource_index/parent_prefix_path/pnp_actionlib
[14.249s] -- Installing: /home/ritwik/rsp/install/pnp_actionlib/share/pnp_actionlib/environment/ament_prefix_path.sh
[14.249s] -- Installing: /home/ritwik/rsp/install/pnp_actionlib/share/pnp_actionlib/environment/ament_prefix_path.dsv
[14.250s] -- Installing: /home/ritwik/rsp/install/pnp_actionlib/share/pnp_actionlib/environment/path.sh
[14.250s] -- Installing: /home/ritwik/rsp/install/pnp_actionlib/share/pnp_actionlib/environment/path.dsv
[14.250s] -- Installing: /home/ritwik/rsp/install/pnp_actionlib/share/pnp_actionlib/local_setup.bash
[14.250s] -- Installing: /home/ritwik/rsp/install/pnp_actionlib/share/pnp_actionlib/local_setup.sh
[14.250s] -- Installing: /home/ritwik/rsp/install/pnp_actionlib/share/pnp_actionlib/local_setup.zsh
[14.251s] -- Installing: /home/ritwik/rsp/install/pnp_actionlib/share/pnp_actionlib/local_setup.dsv
[14.251s] -- Installing: /home/ritwik/rsp/install/pnp_actionlib/share/pnp_actionlib/package.dsv
[14.251s] -- Installing: /home/ritwik/rsp/install/pnp_actionlib/share/ament_index/resource_index/packages/pnp_actionlib
[14.251s] -- Installing: /home/ritwik/rsp/install/pnp_actionlib/share/pnp_actionlib/cmake/pnp_actionlibConfig.cmake
[14.251s] -- Installing: /home/ritwik/rsp/install/pnp_actionlib/share/pnp_actionlib/cmake/pnp_actionlibConfig-version.cmake
[14.252s] -- Installing: /home/ritwik/rsp/install/pnp_actionlib/share/pnp_actionlib/package.xml
[14.253s] Invoked command in '/home/ritwik/rsp/build/pnp_actionlib' returned '0': CMAKE_PREFIX_PATH=/home/ritwik/rsp/install/pnp_msgs:/home/ritwik/rsp/install/turtles:/home/ritwik/rsp/install/pnp_actionlib:/home/ritwik/rsp/install/assignment1_subpub:/home/ritwik/rsp/install/assignment1_srvcli:/home/ritwik/rsp/install/assignment1_msgs:/opt/ros/galactic LD_LIBRARY_PATH=/home/ritwik/rsp/install/pnp_msgs/lib:/home/ritwik/rsp/install/pnp_actionlib/lib:/home/ritwik/rsp/install/assignment1_subpub/lib:/home/ritwik/rsp/install/assignment1_srvcli/lib:/home/ritwik/rsp/install/assignment1_msgs/lib:/opt/ros/galactic/opt/yaml_cpp_vendor/lib:/opt/ros/galactic/opt/rviz_ogre_vendor/lib:/opt/ros/galactic/lib/x86_64-linux-gnu:/opt/ros/galactic/lib /usr/bin/cmake --install /home/ritwik/rsp/build/pnp_actionlib
