[0.054s] Invoking command in '/home/aditya/rsp/build/turtles': CMAKE_PREFIX_PATH=/home/aditya/rsp/install/turtles:/home/aditya/rsp/install/robot_gripper:/home/aditya/rsp/install/robot_description:/home/aditya/rsp/install/pnp_actionlib:/home/aditya/rsp/install/pnp_msgs:/home/aditya/rsp/install/gripper_description:/home/aditya/rsp/install/edumip_gazebo:/home/aditya/rsp/install/edumip_description:/home/aditya/rsp/install/assignment1_subpub:/home/aditya/rsp/install/assignment1_srvcli:/home/aditya/rsp/install/assignment1_msgs:/opt/ros/galactic:/home/aditya/catkin_ws/devel:/opt/ros/noetic /usr/bin/cmake /home/aditya/rsp/rrohan2/03/turtles -DCMAKE_INSTALL_PREFIX=/home/aditya/rsp/install/turtles
[0.149s] -- The C compiler identification is GNU 9.4.0
[0.257s] -- The CXX compiler identification is GNU 9.4.0
[0.266s] -- Check for working C compiler: /usr/bin/cc
[0.394s] -- Check for working C compiler: /usr/bin/cc -- works
[0.396s] -- Detecting C compiler ABI info
[0.520s] -- Detecting C compiler ABI info - done
[0.545s] -- Detecting C compile features
[0.546s] -- Detecting C compile features - done
[0.550s] -- Check for working CXX compiler: /usr/bin/c++
[0.700s] -- Check for working CXX compiler: /usr/bin/c++ -- works
[0.701s] -- Detecting CXX compiler ABI info
[0.821s] -- Detecting CXX compiler ABI info - done
[0.842s] -- Detecting CXX compile features
[0.842s] -- Detecting CXX compile features - done
[0.845s] -- Found ament_cmake: 1.1.6 (/opt/ros/galactic/share/ament_cmake/cmake)
[0.880s] -- Found PythonInterp: /usr/bin/python3 (found suitable version "3.8.10", minimum required is "3") 
[0.880s] -- Using PYTHON_EXECUTABLE: /usr/bin/python3
[0.986s] -- Found geometry_msgs: 2.2.4 (/opt/ros/galactic/share/geometry_msgs/cmake)
[1.043s] -- Using all available rosidl_typesupport_c: rosidl_typesupport_fastrtps_c;rosidl_typesupport_introspection_c
[1.054s] -- Found rosidl_adapter: 2.2.3 (/opt/ros/galactic/share/rosidl_adapter/cmake)
[1.191s] -- Found OpenSSL: /usr/lib/x86_64-linux-gnu/libcrypto.so (found version "1.1.1f")  
[1.249s] -- Found FastRTPS: /opt/ros/galactic/include  
[1.376s] -- Using all available rosidl_typesupport_cpp: rosidl_typesupport_fastrtps_cpp;rosidl_typesupport_introspection_cpp
[1.475s] -- Found rclcpp: 9.2.2 (/opt/ros/galactic/share/rclcpp/cmake)
[1.564s] -- Found rmw_implementation_cmake: 3.3.1 (/opt/ros/galactic/share/rmw_implementation_cmake/cmake)
[1.569s] -- Found rmw_cyclonedds_cpp: 0.22.6 (/opt/ros/galactic/share/rmw_cyclonedds_cpp/cmake)
[1.595s] -- Using RMW implementation 'rmw_cyclonedds_cpp' as default
[1.597s] -- Looking for pthread.h
[1.712s] -- Looking for pthread.h - found
[1.712s] -- Performing Test CMAKE_HAVE_LIBC_PTHREAD
[1.830s] -- Performing Test CMAKE_HAVE_LIBC_PTHREAD - Failed
[1.830s] -- Looking for pthread_create in pthreads
[1.924s] -- Looking for pthread_create in pthreads - not found
[1.925s] -- Looking for pthread_create in pthread
[2.050s] -- Looking for pthread_create in pthread - found
[2.052s] -- Found Threads: TRUE  
[2.330s] -- Found tf2: 0.17.5 (/opt/ros/galactic/share/tf2/cmake)
[2.351s] -- Found tf2_ros: 0.17.5 (/opt/ros/galactic/share/tf2_ros/cmake)
[3.116s] -- Found turtlesim: 1.3.4 (/opt/ros/galactic/share/turtlesim/cmake)
[3.279s] -- Found ament_lint_auto: 0.10.7 (/opt/ros/galactic/share/ament_lint_auto/cmake)
[3.557s] -- Added test 'copyright' to check source files copyright and LICENSE
[3.560s] -- Added test 'cppcheck' to perform static code analysis on C / C++ code
[3.560s] -- Configured cppcheck include dirs: 
[3.575s] -- Configured cppcheck exclude dirs and/or files: 
[3.577s] -- Added test 'cpplint' to check C / C++ code against the Google style
[3.577s] -- Configured cpplint exclude dirs and/or files: 
[3.579s] -- Added test 'lint_cmake' to check CMake code style
[3.595s] -- Added test 'uncrustify' to check C / C++ code style
[3.595s] -- Configured uncrustify additional arguments: 
[3.596s] -- Added test 'xmllint' to check XML markup files
[3.603s] -- Configuring done
[3.650s] -- Generating done
[3.653s] -- Build files have been written to: /home/aditya/rsp/build/turtles
[3.799s] Invoked command in '/home/aditya/rsp/build/turtles' returned '0': CMAKE_PREFIX_PATH=/home/aditya/rsp/install/turtles:/home/aditya/rsp/install/robot_gripper:/home/aditya/rsp/install/robot_description:/home/aditya/rsp/install/pnp_actionlib:/home/aditya/rsp/install/pnp_msgs:/home/aditya/rsp/install/gripper_description:/home/aditya/rsp/install/edumip_gazebo:/home/aditya/rsp/install/edumip_description:/home/aditya/rsp/install/assignment1_subpub:/home/aditya/rsp/install/assignment1_srvcli:/home/aditya/rsp/install/assignment1_msgs:/opt/ros/galactic:/home/aditya/catkin_ws/devel:/opt/ros/noetic /usr/bin/cmake /home/aditya/rsp/rrohan2/03/turtles -DCMAKE_INSTALL_PREFIX=/home/aditya/rsp/install/turtles
[3.800s] Invoking command in '/home/aditya/rsp/build/turtles': CMAKE_PREFIX_PATH=/home/aditya/rsp/install/turtles:/home/aditya/rsp/install/robot_gripper:/home/aditya/rsp/install/robot_description:/home/aditya/rsp/install/pnp_actionlib:/home/aditya/rsp/install/pnp_msgs:/home/aditya/rsp/install/gripper_description:/home/aditya/rsp/install/edumip_gazebo:/home/aditya/rsp/install/edumip_description:/home/aditya/rsp/install/assignment1_subpub:/home/aditya/rsp/install/assignment1_srvcli:/home/aditya/rsp/install/assignment1_msgs:/opt/ros/galactic:/home/aditya/catkin_ws/devel:/opt/ros/noetic /usr/bin/cmake --build /home/aditya/rsp/build/turtles -- -j8 -l8
[4.004s] [35m[1mScanning dependencies of target broadcaster[0m
[4.115s] [ 50%] [32mBuilding CXX object CMakeFiles/broadcaster.dir/src/broadcaster.cpp.o[0m
[18.394s] [100%] [32m[1mLinking CXX executable broadcaster[0m
[19.215s] [100%] Built target broadcaster
[19.231s] Invoked command in '/home/aditya/rsp/build/turtles' returned '0': CMAKE_PREFIX_PATH=/home/aditya/rsp/install/turtles:/home/aditya/rsp/install/robot_gripper:/home/aditya/rsp/install/robot_description:/home/aditya/rsp/install/pnp_actionlib:/home/aditya/rsp/install/pnp_msgs:/home/aditya/rsp/install/gripper_description:/home/aditya/rsp/install/edumip_gazebo:/home/aditya/rsp/install/edumip_description:/home/aditya/rsp/install/assignment1_subpub:/home/aditya/rsp/install/assignment1_srvcli:/home/aditya/rsp/install/assignment1_msgs:/opt/ros/galactic:/home/aditya/catkin_ws/devel:/opt/ros/noetic /usr/bin/cmake --build /home/aditya/rsp/build/turtles -- -j8 -l8
[19.272s] Invoking command in '/home/aditya/rsp/build/turtles': CMAKE_PREFIX_PATH=/home/aditya/rsp/install/turtles:/home/aditya/rsp/install/robot_gripper:/home/aditya/rsp/install/robot_description:/home/aditya/rsp/install/pnp_actionlib:/home/aditya/rsp/install/pnp_msgs:/home/aditya/rsp/install/gripper_description:/home/aditya/rsp/install/edumip_gazebo:/home/aditya/rsp/install/edumip_description:/home/aditya/rsp/install/assignment1_subpub:/home/aditya/rsp/install/assignment1_srvcli:/home/aditya/rsp/install/assignment1_msgs:/opt/ros/galactic:/home/aditya/catkin_ws/devel:/opt/ros/noetic /usr/bin/cmake --install /home/aditya/rsp/build/turtles
[19.283s] -- Install configuration: ""
[19.284s] -- Installing: /home/aditya/rsp/install/turtles/share/turtles/rviz
[19.284s] -- Installing: /home/aditya/rsp/install/turtles/share/turtles/rviz/rvizconfig.rviz
[19.284s] -- Installing: /home/aditya/rsp/install/turtles/share/turtles/launch
[19.285s] -- Installing: /home/aditya/rsp/install/turtles/share/turtles/launch/two_turtles.launch
[19.285s] -- Installing: /home/aditya/rsp/install/turtles/share/turtles/launch/two_turtles_broadcasters.launch
[19.285s] -- Installing: /home/aditya/rsp/install/turtles/share/turtles/launch/two_broadcasters.launch
[19.285s] -- Installing: /home/aditya/rsp/install/turtles/lib/turtles/broadcaster
[19.289s] -- Set runtime path of "/home/aditya/rsp/install/turtles/lib/turtles/broadcaster" to ""
[19.289s] -- Installing: /home/aditya/rsp/install/turtles/share/ament_index/resource_index/package_run_dependencies/turtles
[19.290s] -- Installing: /home/aditya/rsp/install/turtles/share/ament_index/resource_index/parent_prefix_path/turtles
[19.290s] -- Installing: /home/aditya/rsp/install/turtles/share/turtles/environment/ament_prefix_path.sh
[19.290s] -- Installing: /home/aditya/rsp/install/turtles/share/turtles/environment/ament_prefix_path.dsv
[19.290s] -- Installing: /home/aditya/rsp/install/turtles/share/turtles/environment/path.sh
[19.291s] -- Installing: /home/aditya/rsp/install/turtles/share/turtles/environment/path.dsv
[19.291s] -- Installing: /home/aditya/rsp/install/turtles/share/turtles/local_setup.bash
[19.291s] -- Installing: /home/aditya/rsp/install/turtles/share/turtles/local_setup.sh
[19.291s] -- Installing: /home/aditya/rsp/install/turtles/share/turtles/local_setup.zsh
[19.292s] -- Installing: /home/aditya/rsp/install/turtles/share/turtles/local_setup.dsv
[19.292s] -- Installing: /home/aditya/rsp/install/turtles/share/turtles/package.dsv
[19.292s] -- Installing: /home/aditya/rsp/install/turtles/share/ament_index/resource_index/packages/turtles
[19.292s] -- Installing: /home/aditya/rsp/install/turtles/share/turtles/cmake/turtlesConfig.cmake
[19.293s] -- Installing: /home/aditya/rsp/install/turtles/share/turtles/cmake/turtlesConfig-version.cmake
[19.293s] -- Installing: /home/aditya/rsp/install/turtles/share/turtles/package.xml
[19.301s] Invoked command in '/home/aditya/rsp/build/turtles' returned '0': CMAKE_PREFIX_PATH=/home/aditya/rsp/install/turtles:/home/aditya/rsp/install/robot_gripper:/home/aditya/rsp/install/robot_description:/home/aditya/rsp/install/pnp_actionlib:/home/aditya/rsp/install/pnp_msgs:/home/aditya/rsp/install/gripper_description:/home/aditya/rsp/install/edumip_gazebo:/home/aditya/rsp/install/edumip_description:/home/aditya/rsp/install/assignment1_subpub:/home/aditya/rsp/install/assignment1_srvcli:/home/aditya/rsp/install/assignment1_msgs:/opt/ros/galactic:/home/aditya/catkin_ws/devel:/opt/ros/noetic /usr/bin/cmake --install /home/aditya/rsp/build/turtles
