-- The C compiler identification is GNU 9.4.0
-- The CXX compiler identification is GNU 9.4.0
-- Check for working C compiler: /usr/bin/cc
-- Check for working C compiler: /usr/bin/cc -- works
-- Detecting C compiler ABI info
-- Detecting C compiler ABI info - done
-- Detecting C compile features
-- Detecting C compile features - done
-- Check for working CXX compiler: /usr/bin/c++
-- Check for working CXX compiler: /usr/bin/c++ -- works
-- Detecting CXX compiler ABI info
-- Detecting CXX compiler ABI info - done
-- Detecting CXX compile features
-- Detecting CXX compile features - done
-- Found ament_cmake: 1.1.6 (/opt/ros/galactic/share/ament_cmake/cmake)
-- Found PythonInterp: /usr/bin/python3 (found suitable version "3.8.10", minimum required is "3") 
-- Using PYTHON_EXECUTABLE: /usr/bin/python3
-- Found rosidl_default_generators: 1.1.1 (/opt/ros/galactic/share/rosidl_default_generators/cmake)
-- Using all available rosidl_typesupport_c: rosidl_typesupport_fastrtps_c;rosidl_typesupport_introspection_c
-- Found rosidl_adapter: 2.2.3 (/opt/ros/galactic/share/rosidl_adapter/cmake)
-- Found OpenSSL: /usr/lib/x86_64-linux-gnu/libcrypto.so (found version "1.1.1f")  
-- Found FastRTPS: /opt/ros/galactic/include  
-- Using all available rosidl_typesupport_cpp: rosidl_typesupport_fastrtps_cpp;rosidl_typesupport_introspection_cpp
-- Found PythonInterp: /usr/bin/python3 (found version "3.8.10") 
-- Found ament_cmake_ros: 0.9.2 (/opt/ros/galactic/share/ament_cmake_ros/cmake)
-- Using all available rosidl_typesupport_c: rosidl_typesupport_fastrtps_c;rosidl_typesupport_introspection_c
-- Using all available rosidl_typesupport_cpp: rosidl_typesupport_fastrtps_cpp;rosidl_typesupport_introspection_cpp
-- Found PythonInterp: /usr/bin/python3 (found suitable version "3.8.10", minimum required is "3.5") 
-- Found python_cmake_module: 0.8.1 (/opt/ros/galactic/share/python_cmake_module/cmake)
-- Found PythonLibs: /usr/lib/x86_64-linux-gnu/libpython3.8.so (found suitable version "3.8.10", minimum required is "3.5") 
-- Using PYTHON_EXECUTABLE: /usr/bin/python3
-- Using PYTHON_INCLUDE_DIRS: /usr/include/python3.8
-- Using PYTHON_LIBRARIES: /usr/lib/x86_64-linux-gnu/libpython3.8.so
-- Found PythonExtra: .so  
-- Found ament_lint_auto: 0.10.7 (/opt/ros/galactic/share/ament_lint_auto/cmake)
-- Added test 'copyright' to check source files copyright and LICENSE
-- Added test 'lint_cmake' to check CMake code style
-- Added test 'xmllint' to check XML markup files
-- Configuring done
-- Generating done
-- Build files have been written to: /home/ritwik/rsp/build/pnp_msgs
[  2%] [34m[1mGenerating C code for ROS interfaces[0m
[35m[1mScanning dependencies of target pnp_msgs__cpp[0m
[  4%] [34m[1mGenerating C++ code for ROS interfaces[0m
[35m[1mScanning dependencies of target pnp_msgs__rosidl_generator_c[0m
[ 10%] [32mBuilding C object CMakeFiles/pnp_msgs__rosidl_generator_c.dir/rosidl_generator_c/pnp_msgs/action/detail/gripper__functions.c.o[0m
[ 10%] [32mBuilding C object CMakeFiles/pnp_msgs__rosidl_generator_c.dir/rosidl_generator_c/pnp_msgs/action/detail/robot__functions.c.o[0m
[ 10%] [32mBuilding C object CMakeFiles/pnp_msgs__rosidl_generator_c.dir/rosidl_generator_c/pnp_msgs/action/detail/pick_and_place__functions.c.o[0m
[ 10%] Built target pnp_msgs__cpp
[ 14%] [34m[1mGenerating C++ introspection for ROS interfaces[0m
[ 14%] [34m[1mGenerating C++ type support dispatch for ROS interfaces[0m
[ 17%] [34m[1mGenerating C++ type support for eProsima Fast-RTPS[0m
[ 19%] [32m[1mLinking C shared library libpnp_msgs__rosidl_generator_c.so[0m
[ 19%] Built target pnp_msgs__rosidl_generator_c
[ 21%] [34m[1mGenerating C introspection for ROS interfaces[0m
[ 23%] [34m[1mGenerating C type support dispatch for ROS interfaces[0m
[35m[1mScanning dependencies of target pnp_msgs__rosidl_typesupport_cpp[0m
[ 25%] [32mBuilding CXX object CMakeFiles/pnp_msgs__rosidl_typesupport_cpp.dir/rosidl_typesupport_cpp/pnp_msgs/action/gripper__type_support.cpp.o[0m
[ 27%] [32mBuilding CXX object CMakeFiles/pnp_msgs__rosidl_typesupport_cpp.dir/rosidl_typesupport_cpp/pnp_msgs/action/pick_and_place__type_support.cpp.o[0m
[ 29%] [32mBuilding CXX object CMakeFiles/pnp_msgs__rosidl_typesupport_cpp.dir/rosidl_typesupport_cpp/pnp_msgs/action/robot__type_support.cpp.o[0m
[35m[1mScanning dependencies of target pnp_msgs__rosidl_typesupport_c[0m
[ 34%] [32mBuilding CXX object CMakeFiles/pnp_msgs__rosidl_typesupport_c.dir/rosidl_typesupport_c/pnp_msgs/action/pick_and_place__type_support.cpp.o[0m
[ 34%] [32mBuilding CXX object CMakeFiles/pnp_msgs__rosidl_typesupport_c.dir/rosidl_typesupport_c/pnp_msgs/action/gripper__type_support.cpp.o[0m
[ 36%] [32mBuilding CXX object CMakeFiles/pnp_msgs__rosidl_typesupport_c.dir/rosidl_typesupport_c/pnp_msgs/action/robot__type_support.cpp.o[0m
[35m[1mScanning dependencies of target pnp_msgs__rosidl_typesupport_introspection_cpp[0m
[ 38%] [32mBuilding CXX object CMakeFiles/pnp_msgs__rosidl_typesupport_introspection_cpp.dir/rosidl_typesupport_introspection_cpp/pnp_msgs/action/detail/gripper__type_support.cpp.o[0m
[ 40%] [32mBuilding CXX object CMakeFiles/pnp_msgs__rosidl_typesupport_introspection_cpp.dir/rosidl_typesupport_introspection_cpp/pnp_msgs/action/detail/pick_and_place__type_support.cpp.o[0m
[ 42%] [32m[1mLinking CXX shared library libpnp_msgs__rosidl_typesupport_c.so[0m
[ 42%] Built target pnp_msgs__rosidl_typesupport_c
[35m[1mScanning dependencies of target pnp_msgs__rosidl_typesupport_fastrtps_cpp[0m
[35m[1mScanning dependencies of target pnp_msgs__rosidl_typesupport_introspection_c[0m
[ 46%] [32mBuilding CXX object CMakeFiles/pnp_msgs__rosidl_typesupport_fastrtps_cpp.dir/rosidl_typesupport_fastrtps_cpp/pnp_msgs/action/detail/dds_fastrtps/gripper__type_support.cpp.o[0m
[ 46%] [32mBuilding CXX object CMakeFiles/pnp_msgs__rosidl_typesupport_introspection_cpp.dir/rosidl_typesupport_introspection_cpp/pnp_msgs/action/detail/robot__type_support.cpp.o[0m
[ 48%] [32mBuilding C object CMakeFiles/pnp_msgs__rosidl_typesupport_introspection_c.dir/rosidl_typesupport_introspection_c/pnp_msgs/action/detail/gripper__type_support.c.o[0m
[ 51%] [32mBuilding CXX object CMakeFiles/pnp_msgs__rosidl_typesupport_fastrtps_cpp.dir/rosidl_typesupport_fastrtps_cpp/pnp_msgs/action/detail/dds_fastrtps/pick_and_place__type_support.cpp.o[0m
[ 53%] [32mBuilding CXX object CMakeFiles/pnp_msgs__rosidl_typesupport_fastrtps_cpp.dir/rosidl_typesupport_fastrtps_cpp/pnp_msgs/action/detail/dds_fastrtps/robot__type_support.cpp.o[0m
[ 55%] [32m[1mLinking CXX shared library libpnp_msgs__rosidl_typesupport_cpp.so[0m
[ 57%] [32mBuilding C object CMakeFiles/pnp_msgs__rosidl_typesupport_introspection_c.dir/rosidl_typesupport_introspection_c/pnp_msgs/action/detail/pick_and_place__type_support.c.o[0m
[ 57%] Built target pnp_msgs__rosidl_typesupport_cpp
[ 59%] [32mBuilding C object CMakeFiles/pnp_msgs__rosidl_typesupport_introspection_c.dir/rosidl_typesupport_introspection_c/pnp_msgs/action/detail/robot__type_support.c.o[0m
[ 61%] [32m[1mLinking C shared library libpnp_msgs__rosidl_typesupport_introspection_c.so[0m
[ 61%] Built target pnp_msgs__rosidl_typesupport_introspection_c
[ 63%] [32m[1mLinking CXX shared library libpnp_msgs__rosidl_typesupport_introspection_cpp.so[0m
[ 63%] Built target pnp_msgs__rosidl_typesupport_introspection_cpp
[ 65%] [32m[1mLinking CXX shared library libpnp_msgs__rosidl_typesupport_fastrtps_cpp.so[0m
[ 65%] Built target pnp_msgs__rosidl_typesupport_fastrtps_cpp
[ 68%] [34m[1mGenerating C type support for eProsima Fast-RTPS[0m
[35m[1mScanning dependencies of target pnp_msgs__rosidl_typesupport_fastrtps_c[0m
[ 70%] [32mBuilding CXX object CMakeFiles/pnp_msgs__rosidl_typesupport_fastrtps_c.dir/rosidl_typesupport_fastrtps_c/pnp_msgs/action/detail/gripper__type_support_c.cpp.o[0m
[ 72%] [32mBuilding CXX object CMakeFiles/pnp_msgs__rosidl_typesupport_fastrtps_c.dir/rosidl_typesupport_fastrtps_c/pnp_msgs/action/detail/pick_and_place__type_support_c.cpp.o[0m
[ 74%] [32mBuilding CXX object CMakeFiles/pnp_msgs__rosidl_typesupport_fastrtps_c.dir/rosidl_typesupport_fastrtps_c/pnp_msgs/action/detail/robot__type_support_c.cpp.o[0m
[ 76%] [32m[1mLinking CXX shared library libpnp_msgs__rosidl_typesupport_fastrtps_c.so[0m
[ 76%] Built target pnp_msgs__rosidl_typesupport_fastrtps_c
[35m[1mScanning dependencies of target pnp_msgs[0m
[ 76%] Built target pnp_msgs
[35m[1mScanning dependencies of target pnp_msgs__py[0m
[ 78%] [34m[1mGenerating Python code for ROS interfaces[0m
[ 78%] Built target pnp_msgs__py
[35m[1mScanning dependencies of target pnp_msgs__python[0m
[ 80%] [32mBuilding C object CMakeFiles/pnp_msgs__python.dir/rosidl_generator_py/pnp_msgs/action/_pick_and_place_s.c.o[0m
[ 82%] [32mBuilding C object CMakeFiles/pnp_msgs__python.dir/rosidl_generator_py/pnp_msgs/action/_gripper_s.c.o[0m
[ 85%] [32mBuilding C object CMakeFiles/pnp_msgs__python.dir/rosidl_generator_py/pnp_msgs/action/_robot_s.c.o[0m
[ 87%] [32m[1mLinking C shared library rosidl_generator_py/pnp_msgs/libpnp_msgs__python.so[0m
[ 87%] Built target pnp_msgs__python
[35m[1mScanning dependencies of target pnp_msgs__rosidl_typesupport_c__pyext[0m
[35m[1mScanning dependencies of target pnp_msgs__rosidl_typesupport_introspection_c__pyext[0m
[35m[1mScanning dependencies of target pnp_msgs__rosidl_typesupport_fastrtps_c__pyext[0m
[ 89%] [32mBuilding C object CMakeFiles/pnp_msgs__rosidl_typesupport_introspection_c__pyext.dir/rosidl_generator_py/pnp_msgs/_pnp_msgs_s.ep.rosidl_typesupport_introspection_c.c.o[0m
[ 91%] [32mBuilding C object CMakeFiles/pnp_msgs__rosidl_typesupport_c__pyext.dir/rosidl_generator_py/pnp_msgs/_pnp_msgs_s.ep.rosidl_typesupport_c.c.o[0m
[ 93%] [32mBuilding C object CMakeFiles/pnp_msgs__rosidl_typesupport_fastrtps_c__pyext.dir/rosidl_generator_py/pnp_msgs/_pnp_msgs_s.ep.rosidl_typesupport_fastrtps_c.c.o[0m
[ 95%] [32m[1mLinking C shared library rosidl_generator_py/pnp_msgs/pnp_msgs_s__rosidl_typesupport_introspection_c.cpython-38-x86_64-linux-gnu.so[0m
[ 97%] [32m[1mLinking C shared library rosidl_generator_py/pnp_msgs/pnp_msgs_s__rosidl_typesupport_c.cpython-38-x86_64-linux-gnu.so[0m
[100%] [32m[1mLinking CXX shared library rosidl_generator_py/pnp_msgs/pnp_msgs_s__rosidl_typesupport_fastrtps_c.cpython-38-x86_64-linux-gnu.so[0m
[100%] Built target pnp_msgs__rosidl_typesupport_introspection_c__pyext
[100%] Built target pnp_msgs__rosidl_typesupport_c__pyext
[100%] Built target pnp_msgs__rosidl_typesupport_fastrtps_c__pyext
-- Install configuration: ""
-- Installing: /home/ritwik/rsp/install/pnp_msgs/share/ament_index/resource_index/rosidl_interfaces/pnp_msgs
-- Installing: /home/ritwik/rsp/install/pnp_msgs/include/pnp_msgs
-- Installing: /home/ritwik/rsp/install/pnp_msgs/include/pnp_msgs/msg
-- Installing: /home/ritwik/rsp/install/pnp_msgs/include/pnp_msgs/msg/rosidl_generator_c__visibility_control.h
-- Installing: /home/ritwik/rsp/install/pnp_msgs/include/pnp_msgs/action
-- Installing: /home/ritwik/rsp/install/pnp_msgs/include/pnp_msgs/action/pick_and_place.h
-- Installing: /home/ritwik/rsp/install/pnp_msgs/include/pnp_msgs/action/gripper.h
-- Installing: /home/ritwik/rsp/install/pnp_msgs/include/pnp_msgs/action/detail
-- Installing: /home/ritwik/rsp/install/pnp_msgs/include/pnp_msgs/action/detail/robot__functions.c
-- Installing: /home/ritwik/rsp/install/pnp_msgs/include/pnp_msgs/action/detail/robot__functions.h
-- Installing: /home/ritwik/rsp/install/pnp_msgs/include/pnp_msgs/action/detail/robot__struct.h
-- Installing: /home/ritwik/rsp/install/pnp_msgs/include/pnp_msgs/action/detail/gripper__type_support.h
-- Installing: /home/ritwik/rsp/install/pnp_msgs/include/pnp_msgs/action/detail/pick_and_place__functions.c
-- Installing: /home/ritwik/rsp/install/pnp_msgs/include/pnp_msgs/action/detail/pick_and_place__type_support.h
-- Installing: /home/ritwik/rsp/install/pnp_msgs/include/pnp_msgs/action/detail/gripper__functions.h
-- Installing: /home/ritwik/rsp/install/pnp_msgs/include/pnp_msgs/action/detail/robot__type_support.h
-- Installing: /home/ritwik/rsp/install/pnp_msgs/include/pnp_msgs/action/detail/gripper__struct.h
-- Installing: /home/ritwik/rsp/install/pnp_msgs/include/pnp_msgs/action/detail/pick_and_place__functions.h
-- Installing: /home/ritwik/rsp/install/pnp_msgs/include/pnp_msgs/action/detail/gripper__functions.c
-- Installing: /home/ritwik/rsp/install/pnp_msgs/include/pnp_msgs/action/detail/pick_and_place__struct.h
-- Installing: /home/ritwik/rsp/install/pnp_msgs/include/pnp_msgs/action/robot.h
-- Installing: /home/ritwik/rsp/install/pnp_msgs/share/pnp_msgs/environment/library_path.sh
-- Installing: /home/ritwik/rsp/install/pnp_msgs/share/pnp_msgs/environment/library_path.dsv
-- Installing: /home/ritwik/rsp/install/pnp_msgs/lib/libpnp_msgs__rosidl_generator_c.so
-- Set runtime path of "/home/ritwik/rsp/install/pnp_msgs/lib/libpnp_msgs__rosidl_generator_c.so" to ""
-- Up-to-date: /home/ritwik/rsp/install/pnp_msgs/include/pnp_msgs
-- Up-to-date: /home/ritwik/rsp/install/pnp_msgs/include/pnp_msgs/msg
-- Installing: /home/ritwik/rsp/install/pnp_msgs/include/pnp_msgs/msg/rosidl_typesupport_fastrtps_c__visibility_control.h
-- Up-to-date: /home/ritwik/rsp/install/pnp_msgs/include/pnp_msgs/action
-- Up-to-date: /home/ritwik/rsp/install/pnp_msgs/include/pnp_msgs/action/detail
-- Installing: /home/ritwik/rsp/install/pnp_msgs/include/pnp_msgs/action/detail/gripper__rosidl_typesupport_fastrtps_c.h
-- Installing: /home/ritwik/rsp/install/pnp_msgs/include/pnp_msgs/action/detail/pick_and_place__rosidl_typesupport_fastrtps_c.h
-- Installing: /home/ritwik/rsp/install/pnp_msgs/include/pnp_msgs/action/detail/robot__rosidl_typesupport_fastrtps_c.h
-- Installing: /home/ritwik/rsp/install/pnp_msgs/lib/libpnp_msgs__rosidl_typesupport_fastrtps_c.so
-- Set runtime path of "/home/ritwik/rsp/install/pnp_msgs/lib/libpnp_msgs__rosidl_typesupport_fastrtps_c.so" to ""
-- Up-to-date: /home/ritwik/rsp/install/pnp_msgs/include/pnp_msgs
-- Up-to-date: /home/ritwik/rsp/install/pnp_msgs/include/pnp_msgs/msg
-- Installing: /home/ritwik/rsp/install/pnp_msgs/include/pnp_msgs/msg/rosidl_typesupport_fastrtps_cpp__visibility_control.h
-- Up-to-date: /home/ritwik/rsp/install/pnp_msgs/include/pnp_msgs/action
-- Up-to-date: /home/ritwik/rsp/install/pnp_msgs/include/pnp_msgs/action/detail
-- Installing: /home/ritwik/rsp/install/pnp_msgs/include/pnp_msgs/action/detail/pick_and_place__rosidl_typesupport_fastrtps_cpp.hpp
-- Installing: /home/ritwik/rsp/install/pnp_msgs/include/pnp_msgs/action/detail/robot__rosidl_typesupport_fastrtps_cpp.hpp
-- Installing: /home/ritwik/rsp/install/pnp_msgs/include/pnp_msgs/action/detail/dds_fastrtps
-- Installing: /home/ritwik/rsp/install/pnp_msgs/include/pnp_msgs/action/detail/gripper__rosidl_typesupport_fastrtps_cpp.hpp
-- Installing: /home/ritwik/rsp/install/pnp_msgs/lib/libpnp_msgs__rosidl_typesupport_fastrtps_cpp.so
-- Set runtime path of "/home/ritwik/rsp/install/pnp_msgs/lib/libpnp_msgs__rosidl_typesupport_fastrtps_cpp.so" to ""
-- Up-to-date: /home/ritwik/rsp/install/pnp_msgs/include/pnp_msgs
-- Up-to-date: /home/ritwik/rsp/install/pnp_msgs/include/pnp_msgs/msg
-- Installing: /home/ritwik/rsp/install/pnp_msgs/include/pnp_msgs/msg/rosidl_typesupport_introspection_c__visibility_control.h
-- Up-to-date: /home/ritwik/rsp/install/pnp_msgs/include/pnp_msgs/action
-- Up-to-date: /home/ritwik/rsp/install/pnp_msgs/include/pnp_msgs/action/detail
-- Installing: /home/ritwik/rsp/install/pnp_msgs/include/pnp_msgs/action/detail/pick_and_place__rosidl_typesupport_introspection_c.h
-- Installing: /home/ritwik/rsp/install/pnp_msgs/include/pnp_msgs/action/detail/robot__type_support.c
-- Installing: /home/ritwik/rsp/install/pnp_msgs/include/pnp_msgs/action/detail/pick_and_place__type_support.c
-- Installing: /home/ritwik/rsp/install/pnp_msgs/include/pnp_msgs/action/detail/robot__rosidl_typesupport_introspection_c.h
-- Installing: /home/ritwik/rsp/install/pnp_msgs/include/pnp_msgs/action/detail/gripper__rosidl_typesupport_introspection_c.h
-- Installing: /home/ritwik/rsp/install/pnp_msgs/include/pnp_msgs/action/detail/gripper__type_support.c
-- Installing: /home/ritwik/rsp/install/pnp_msgs/lib/libpnp_msgs__rosidl_typesupport_introspection_c.so
-- Set runtime path of "/home/ritwik/rsp/install/pnp_msgs/lib/libpnp_msgs__rosidl_typesupport_introspection_c.so" to ""
-- Installing: /home/ritwik/rsp/install/pnp_msgs/lib/libpnp_msgs__rosidl_typesupport_c.so
-- Set runtime path of "/home/ritwik/rsp/install/pnp_msgs/lib/libpnp_msgs__rosidl_typesupport_c.so" to ""
-- Up-to-date: /home/ritwik/rsp/install/pnp_msgs/include/pnp_msgs
-- Up-to-date: /home/ritwik/rsp/install/pnp_msgs/include/pnp_msgs/action
-- Installing: /home/ritwik/rsp/install/pnp_msgs/include/pnp_msgs/action/pick_and_place.hpp
-- Installing: /home/ritwik/rsp/install/pnp_msgs/include/pnp_msgs/action/gripper.hpp
-- Up-to-date: /home/ritwik/rsp/install/pnp_msgs/include/pnp_msgs/action/detail
-- Installing: /home/ritwik/rsp/install/pnp_msgs/include/pnp_msgs/action/detail/gripper__traits.hpp
-- Installing: /home/ritwik/rsp/install/pnp_msgs/include/pnp_msgs/action/detail/robot__traits.hpp
-- Installing: /home/ritwik/rsp/install/pnp_msgs/include/pnp_msgs/action/detail/robot__struct.hpp
-- Installing: /home/ritwik/rsp/install/pnp_msgs/include/pnp_msgs/action/detail/pick_and_place__builder.hpp
-- Installing: /home/ritwik/rsp/install/pnp_msgs/include/pnp_msgs/action/detail/pick_and_place__struct.hpp
-- Installing: /home/ritwik/rsp/install/pnp_msgs/include/pnp_msgs/action/detail/pick_and_place__traits.hpp
-- Installing: /home/ritwik/rsp/install/pnp_msgs/include/pnp_msgs/action/detail/gripper__struct.hpp
-- Installing: /home/ritwik/rsp/install/pnp_msgs/include/pnp_msgs/action/detail/robot__builder.hpp
-- Installing: /home/ritwik/rsp/install/pnp_msgs/include/pnp_msgs/action/detail/gripper__builder.hpp
-- Installing: /home/ritwik/rsp/install/pnp_msgs/include/pnp_msgs/action/robot.hpp
-- Up-to-date: /home/ritwik/rsp/install/pnp_msgs/include/pnp_msgs
-- Up-to-date: /home/ritwik/rsp/install/pnp_msgs/include/pnp_msgs/action
-- Up-to-date: /home/ritwik/rsp/install/pnp_msgs/include/pnp_msgs/action/detail
-- Installing: /home/ritwik/rsp/install/pnp_msgs/include/pnp_msgs/action/detail/pick_and_place__type_support.cpp
-- Installing: /home/ritwik/rsp/install/pnp_msgs/include/pnp_msgs/action/detail/robot__rosidl_typesupport_introspection_cpp.hpp
-- Installing: /home/ritwik/rsp/install/pnp_msgs/include/pnp_msgs/action/detail/pick_and_place__rosidl_typesupport_introspection_cpp.hpp
-- Installing: /home/ritwik/rsp/install/pnp_msgs/include/pnp_msgs/action/detail/gripper__rosidl_typesupport_introspection_cpp.hpp
-- Installing: /home/ritwik/rsp/install/pnp_msgs/include/pnp_msgs/action/detail/robot__type_support.cpp
-- Installing: /home/ritwik/rsp/install/pnp_msgs/include/pnp_msgs/action/detail/gripper__type_support.cpp
-- Installing: /home/ritwik/rsp/install/pnp_msgs/lib/libpnp_msgs__rosidl_typesupport_introspection_cpp.so
-- Set runtime path of "/home/ritwik/rsp/install/pnp_msgs/lib/libpnp_msgs__rosidl_typesupport_introspection_cpp.so" to ""
-- Installing: /home/ritwik/rsp/install/pnp_msgs/lib/libpnp_msgs__rosidl_typesupport_cpp.so
-- Set runtime path of "/home/ritwik/rsp/install/pnp_msgs/lib/libpnp_msgs__rosidl_typesupport_cpp.so" to ""
-- Installing: /home/ritwik/rsp/install/pnp_msgs/share/pnp_msgs/environment/pythonpath.sh
-- Installing: /home/ritwik/rsp/install/pnp_msgs/share/pnp_msgs/environment/pythonpath.dsv
-- Installing: /home/ritwik/rsp/install/pnp_msgs/lib/python3.8/site-packages/pnp_msgs/__init__.py
Compiling '/home/ritwik/rsp/install/pnp_msgs/lib/python3.8/site-packages/pnp_msgs/__init__.py'...
-- Installing: /home/ritwik/rsp/install/pnp_msgs/lib/python3.8/site-packages/pnp_msgs/action
-- Installing: /home/ritwik/rsp/install/pnp_msgs/lib/python3.8/site-packages/pnp_msgs/action/_robot_s.c
-- Installing: /home/ritwik/rsp/install/pnp_msgs/lib/python3.8/site-packages/pnp_msgs/action/_robot.py
-- Installing: /home/ritwik/rsp/install/pnp_msgs/lib/python3.8/site-packages/pnp_msgs/action/_pick_and_place_s.c
-- Installing: /home/ritwik/rsp/install/pnp_msgs/lib/python3.8/site-packages/pnp_msgs/action/_gripper_s.c
-- Installing: /home/ritwik/rsp/install/pnp_msgs/lib/python3.8/site-packages/pnp_msgs/action/_gripper.py
-- Installing: /home/ritwik/rsp/install/pnp_msgs/lib/python3.8/site-packages/pnp_msgs/action/_pick_and_place.py
-- Installing: /home/ritwik/rsp/install/pnp_msgs/lib/python3.8/site-packages/pnp_msgs/action/__init__.py
-- Installing: /home/ritwik/rsp/install/pnp_msgs/lib/python3.8/site-packages/pnp_msgs/pnp_msgs_s__rosidl_typesupport_fastrtps_c.cpython-38-x86_64-linux-gnu.so
-- Set runtime path of "/home/ritwik/rsp/install/pnp_msgs/lib/python3.8/site-packages/pnp_msgs/pnp_msgs_s__rosidl_typesupport_fastrtps_c.cpython-38-x86_64-linux-gnu.so" to ""
-- Installing: /home/ritwik/rsp/install/pnp_msgs/lib/python3.8/site-packages/pnp_msgs/pnp_msgs_s__rosidl_typesupport_introspection_c.cpython-38-x86_64-linux-gnu.so
-- Set runtime path of "/home/ritwik/rsp/install/pnp_msgs/lib/python3.8/site-packages/pnp_msgs/pnp_msgs_s__rosidl_typesupport_introspection_c.cpython-38-x86_64-linux-gnu.so" to ""
-- Installing: /home/ritwik/rsp/install/pnp_msgs/lib/python3.8/site-packages/pnp_msgs/pnp_msgs_s__rosidl_typesupport_c.cpython-38-x86_64-linux-gnu.so
-- Set runtime path of "/home/ritwik/rsp/install/pnp_msgs/lib/python3.8/site-packages/pnp_msgs/pnp_msgs_s__rosidl_typesupport_c.cpython-38-x86_64-linux-gnu.so" to ""
-- Installing: /home/ritwik/rsp/install/pnp_msgs/lib/libpnp_msgs__python.so
-- Set runtime path of "/home/ritwik/rsp/install/pnp_msgs/lib/libpnp_msgs__python.so" to ""
-- Installing: /home/ritwik/rsp/install/pnp_msgs/share/pnp_msgs/action/Gripper.idl
-- Installing: /home/ritwik/rsp/install/pnp_msgs/share/pnp_msgs/action/PickAndPlace.idl
-- Installing: /home/ritwik/rsp/install/pnp_msgs/share/pnp_msgs/action/Robot.idl
-- Installing: /home/ritwik/rsp/install/pnp_msgs/share/pnp_msgs/action/Gripper.action
-- Installing: /home/ritwik/rsp/install/pnp_msgs/share/pnp_msgs/action/PickAndPlace.action
-- Installing: /home/ritwik/rsp/install/pnp_msgs/share/pnp_msgs/action/Robot.action
-- Installing: /home/ritwik/rsp/install/pnp_msgs/share/ament_index/resource_index/package_run_dependencies/pnp_msgs
-- Installing: /home/ritwik/rsp/install/pnp_msgs/share/ament_index/resource_index/parent_prefix_path/pnp_msgs
-- Installing: /home/ritwik/rsp/install/pnp_msgs/share/pnp_msgs/environment/ament_prefix_path.sh
-- Installing: /home/ritwik/rsp/install/pnp_msgs/share/pnp_msgs/environment/ament_prefix_path.dsv
-- Installing: /home/ritwik/rsp/install/pnp_msgs/share/pnp_msgs/environment/path.sh
-- Installing: /home/ritwik/rsp/install/pnp_msgs/share/pnp_msgs/environment/path.dsv
-- Installing: /home/ritwik/rsp/install/pnp_msgs/share/pnp_msgs/local_setup.bash
-- Installing: /home/ritwik/rsp/install/pnp_msgs/share/pnp_msgs/local_setup.sh
-- Installing: /home/ritwik/rsp/install/pnp_msgs/share/pnp_msgs/local_setup.zsh
-- Installing: /home/ritwik/rsp/install/pnp_msgs/share/pnp_msgs/local_setup.dsv
-- Installing: /home/ritwik/rsp/install/pnp_msgs/share/pnp_msgs/package.dsv
-- Installing: /home/ritwik/rsp/install/pnp_msgs/share/ament_index/resource_index/packages/pnp_msgs
-- Installing: /home/ritwik/rsp/install/pnp_msgs/share/pnp_msgs/cmake/pnp_msgs__rosidl_generator_cExport.cmake
-- Installing: /home/ritwik/rsp/install/pnp_msgs/share/pnp_msgs/cmake/pnp_msgs__rosidl_generator_cExport-noconfig.cmake
-- Installing: /home/ritwik/rsp/install/pnp_msgs/share/pnp_msgs/cmake/pnp_msgs__rosidl_typesupport_introspection_cExport.cmake
-- Installing: /home/ritwik/rsp/install/pnp_msgs/share/pnp_msgs/cmake/pnp_msgs__rosidl_typesupport_introspection_cExport-noconfig.cmake
-- Installing: /home/ritwik/rsp/install/pnp_msgs/share/pnp_msgs/cmake/pnp_msgs__rosidl_typesupport_cExport.cmake
-- Installing: /home/ritwik/rsp/install/pnp_msgs/share/pnp_msgs/cmake/pnp_msgs__rosidl_typesupport_cExport-noconfig.cmake
-- Installing: /home/ritwik/rsp/install/pnp_msgs/share/pnp_msgs/cmake/pnp_msgs__rosidl_generator_cppExport.cmake
-- Installing: /home/ritwik/rsp/install/pnp_msgs/share/pnp_msgs/cmake/pnp_msgs__rosidl_typesupport_introspection_cppExport.cmake
-- Installing: /home/ritwik/rsp/install/pnp_msgs/share/pnp_msgs/cmake/pnp_msgs__rosidl_typesupport_introspection_cppExport-noconfig.cmake
-- Installing: /home/ritwik/rsp/install/pnp_msgs/share/pnp_msgs/cmake/pnp_msgs__rosidl_typesupport_cppExport.cmake
-- Installing: /home/ritwik/rsp/install/pnp_msgs/share/pnp_msgs/cmake/pnp_msgs__rosidl_typesupport_cppExport-noconfig.cmake
-- Installing: /home/ritwik/rsp/install/pnp_msgs/share/pnp_msgs/cmake/rosidl_cmake-extras.cmake
-- Installing: /home/ritwik/rsp/install/pnp_msgs/share/pnp_msgs/cmake/ament_cmake_export_dependencies-extras.cmake
-- Installing: /home/ritwik/rsp/install/pnp_msgs/share/pnp_msgs/cmake/ament_cmake_export_libraries-extras.cmake
-- Installing: /home/ritwik/rsp/install/pnp_msgs/share/pnp_msgs/cmake/ament_cmake_export_targets-extras.cmake
-- Installing: /home/ritwik/rsp/install/pnp_msgs/share/pnp_msgs/cmake/ament_cmake_export_include_directories-extras.cmake
-- Installing: /home/ritwik/rsp/install/pnp_msgs/share/pnp_msgs/cmake/rosidl_cmake_export_typesupport_libraries-extras.cmake
-- Installing: /home/ritwik/rsp/install/pnp_msgs/share/pnp_msgs/cmake/rosidl_cmake_export_typesupport_targets-extras.cmake
-- Installing: /home/ritwik/rsp/install/pnp_msgs/share/pnp_msgs/cmake/pnp_msgsConfig.cmake
-- Installing: /home/ritwik/rsp/install/pnp_msgs/share/pnp_msgs/cmake/pnp_msgsConfig-version.cmake
-- Installing: /home/ritwik/rsp/install/pnp_msgs/share/pnp_msgs/package.xml
