[0.030s] Invoking command in '/home/ritwik/rsp/build/pnp_msgs': CMAKE_PREFIX_PATH=${CMAKE_PREFIX_PATH}:/opt/ros/galactic /usr/bin/cmake /home/ritwik/rsp/rrohan2/02/pnp_msgs -DCMAKE_INSTALL_PREFIX=/home/ritwik/rsp/install/pnp_msgs
[0.098s] -- The C compiler identification is GNU 9.4.0
[0.166s] -- The CXX compiler identification is GNU 9.4.0
[0.173s] -- Check for working C compiler: /usr/bin/cc
[0.260s] -- Check for working C compiler: /usr/bin/cc -- works
[0.261s] -- Detecting C compiler ABI info
[0.345s] -- Detecting C compiler ABI info - done
[0.362s] -- Detecting C compile features
[0.363s] -- Detecting C compile features - done
[0.365s] -- Check for working CXX compiler: /usr/bin/c++
[0.456s] -- Check for working CXX compiler: /usr/bin/c++ -- works
[0.457s] -- Detecting CXX compiler ABI info
[0.541s] -- Detecting CXX compiler ABI info - done
[0.552s] -- Detecting CXX compile features
[0.552s] -- Detecting CXX compile features - done
[0.554s] -- Found ament_cmake: 1.1.6 (/opt/ros/galactic/share/ament_cmake/cmake)
[0.577s] -- Found PythonInterp: /usr/bin/python3 (found suitable version "3.8.10", minimum required is "3") 
[0.577s] -- Using PYTHON_EXECUTABLE: /usr/bin/python3
[0.650s] -- Found rosidl_default_generators: 1.1.1 (/opt/ros/galactic/share/rosidl_default_generators/cmake)
[0.654s] -- Using all available rosidl_typesupport_c: rosidl_typesupport_fastrtps_c;rosidl_typesupport_introspection_c
[0.660s] -- Found rosidl_adapter: 2.2.3 (/opt/ros/galactic/share/rosidl_adapter/cmake)
[0.754s] -- Found OpenSSL: /usr/lib/x86_64-linux-gnu/libcrypto.so (found version "1.1.1f")  
[0.781s] -- Found FastRTPS: /opt/ros/galactic/include  
[0.852s] -- Using all available rosidl_typesupport_cpp: rosidl_typesupport_fastrtps_cpp;rosidl_typesupport_introspection_cpp
[0.895s] -- Found PythonInterp: /usr/bin/python3 (found version "3.8.10") 
[1.093s] -- Found ament_cmake_ros: 0.9.2 (/opt/ros/galactic/share/ament_cmake_ros/cmake)
[1.225s] -- Using all available rosidl_typesupport_c: rosidl_typesupport_fastrtps_c;rosidl_typesupport_introspection_c
[1.252s] -- Using all available rosidl_typesupport_cpp: rosidl_typesupport_fastrtps_cpp;rosidl_typesupport_introspection_cpp
[1.280s] -- Found PythonInterp: /usr/bin/python3 (found suitable version "3.8.10", minimum required is "3.5") 
[1.282s] -- Found python_cmake_module: 0.8.1 (/opt/ros/galactic/share/python_cmake_module/cmake)
[1.312s] -- Found PythonLibs: /usr/lib/x86_64-linux-gnu/libpython3.8.so (found suitable version "3.8.10", minimum required is "3.5") 
[1.313s] -- Using PYTHON_EXECUTABLE: /usr/bin/python3
[1.313s] -- Using PYTHON_INCLUDE_DIRS: /usr/include/python3.8
[1.313s] -- Using PYTHON_LIBRARIES: /usr/lib/x86_64-linux-gnu/libpython3.8.so
[1.339s] -- Found PythonExtra: .so  
[1.394s] -- Found ament_lint_auto: 0.10.7 (/opt/ros/galactic/share/ament_lint_auto/cmake)
[1.412s] -- Added test 'copyright' to check source files copyright and LICENSE
[1.414s] -- Added test 'lint_cmake' to check CMake code style
[1.416s] -- Added test 'xmllint' to check XML markup files
[1.445s] -- Configuring done
[1.511s] -- Generating done
[1.514s] -- Build files have been written to: /home/ritwik/rsp/build/pnp_msgs
[1.540s] Invoked command in '/home/ritwik/rsp/build/pnp_msgs' returned '0': CMAKE_PREFIX_PATH=${CMAKE_PREFIX_PATH}:/opt/ros/galactic /usr/bin/cmake /home/ritwik/rsp/rrohan2/02/pnp_msgs -DCMAKE_INSTALL_PREFIX=/home/ritwik/rsp/install/pnp_msgs
[1.547s] Invoking command in '/home/ritwik/rsp/build/pnp_msgs': CMAKE_PREFIX_PATH=${CMAKE_PREFIX_PATH}:/opt/ros/galactic /usr/bin/cmake --build /home/ritwik/rsp/build/pnp_msgs -- -j8 -l8
[1.599s] [  2%] [34m[1mGenerating C code for ROS interfaces[0m
[1.602s] [35m[1mScanning dependencies of target pnp_msgs__cpp[0m
[1.617s] [  4%] [34m[1mGenerating C++ code for ROS interfaces[0m
[3.581s] [35m[1mScanning dependencies of target pnp_msgs__rosidl_generator_c[0m
[3.600s] [ 10%] [32mBuilding C object CMakeFiles/pnp_msgs__rosidl_generator_c.dir/rosidl_generator_c/pnp_msgs/action/detail/gripper__functions.c.o[0m
[3.600s] [ 10%] [32mBuilding C object CMakeFiles/pnp_msgs__rosidl_generator_c.dir/rosidl_generator_c/pnp_msgs/action/detail/robot__functions.c.o[0m
[3.600s] [ 10%] [32mBuilding C object CMakeFiles/pnp_msgs__rosidl_generator_c.dir/rosidl_generator_c/pnp_msgs/action/detail/pick_and_place__functions.c.o[0m
[3.709s] [ 10%] Built target pnp_msgs__cpp
[3.729s] [ 14%] [34m[1mGenerating C++ introspection for ROS interfaces[0m
[3.729s] [ 14%] [34m[1mGenerating C++ type support dispatch for ROS interfaces[0m
[3.732s] [ 17%] [34m[1mGenerating C++ type support for eProsima Fast-RTPS[0m
[3.807s] [ 19%] [32m[1mLinking C shared library libpnp_msgs__rosidl_generator_c.so[0m
[3.869s] [ 19%] Built target pnp_msgs__rosidl_generator_c
[3.885s] [ 21%] [34m[1mGenerating C introspection for ROS interfaces[0m
[3.885s] [ 23%] [34m[1mGenerating C type support dispatch for ROS interfaces[0m
[4.656s] [35m[1mScanning dependencies of target pnp_msgs__rosidl_typesupport_cpp[0m
[4.684s] [ 25%] [32mBuilding CXX object CMakeFiles/pnp_msgs__rosidl_typesupport_cpp.dir/rosidl_typesupport_cpp/pnp_msgs/action/gripper__type_support.cpp.o[0m
[4.699s] [ 27%] [32mBuilding CXX object CMakeFiles/pnp_msgs__rosidl_typesupport_cpp.dir/rosidl_typesupport_cpp/pnp_msgs/action/pick_and_place__type_support.cpp.o[0m
[4.716s] [ 29%] [32mBuilding CXX object CMakeFiles/pnp_msgs__rosidl_typesupport_cpp.dir/rosidl_typesupport_cpp/pnp_msgs/action/robot__type_support.cpp.o[0m
[4.870s] [35m[1mScanning dependencies of target pnp_msgs__rosidl_typesupport_c[0m
[4.897s] [ 34%] [32mBuilding CXX object CMakeFiles/pnp_msgs__rosidl_typesupport_c.dir/rosidl_typesupport_c/pnp_msgs/action/pick_and_place__type_support.cpp.o[0m
[4.897s] [ 34%] [32mBuilding CXX object CMakeFiles/pnp_msgs__rosidl_typesupport_c.dir/rosidl_typesupport_c/pnp_msgs/action/gripper__type_support.cpp.o[0m
[5.069s] [ 36%] [32mBuilding CXX object CMakeFiles/pnp_msgs__rosidl_typesupport_c.dir/rosidl_typesupport_c/pnp_msgs/action/robot__type_support.cpp.o[0m
[5.079s] [35m[1mScanning dependencies of target pnp_msgs__rosidl_typesupport_introspection_cpp[0m
[5.145s] [ 38%] [32mBuilding CXX object CMakeFiles/pnp_msgs__rosidl_typesupport_introspection_cpp.dir/rosidl_typesupport_introspection_cpp/pnp_msgs/action/detail/gripper__type_support.cpp.o[0m
[5.148s] [ 40%] [32mBuilding CXX object CMakeFiles/pnp_msgs__rosidl_typesupport_introspection_cpp.dir/rosidl_typesupport_introspection_cpp/pnp_msgs/action/detail/pick_and_place__type_support.cpp.o[0m
[5.206s] [ 42%] [32m[1mLinking CXX shared library libpnp_msgs__rosidl_typesupport_c.so[0m
[5.415s] [ 42%] Built target pnp_msgs__rosidl_typesupport_c
[5.418s] [35m[1mScanning dependencies of target pnp_msgs__rosidl_typesupport_fastrtps_cpp[0m
[5.467s] [35m[1mScanning dependencies of target pnp_msgs__rosidl_typesupport_introspection_c[0m
[5.481s] [ 46%] [32mBuilding CXX object CMakeFiles/pnp_msgs__rosidl_typesupport_fastrtps_cpp.dir/rosidl_typesupport_fastrtps_cpp/pnp_msgs/action/detail/dds_fastrtps/gripper__type_support.cpp.o[0m
[5.481s] [ 46%] [32mBuilding CXX object CMakeFiles/pnp_msgs__rosidl_typesupport_introspection_cpp.dir/rosidl_typesupport_introspection_cpp/pnp_msgs/action/detail/robot__type_support.cpp.o[0m
[5.543s] [ 48%] [32mBuilding C object CMakeFiles/pnp_msgs__rosidl_typesupport_introspection_c.dir/rosidl_typesupport_introspection_c/pnp_msgs/action/detail/gripper__type_support.c.o[0m
[5.628s] [ 51%] [32mBuilding CXX object CMakeFiles/pnp_msgs__rosidl_typesupport_fastrtps_cpp.dir/rosidl_typesupport_fastrtps_cpp/pnp_msgs/action/detail/dds_fastrtps/pick_and_place__type_support.cpp.o[0m
[5.669s] [ 53%] [32mBuilding CXX object CMakeFiles/pnp_msgs__rosidl_typesupport_fastrtps_cpp.dir/rosidl_typesupport_fastrtps_cpp/pnp_msgs/action/detail/dds_fastrtps/robot__type_support.cpp.o[0m
[5.692s] [ 55%] [32m[1mLinking CXX shared library libpnp_msgs__rosidl_typesupport_cpp.so[0m
[5.722s] [ 57%] [32mBuilding C object CMakeFiles/pnp_msgs__rosidl_typesupport_introspection_c.dir/rosidl_typesupport_introspection_c/pnp_msgs/action/detail/pick_and_place__type_support.c.o[0m
[5.778s] [ 57%] Built target pnp_msgs__rosidl_typesupport_cpp
[5.794s] [ 59%] [32mBuilding C object CMakeFiles/pnp_msgs__rosidl_typesupport_introspection_c.dir/rosidl_typesupport_introspection_c/pnp_msgs/action/detail/robot__type_support.c.o[0m
[5.895s] [ 61%] [32m[1mLinking C shared library libpnp_msgs__rosidl_typesupport_introspection_c.so[0m
[6.064s] [ 61%] Built target pnp_msgs__rosidl_typesupport_introspection_c
[6.354s] [ 63%] [32m[1mLinking CXX shared library libpnp_msgs__rosidl_typesupport_introspection_cpp.so[0m
[6.503s] [ 63%] Built target pnp_msgs__rosidl_typesupport_introspection_cpp
[6.699s] [ 65%] [32m[1mLinking CXX shared library libpnp_msgs__rosidl_typesupport_fastrtps_cpp.so[0m
[6.824s] [ 65%] Built target pnp_msgs__rosidl_typesupport_fastrtps_cpp
[6.837s] [ 68%] [34m[1mGenerating C type support for eProsima Fast-RTPS[0m
[7.714s] [35m[1mScanning dependencies of target pnp_msgs__rosidl_typesupport_fastrtps_c[0m
[7.744s] [ 70%] [32mBuilding CXX object CMakeFiles/pnp_msgs__rosidl_typesupport_fastrtps_c.dir/rosidl_typesupport_fastrtps_c/pnp_msgs/action/detail/gripper__type_support_c.cpp.o[0m
[7.746s] [ 72%] [32mBuilding CXX object CMakeFiles/pnp_msgs__rosidl_typesupport_fastrtps_c.dir/rosidl_typesupport_fastrtps_c/pnp_msgs/action/detail/pick_and_place__type_support_c.cpp.o[0m
[7.746s] [ 74%] [32mBuilding CXX object CMakeFiles/pnp_msgs__rosidl_typesupport_fastrtps_c.dir/rosidl_typesupport_fastrtps_c/pnp_msgs/action/detail/robot__type_support_c.cpp.o[0m
[8.422s] [ 76%] [32m[1mLinking CXX shared library libpnp_msgs__rosidl_typesupport_fastrtps_c.so[0m
[8.539s] [ 76%] Built target pnp_msgs__rosidl_typesupport_fastrtps_c
[8.555s] [35m[1mScanning dependencies of target pnp_msgs[0m
[8.568s] [ 76%] Built target pnp_msgs
[8.580s] [35m[1mScanning dependencies of target pnp_msgs__py[0m
[8.593s] [ 78%] [34m[1mGenerating Python code for ROS interfaces[0m
[12.250s] [ 78%] Built target pnp_msgs__py
[12.268s] [35m[1mScanning dependencies of target pnp_msgs__python[0m
[12.312s] [ 80%] [32mBuilding C object CMakeFiles/pnp_msgs__python.dir/rosidl_generator_py/pnp_msgs/action/_pick_and_place_s.c.o[0m
[12.312s] [ 82%] [32mBuilding C object CMakeFiles/pnp_msgs__python.dir/rosidl_generator_py/pnp_msgs/action/_gripper_s.c.o[0m
[12.319s] [ 85%] [32mBuilding C object CMakeFiles/pnp_msgs__python.dir/rosidl_generator_py/pnp_msgs/action/_robot_s.c.o[0m
[12.626s] [ 87%] [32m[1mLinking C shared library rosidl_generator_py/pnp_msgs/libpnp_msgs__python.so[0m
[12.707s] [ 87%] Built target pnp_msgs__python
[12.725s] [35m[1mScanning dependencies of target pnp_msgs__rosidl_typesupport_c__pyext[0m
[12.725s] [35m[1mScanning dependencies of target pnp_msgs__rosidl_typesupport_introspection_c__pyext[0m
[12.725s] [35m[1mScanning dependencies of target pnp_msgs__rosidl_typesupport_fastrtps_c__pyext[0m
[12.758s] [ 89%] [32mBuilding C object CMakeFiles/pnp_msgs__rosidl_typesupport_introspection_c__pyext.dir/rosidl_generator_py/pnp_msgs/_pnp_msgs_s.ep.rosidl_typesupport_introspection_c.c.o[0m
[12.763s] [ 91%] [32mBuilding C object CMakeFiles/pnp_msgs__rosidl_typesupport_c__pyext.dir/rosidl_generator_py/pnp_msgs/_pnp_msgs_s.ep.rosidl_typesupport_c.c.o[0m
[12.779s] [ 93%] [32mBuilding C object CMakeFiles/pnp_msgs__rosidl_typesupport_fastrtps_c__pyext.dir/rosidl_generator_py/pnp_msgs/_pnp_msgs_s.ep.rosidl_typesupport_fastrtps_c.c.o[0m
[13.055s] [ 95%] [32m[1mLinking C shared library rosidl_generator_py/pnp_msgs/pnp_msgs_s__rosidl_typesupport_introspection_c.cpython-38-x86_64-linux-gnu.so[0m
[13.075s] [ 97%] [32m[1mLinking C shared library rosidl_generator_py/pnp_msgs/pnp_msgs_s__rosidl_typesupport_c.cpython-38-x86_64-linux-gnu.so[0m
[13.133s] [100%] [32m[1mLinking CXX shared library rosidl_generator_py/pnp_msgs/pnp_msgs_s__rosidl_typesupport_fastrtps_c.cpython-38-x86_64-linux-gnu.so[0m
[13.150s] [100%] Built target pnp_msgs__rosidl_typesupport_introspection_c__pyext
[13.167s] [100%] Built target pnp_msgs__rosidl_typesupport_c__pyext
[13.262s] [100%] Built target pnp_msgs__rosidl_typesupport_fastrtps_c__pyext
[13.296s] Invoked command in '/home/ritwik/rsp/build/pnp_msgs' returned '0': CMAKE_PREFIX_PATH=${CMAKE_PREFIX_PATH}:/opt/ros/galactic /usr/bin/cmake --build /home/ritwik/rsp/build/pnp_msgs -- -j8 -l8
[13.456s] Invoking command in '/home/ritwik/rsp/build/pnp_msgs': CMAKE_PREFIX_PATH=${CMAKE_PREFIX_PATH}:/opt/ros/galactic /usr/bin/cmake --install /home/ritwik/rsp/build/pnp_msgs
[13.476s] -- Install configuration: ""
[13.476s] -- Installing: /home/ritwik/rsp/install/pnp_msgs/share/ament_index/resource_index/rosidl_interfaces/pnp_msgs
[13.476s] -- Installing: /home/ritwik/rsp/install/pnp_msgs/include/pnp_msgs
[13.477s] -- Installing: /home/ritwik/rsp/install/pnp_msgs/include/pnp_msgs/msg
[13.477s] -- Installing: /home/ritwik/rsp/install/pnp_msgs/include/pnp_msgs/msg/rosidl_generator_c__visibility_control.h
[13.477s] -- Installing: /home/ritwik/rsp/install/pnp_msgs/include/pnp_msgs/action
[13.477s] -- Installing: /home/ritwik/rsp/install/pnp_msgs/include/pnp_msgs/action/pick_and_place.h
[13.478s] -- Installing: /home/ritwik/rsp/install/pnp_msgs/include/pnp_msgs/action/gripper.h
[13.478s] -- Installing: /home/ritwik/rsp/install/pnp_msgs/include/pnp_msgs/action/detail
[13.478s] -- Installing: /home/ritwik/rsp/install/pnp_msgs/include/pnp_msgs/action/detail/robot__functions.c
[13.478s] -- Installing: /home/ritwik/rsp/install/pnp_msgs/include/pnp_msgs/action/detail/robot__functions.h
[13.479s] -- Installing: /home/ritwik/rsp/install/pnp_msgs/include/pnp_msgs/action/detail/robot__struct.h
[13.479s] -- Installing: /home/ritwik/rsp/install/pnp_msgs/include/pnp_msgs/action/detail/gripper__type_support.h
[13.479s] -- Installing: /home/ritwik/rsp/install/pnp_msgs/include/pnp_msgs/action/detail/pick_and_place__functions.c
[13.479s] -- Installing: /home/ritwik/rsp/install/pnp_msgs/include/pnp_msgs/action/detail/pick_and_place__type_support.h
[13.480s] -- Installing: /home/ritwik/rsp/install/pnp_msgs/include/pnp_msgs/action/detail/gripper__functions.h
[13.480s] -- Installing: /home/ritwik/rsp/install/pnp_msgs/include/pnp_msgs/action/detail/robot__type_support.h
[13.480s] -- Installing: /home/ritwik/rsp/install/pnp_msgs/include/pnp_msgs/action/detail/gripper__struct.h
[13.481s] -- Installing: /home/ritwik/rsp/install/pnp_msgs/include/pnp_msgs/action/detail/pick_and_place__functions.h
[13.481s] -- Installing: /home/ritwik/rsp/install/pnp_msgs/include/pnp_msgs/action/detail/gripper__functions.c
[13.481s] -- Installing: /home/ritwik/rsp/install/pnp_msgs/include/pnp_msgs/action/detail/pick_and_place__struct.h
[13.482s] -- Installing: /home/ritwik/rsp/install/pnp_msgs/include/pnp_msgs/action/robot.h
[13.482s] -- Installing: /home/ritwik/rsp/install/pnp_msgs/share/pnp_msgs/environment/library_path.sh
[13.483s] -- Installing: /home/ritwik/rsp/install/pnp_msgs/share/pnp_msgs/environment/library_path.dsv
[13.483s] -- Installing: /home/ritwik/rsp/install/pnp_msgs/lib/libpnp_msgs__rosidl_generator_c.so
[13.483s] -- Set runtime path of "/home/ritwik/rsp/install/pnp_msgs/lib/libpnp_msgs__rosidl_generator_c.so" to ""
[13.484s] -- Up-to-date: /home/ritwik/rsp/install/pnp_msgs/include/pnp_msgs
[13.484s] -- Up-to-date: /home/ritwik/rsp/install/pnp_msgs/include/pnp_msgs/msg
[13.485s] -- Installing: /home/ritwik/rsp/install/pnp_msgs/include/pnp_msgs/msg/rosidl_typesupport_fastrtps_c__visibility_control.h
[13.485s] -- Up-to-date: /home/ritwik/rsp/install/pnp_msgs/include/pnp_msgs/action
[13.485s] -- Up-to-date: /home/ritwik/rsp/install/pnp_msgs/include/pnp_msgs/action/detail
[13.486s] -- Installing: /home/ritwik/rsp/install/pnp_msgs/include/pnp_msgs/action/detail/gripper__rosidl_typesupport_fastrtps_c.h
[13.486s] -- Installing: /home/ritwik/rsp/install/pnp_msgs/include/pnp_msgs/action/detail/pick_and_place__rosidl_typesupport_fastrtps_c.h
[13.486s] -- Installing: /home/ritwik/rsp/install/pnp_msgs/include/pnp_msgs/action/detail/robot__rosidl_typesupport_fastrtps_c.h
[13.487s] -- Installing: /home/ritwik/rsp/install/pnp_msgs/lib/libpnp_msgs__rosidl_typesupport_fastrtps_c.so
[13.487s] -- Set runtime path of "/home/ritwik/rsp/install/pnp_msgs/lib/libpnp_msgs__rosidl_typesupport_fastrtps_c.so" to ""
[13.488s] -- Up-to-date: /home/ritwik/rsp/install/pnp_msgs/include/pnp_msgs
[13.488s] -- Up-to-date: /home/ritwik/rsp/install/pnp_msgs/include/pnp_msgs/msg
[13.489s] -- Installing: /home/ritwik/rsp/install/pnp_msgs/include/pnp_msgs/msg/rosidl_typesupport_fastrtps_cpp__visibility_control.h
[13.489s] -- Up-to-date: /home/ritwik/rsp/install/pnp_msgs/include/pnp_msgs/action
[13.489s] -- Up-to-date: /home/ritwik/rsp/install/pnp_msgs/include/pnp_msgs/action/detail
[13.490s] -- Installing: /home/ritwik/rsp/install/pnp_msgs/include/pnp_msgs/action/detail/pick_and_place__rosidl_typesupport_fastrtps_cpp.hpp
[13.490s] -- Installing: /home/ritwik/rsp/install/pnp_msgs/include/pnp_msgs/action/detail/robot__rosidl_typesupport_fastrtps_cpp.hpp
[13.490s] -- Installing: /home/ritwik/rsp/install/pnp_msgs/include/pnp_msgs/action/detail/dds_fastrtps
[13.491s] -- Installing: /home/ritwik/rsp/install/pnp_msgs/include/pnp_msgs/action/detail/gripper__rosidl_typesupport_fastrtps_cpp.hpp
[13.491s] -- Installing: /home/ritwik/rsp/install/pnp_msgs/lib/libpnp_msgs__rosidl_typesupport_fastrtps_cpp.so
[13.492s] -- Set runtime path of "/home/ritwik/rsp/install/pnp_msgs/lib/libpnp_msgs__rosidl_typesupport_fastrtps_cpp.so" to ""
[13.492s] -- Up-to-date: /home/ritwik/rsp/install/pnp_msgs/include/pnp_msgs
[13.493s] -- Up-to-date: /home/ritwik/rsp/install/pnp_msgs/include/pnp_msgs/msg
[13.493s] -- Installing: /home/ritwik/rsp/install/pnp_msgs/include/pnp_msgs/msg/rosidl_typesupport_introspection_c__visibility_control.h
[13.493s] -- Up-to-date: /home/ritwik/rsp/install/pnp_msgs/include/pnp_msgs/action
[13.494s] -- Up-to-date: /home/ritwik/rsp/install/pnp_msgs/include/pnp_msgs/action/detail
[13.494s] -- Installing: /home/ritwik/rsp/install/pnp_msgs/include/pnp_msgs/action/detail/pick_and_place__rosidl_typesupport_introspection_c.h
[13.495s] -- Installing: /home/ritwik/rsp/install/pnp_msgs/include/pnp_msgs/action/detail/robot__type_support.c
[13.495s] -- Installing: /home/ritwik/rsp/install/pnp_msgs/include/pnp_msgs/action/detail/pick_and_place__type_support.c
[13.496s] -- Installing: /home/ritwik/rsp/install/pnp_msgs/include/pnp_msgs/action/detail/robot__rosidl_typesupport_introspection_c.h
[13.496s] -- Installing: /home/ritwik/rsp/install/pnp_msgs/include/pnp_msgs/action/detail/gripper__rosidl_typesupport_introspection_c.h
[13.496s] -- Installing: /home/ritwik/rsp/install/pnp_msgs/include/pnp_msgs/action/detail/gripper__type_support.c
[13.497s] -- Installing: /home/ritwik/rsp/install/pnp_msgs/lib/libpnp_msgs__rosidl_typesupport_introspection_c.so
[13.497s] -- Set runtime path of "/home/ritwik/rsp/install/pnp_msgs/lib/libpnp_msgs__rosidl_typesupport_introspection_c.so" to ""
[13.497s] -- Installing: /home/ritwik/rsp/install/pnp_msgs/lib/libpnp_msgs__rosidl_typesupport_c.so
[13.498s] -- Set runtime path of "/home/ritwik/rsp/install/pnp_msgs/lib/libpnp_msgs__rosidl_typesupport_c.so" to ""
[13.498s] -- Up-to-date: /home/ritwik/rsp/install/pnp_msgs/include/pnp_msgs
[13.499s] -- Up-to-date: /home/ritwik/rsp/install/pnp_msgs/include/pnp_msgs/action
[13.499s] -- Installing: /home/ritwik/rsp/install/pnp_msgs/include/pnp_msgs/action/pick_and_place.hpp
[13.499s] -- Installing: /home/ritwik/rsp/install/pnp_msgs/include/pnp_msgs/action/gripper.hpp
[13.499s] -- Up-to-date: /home/ritwik/rsp/install/pnp_msgs/include/pnp_msgs/action/detail
[13.500s] -- Installing: /home/ritwik/rsp/install/pnp_msgs/include/pnp_msgs/action/detail/gripper__traits.hpp
[13.500s] -- Installing: /home/ritwik/rsp/install/pnp_msgs/include/pnp_msgs/action/detail/robot__traits.hpp
[13.500s] -- Installing: /home/ritwik/rsp/install/pnp_msgs/include/pnp_msgs/action/detail/robot__struct.hpp
[13.500s] -- Installing: /home/ritwik/rsp/install/pnp_msgs/include/pnp_msgs/action/detail/pick_and_place__builder.hpp
[13.501s] -- Installing: /home/ritwik/rsp/install/pnp_msgs/include/pnp_msgs/action/detail/pick_and_place__struct.hpp
[13.501s] -- Installing: /home/ritwik/rsp/install/pnp_msgs/include/pnp_msgs/action/detail/pick_and_place__traits.hpp
[13.501s] -- Installing: /home/ritwik/rsp/install/pnp_msgs/include/pnp_msgs/action/detail/gripper__struct.hpp
[13.502s] -- Installing: /home/ritwik/rsp/install/pnp_msgs/include/pnp_msgs/action/detail/robot__builder.hpp
[13.502s] -- Installing: /home/ritwik/rsp/install/pnp_msgs/include/pnp_msgs/action/detail/gripper__builder.hpp
[13.502s] -- Installing: /home/ritwik/rsp/install/pnp_msgs/include/pnp_msgs/action/robot.hpp
[13.503s] -- Up-to-date: /home/ritwik/rsp/install/pnp_msgs/include/pnp_msgs
[13.503s] -- Up-to-date: /home/ritwik/rsp/install/pnp_msgs/include/pnp_msgs/action
[13.503s] -- Up-to-date: /home/ritwik/rsp/install/pnp_msgs/include/pnp_msgs/action/detail
[13.504s] -- Installing: /home/ritwik/rsp/install/pnp_msgs/include/pnp_msgs/action/detail/pick_and_place__type_support.cpp
[13.504s] -- Installing: /home/ritwik/rsp/install/pnp_msgs/include/pnp_msgs/action/detail/robot__rosidl_typesupport_introspection_cpp.hpp
[13.504s] -- Installing: /home/ritwik/rsp/install/pnp_msgs/include/pnp_msgs/action/detail/pick_and_place__rosidl_typesupport_introspection_cpp.hpp
[13.505s] -- Installing: /home/ritwik/rsp/install/pnp_msgs/include/pnp_msgs/action/detail/gripper__rosidl_typesupport_introspection_cpp.hpp
[13.505s] -- Installing: /home/ritwik/rsp/install/pnp_msgs/include/pnp_msgs/action/detail/robot__type_support.cpp
[13.505s] -- Installing: /home/ritwik/rsp/install/pnp_msgs/include/pnp_msgs/action/detail/gripper__type_support.cpp
[13.506s] -- Installing: /home/ritwik/rsp/install/pnp_msgs/lib/libpnp_msgs__rosidl_typesupport_introspection_cpp.so
[13.506s] -- Set runtime path of "/home/ritwik/rsp/install/pnp_msgs/lib/libpnp_msgs__rosidl_typesupport_introspection_cpp.so" to ""
[13.506s] -- Installing: /home/ritwik/rsp/install/pnp_msgs/lib/libpnp_msgs__rosidl_typesupport_cpp.so
[13.506s] -- Set runtime path of "/home/ritwik/rsp/install/pnp_msgs/lib/libpnp_msgs__rosidl_typesupport_cpp.so" to ""
[13.507s] -- Installing: /home/ritwik/rsp/install/pnp_msgs/share/pnp_msgs/environment/pythonpath.sh
[13.507s] -- Installing: /home/ritwik/rsp/install/pnp_msgs/share/pnp_msgs/environment/pythonpath.dsv
[13.507s] -- Installing: /home/ritwik/rsp/install/pnp_msgs/lib/python3.8/site-packages/pnp_msgs/__init__.py
[13.564s] Compiling '/home/ritwik/rsp/install/pnp_msgs/lib/python3.8/site-packages/pnp_msgs/__init__.py'...
[13.575s] -- Installing: /home/ritwik/rsp/install/pnp_msgs/lib/python3.8/site-packages/pnp_msgs/action
[13.575s] -- Installing: /home/ritwik/rsp/install/pnp_msgs/lib/python3.8/site-packages/pnp_msgs/action/_robot_s.c
[13.575s] -- Installing: /home/ritwik/rsp/install/pnp_msgs/lib/python3.8/site-packages/pnp_msgs/action/_robot.py
[13.576s] -- Installing: /home/ritwik/rsp/install/pnp_msgs/lib/python3.8/site-packages/pnp_msgs/action/_pick_and_place_s.c
[13.576s] -- Installing: /home/ritwik/rsp/install/pnp_msgs/lib/python3.8/site-packages/pnp_msgs/action/_gripper_s.c
[13.576s] -- Installing: /home/ritwik/rsp/install/pnp_msgs/lib/python3.8/site-packages/pnp_msgs/action/_gripper.py
[13.576s] -- Installing: /home/ritwik/rsp/install/pnp_msgs/lib/python3.8/site-packages/pnp_msgs/action/_pick_and_place.py
[13.576s] -- Installing: /home/ritwik/rsp/install/pnp_msgs/lib/python3.8/site-packages/pnp_msgs/action/__init__.py
[13.576s] -- Installing: /home/ritwik/rsp/install/pnp_msgs/lib/python3.8/site-packages/pnp_msgs/pnp_msgs_s__rosidl_typesupport_fastrtps_c.cpython-38-x86_64-linux-gnu.so
[13.577s] -- Set runtime path of "/home/ritwik/rsp/install/pnp_msgs/lib/python3.8/site-packages/pnp_msgs/pnp_msgs_s__rosidl_typesupport_fastrtps_c.cpython-38-x86_64-linux-gnu.so" to ""
[13.578s] -- Installing: /home/ritwik/rsp/install/pnp_msgs/lib/python3.8/site-packages/pnp_msgs/pnp_msgs_s__rosidl_typesupport_introspection_c.cpython-38-x86_64-linux-gnu.so
[13.579s] -- Set runtime path of "/home/ritwik/rsp/install/pnp_msgs/lib/python3.8/site-packages/pnp_msgs/pnp_msgs_s__rosidl_typesupport_introspection_c.cpython-38-x86_64-linux-gnu.so" to ""
[13.579s] -- Installing: /home/ritwik/rsp/install/pnp_msgs/lib/python3.8/site-packages/pnp_msgs/pnp_msgs_s__rosidl_typesupport_c.cpython-38-x86_64-linux-gnu.so
[13.581s] -- Set runtime path of "/home/ritwik/rsp/install/pnp_msgs/lib/python3.8/site-packages/pnp_msgs/pnp_msgs_s__rosidl_typesupport_c.cpython-38-x86_64-linux-gnu.so" to ""
[13.581s] -- Installing: /home/ritwik/rsp/install/pnp_msgs/lib/libpnp_msgs__python.so
[13.582s] -- Set runtime path of "/home/ritwik/rsp/install/pnp_msgs/lib/libpnp_msgs__python.so" to ""
[13.582s] -- Installing: /home/ritwik/rsp/install/pnp_msgs/share/pnp_msgs/action/Gripper.idl
[13.583s] -- Installing: /home/ritwik/rsp/install/pnp_msgs/share/pnp_msgs/action/PickAndPlace.idl
[13.583s] -- Installing: /home/ritwik/rsp/install/pnp_msgs/share/pnp_msgs/action/Robot.idl
[13.584s] -- Installing: /home/ritwik/rsp/install/pnp_msgs/share/pnp_msgs/action/Gripper.action
[13.584s] -- Installing: /home/ritwik/rsp/install/pnp_msgs/share/pnp_msgs/action/PickAndPlace.action
[13.584s] -- Installing: /home/ritwik/rsp/install/pnp_msgs/share/pnp_msgs/action/Robot.action
[13.585s] -- Installing: /home/ritwik/rsp/install/pnp_msgs/share/ament_index/resource_index/package_run_dependencies/pnp_msgs
[13.585s] -- Installing: /home/ritwik/rsp/install/pnp_msgs/share/ament_index/resource_index/parent_prefix_path/pnp_msgs
[13.586s] -- Installing: /home/ritwik/rsp/install/pnp_msgs/share/pnp_msgs/environment/ament_prefix_path.sh
[13.586s] -- Installing: /home/ritwik/rsp/install/pnp_msgs/share/pnp_msgs/environment/ament_prefix_path.dsv
[13.586s] -- Installing: /home/ritwik/rsp/install/pnp_msgs/share/pnp_msgs/environment/path.sh
[13.587s] -- Installing: /home/ritwik/rsp/install/pnp_msgs/share/pnp_msgs/environment/path.dsv
[13.587s] -- Installing: /home/ritwik/rsp/install/pnp_msgs/share/pnp_msgs/local_setup.bash
[13.587s] -- Installing: /home/ritwik/rsp/install/pnp_msgs/share/pnp_msgs/local_setup.sh
[13.588s] -- Installing: /home/ritwik/rsp/install/pnp_msgs/share/pnp_msgs/local_setup.zsh
[13.588s] -- Installing: /home/ritwik/rsp/install/pnp_msgs/share/pnp_msgs/local_setup.dsv
[13.588s] -- Installing: /home/ritwik/rsp/install/pnp_msgs/share/pnp_msgs/package.dsv
[13.589s] -- Installing: /home/ritwik/rsp/install/pnp_msgs/share/ament_index/resource_index/packages/pnp_msgs
[13.589s] -- Installing: /home/ritwik/rsp/install/pnp_msgs/share/pnp_msgs/cmake/pnp_msgs__rosidl_generator_cExport.cmake
[13.590s] -- Installing: /home/ritwik/rsp/install/pnp_msgs/share/pnp_msgs/cmake/pnp_msgs__rosidl_generator_cExport-noconfig.cmake
[13.590s] -- Installing: /home/ritwik/rsp/install/pnp_msgs/share/pnp_msgs/cmake/pnp_msgs__rosidl_typesupport_introspection_cExport.cmake
[13.590s] -- Installing: /home/ritwik/rsp/install/pnp_msgs/share/pnp_msgs/cmake/pnp_msgs__rosidl_typesupport_introspection_cExport-noconfig.cmake
[13.591s] -- Installing: /home/ritwik/rsp/install/pnp_msgs/share/pnp_msgs/cmake/pnp_msgs__rosidl_typesupport_cExport.cmake
[13.591s] -- Installing: /home/ritwik/rsp/install/pnp_msgs/share/pnp_msgs/cmake/pnp_msgs__rosidl_typesupport_cExport-noconfig.cmake
[13.592s] -- Installing: /home/ritwik/rsp/install/pnp_msgs/share/pnp_msgs/cmake/pnp_msgs__rosidl_generator_cppExport.cmake
[13.592s] -- Installing: /home/ritwik/rsp/install/pnp_msgs/share/pnp_msgs/cmake/pnp_msgs__rosidl_typesupport_introspection_cppExport.cmake
[13.592s] -- Installing: /home/ritwik/rsp/install/pnp_msgs/share/pnp_msgs/cmake/pnp_msgs__rosidl_typesupport_introspection_cppExport-noconfig.cmake
[13.593s] -- Installing: /home/ritwik/rsp/install/pnp_msgs/share/pnp_msgs/cmake/pnp_msgs__rosidl_typesupport_cppExport.cmake
[13.593s] -- Installing: /home/ritwik/rsp/install/pnp_msgs/share/pnp_msgs/cmake/pnp_msgs__rosidl_typesupport_cppExport-noconfig.cmake
[13.593s] -- Installing: /home/ritwik/rsp/install/pnp_msgs/share/pnp_msgs/cmake/rosidl_cmake-extras.cmake
[13.594s] -- Installing: /home/ritwik/rsp/install/pnp_msgs/share/pnp_msgs/cmake/ament_cmake_export_dependencies-extras.cmake
[13.594s] -- Installing: /home/ritwik/rsp/install/pnp_msgs/share/pnp_msgs/cmake/ament_cmake_export_libraries-extras.cmake
[13.594s] -- Installing: /home/ritwik/rsp/install/pnp_msgs/share/pnp_msgs/cmake/ament_cmake_export_targets-extras.cmake
[13.594s] -- Installing: /home/ritwik/rsp/install/pnp_msgs/share/pnp_msgs/cmake/ament_cmake_export_include_directories-extras.cmake
[13.596s] -- Installing: /home/ritwik/rsp/install/pnp_msgs/share/pnp_msgs/cmake/rosidl_cmake_export_typesupport_libraries-extras.cmake
[13.596s] -- Installing: /home/ritwik/rsp/install/pnp_msgs/share/pnp_msgs/cmake/rosidl_cmake_export_typesupport_targets-extras.cmake
[13.596s] -- Installing: /home/ritwik/rsp/install/pnp_msgs/share/pnp_msgs/cmake/pnp_msgsConfig.cmake
[13.596s] -- Installing: /home/ritwik/rsp/install/pnp_msgs/share/pnp_msgs/cmake/pnp_msgsConfig-version.cmake
[13.596s] -- Installing: /home/ritwik/rsp/install/pnp_msgs/share/pnp_msgs/package.xml
[13.604s] Invoked command in '/home/ritwik/rsp/build/pnp_msgs' returned '0': CMAKE_PREFIX_PATH=${CMAKE_PREFIX_PATH}:/opt/ros/galactic /usr/bin/cmake --install /home/ritwik/rsp/build/pnp_msgs
