[0.029s] Invoking command in '/home/ritwik/rsp/build/turtles': CMAKE_PREFIX_PATH=${CMAKE_PREFIX_PATH}:/opt/ros/galactic /usr/bin/cmake /home/ritwik/rsp/rrohan2/03/turtles -DCMAKE_INSTALL_PREFIX=/home/ritwik/rsp/install/turtles
[0.096s] -- The C compiler identification is GNU 9.4.0
[0.168s] -- The CXX compiler identification is GNU 9.4.0
[0.175s] -- Check for working C compiler: /usr/bin/cc
[0.256s] -- Check for working C compiler: /usr/bin/cc -- works
[0.257s] -- Detecting C compiler ABI info
[0.337s] -- Detecting C compiler ABI info - done
[0.351s] -- Detecting C compile features
[0.352s] -- Detecting C compile features - done
[0.356s] -- Check for working CXX compiler: /usr/bin/c++
[0.448s] -- Check for working CXX compiler: /usr/bin/c++ -- works
[0.449s] -- Detecting CXX compiler ABI info
[0.532s] -- Detecting CXX compiler ABI info - done
[0.544s] -- Detecting CXX compile features
[0.545s] -- Detecting CXX compile features - done
[0.547s] -- Found ament_cmake: 1.1.6 (/opt/ros/galactic/share/ament_cmake/cmake)
[0.569s] -- Found PythonInterp: /usr/bin/python3 (found suitable version "3.8.10", minimum required is "3") 
[0.569s] -- Using PYTHON_EXECUTABLE: /usr/bin/python3
[0.651s] -- Found geometry_msgs: 2.2.4 (/opt/ros/galactic/share/geometry_msgs/cmake)
[0.677s] -- Using all available rosidl_typesupport_c: rosidl_typesupport_fastrtps_c;rosidl_typesupport_introspection_c
[0.683s] -- Found rosidl_adapter: 2.2.3 (/opt/ros/galactic/share/rosidl_adapter/cmake)
[0.764s] -- Found OpenSSL: /usr/lib/x86_64-linux-gnu/libcrypto.so (found version "1.1.1f")  
[0.796s] -- Found FastRTPS: /opt/ros/galactic/include  
[0.875s] -- Using all available rosidl_typesupport_cpp: rosidl_typesupport_fastrtps_cpp;rosidl_typesupport_introspection_cpp
[0.962s] -- Found rclcpp: 9.2.2 (/opt/ros/galactic/share/rclcpp/cmake)
[1.008s] -- Found rmw_implementation_cmake: 3.3.1 (/opt/ros/galactic/share/rmw_implementation_cmake/cmake)
[1.011s] -- Found rmw_cyclonedds_cpp: 0.22.6 (/opt/ros/galactic/share/rmw_cyclonedds_cpp/cmake)
[1.034s] -- Using RMW implementation 'rmw_cyclonedds_cpp' as default
[1.034s] -- Looking for pthread.h
[1.107s] -- Looking for pthread.h - found
[1.108s] -- Performing Test CMAKE_HAVE_LIBC_PTHREAD
[1.184s] -- Performing Test CMAKE_HAVE_LIBC_PTHREAD - Failed
[1.185s] -- Looking for pthread_create in pthreads
[1.247s] -- Looking for pthread_create in pthreads - not found
[1.247s] -- Looking for pthread_create in pthread
[1.324s] -- Looking for pthread_create in pthread - found
[1.324s] -- Found Threads: TRUE  
[1.511s] -- Found tf2: 0.17.5 (/opt/ros/galactic/share/tf2/cmake)
[1.550s] -- Found tf2_ros: 0.17.5 (/opt/ros/galactic/share/tf2_ros/cmake)
[2.516s] -- Found turtlesim: 1.3.4 (/opt/ros/galactic/share/turtlesim/cmake)
[2.677s] -- Found ament_lint_auto: 0.10.7 (/opt/ros/galactic/share/ament_lint_auto/cmake)
[2.819s] -- Added test 'copyright' to check source files copyright and LICENSE
[2.822s] -- Added test 'cppcheck' to perform static code analysis on C / C++ code
[2.823s] -- Configured cppcheck include dirs: 
[2.823s] -- Configured cppcheck exclude dirs and/or files: 
[2.825s] -- Added test 'cpplint' to check C / C++ code against the Google style
[2.826s] -- Configured cpplint exclude dirs and/or files: 
[2.827s] -- Added test 'lint_cmake' to check CMake code style
[2.830s] -- Added test 'uncrustify' to check C / C++ code style
[2.830s] -- Configured uncrustify additional arguments: 
[2.832s] -- Added test 'xmllint' to check XML markup files
[2.839s] -- Configuring done
[2.874s] -- Generating done
[2.878s] -- Build files have been written to: /home/ritwik/rsp/build/turtles
[2.899s] Invoked command in '/home/ritwik/rsp/build/turtles' returned '0': CMAKE_PREFIX_PATH=${CMAKE_PREFIX_PATH}:/opt/ros/galactic /usr/bin/cmake /home/ritwik/rsp/rrohan2/03/turtles -DCMAKE_INSTALL_PREFIX=/home/ritwik/rsp/install/turtles
[2.900s] Invoking command in '/home/ritwik/rsp/build/turtles': CMAKE_PREFIX_PATH=${CMAKE_PREFIX_PATH}:/opt/ros/galactic /usr/bin/cmake --build /home/ritwik/rsp/build/turtles -- -j8 -l8
[3.098s] [35m[1mScanning dependencies of target broadcaster[0m
[3.193s] [ 50%] [32mBuilding CXX object CMakeFiles/broadcaster.dir/src/broadcaster.cpp.o[0m
[13.609s] [100%] [32m[1mLinking CXX executable broadcaster[0m
[14.255s] [100%] Built target broadcaster
[14.271s] Invoked command in '/home/ritwik/rsp/build/turtles' returned '0': CMAKE_PREFIX_PATH=${CMAKE_PREFIX_PATH}:/opt/ros/galactic /usr/bin/cmake --build /home/ritwik/rsp/build/turtles -- -j8 -l8
[14.310s] Invoking command in '/home/ritwik/rsp/build/turtles': CMAKE_PREFIX_PATH=${CMAKE_PREFIX_PATH}:/opt/ros/galactic /usr/bin/cmake --install /home/ritwik/rsp/build/turtles
[14.324s] -- Install configuration: ""
[14.324s] -- Installing: /home/ritwik/rsp/install/turtles/share/turtles/rviz
[14.324s] -- Installing: /home/ritwik/rsp/install/turtles/share/turtles/rviz/rvizconfig.rviz
[14.325s] -- Installing: /home/ritwik/rsp/install/turtles/share/turtles/launch
[14.325s] -- Installing: /home/ritwik/rsp/install/turtles/share/turtles/launch/two_broadcasters.launch
[14.325s] -- Installing: /home/ritwik/rsp/install/turtles/share/turtles/launch/two_turtles.launch
[14.325s] -- Installing: /home/ritwik/rsp/install/turtles/share/turtles/launch/two_turtles_broadcasters.launch
[14.325s] -- Installing: /home/ritwik/rsp/install/turtles/lib/turtles/broadcaster
[14.330s] -- Set runtime path of "/home/ritwik/rsp/install/turtles/lib/turtles/broadcaster" to ""
[14.330s] -- Installing: /home/ritwik/rsp/install/turtles/share/ament_index/resource_index/package_run_dependencies/turtles
[14.330s] -- Installing: /home/ritwik/rsp/install/turtles/share/ament_index/resource_index/parent_prefix_path/turtles
[14.331s] -- Installing: /home/ritwik/rsp/install/turtles/share/turtles/environment/ament_prefix_path.sh
[14.331s] -- Installing: /home/ritwik/rsp/install/turtles/share/turtles/environment/ament_prefix_path.dsv
[14.331s] -- Installing: /home/ritwik/rsp/install/turtles/share/turtles/environment/path.sh
[14.331s] -- Installing: /home/ritwik/rsp/install/turtles/share/turtles/environment/path.dsv
[14.331s] -- Installing: /home/ritwik/rsp/install/turtles/share/turtles/local_setup.bash
[14.332s] -- Installing: /home/ritwik/rsp/install/turtles/share/turtles/local_setup.sh
[14.332s] -- Installing: /home/ritwik/rsp/install/turtles/share/turtles/local_setup.zsh
[14.332s] -- Installing: /home/ritwik/rsp/install/turtles/share/turtles/local_setup.dsv
[14.332s] -- Installing: /home/ritwik/rsp/install/turtles/share/turtles/package.dsv
[14.332s] -- Installing: /home/ritwik/rsp/install/turtles/share/ament_index/resource_index/packages/turtles
[14.333s] -- Installing: /home/ritwik/rsp/install/turtles/share/turtles/cmake/turtlesConfig.cmake
[14.333s] -- Installing: /home/ritwik/rsp/install/turtles/share/turtles/cmake/turtlesConfig-version.cmake
[14.333s] -- Installing: /home/ritwik/rsp/install/turtles/share/turtles/package.xml
[14.341s] Invoked command in '/home/ritwik/rsp/build/turtles' returned '0': CMAKE_PREFIX_PATH=${CMAKE_PREFIX_PATH}:/opt/ros/galactic /usr/bin/cmake --install /home/ritwik/rsp/build/turtles
