[0.038s] Invoking command in '/home/aditya/rsp/build/assignment1_subpub': CMAKE_PREFIX_PATH=/home/aditya/rsp/install/assignment1_msgs:/home/aditya/rsp/install/turtles:/home/aditya/rsp/install/robot_gripper:/home/aditya/rsp/install/robot_description:/home/aditya/rsp/install/pnp_actionlib:/home/aditya/rsp/install/pnp_msgs:/home/aditya/rsp/install/gripper_description:/home/aditya/rsp/install/edumip_gazebo:/home/aditya/rsp/install/edumip_description:/home/aditya/rsp/install/assignment1_subpub:/home/aditya/rsp/install/assignment1_srvcli:/opt/ros/galactic:/home/aditya/catkin_ws/devel:/opt/ros/noetic LD_LIBRARY_PATH=/home/aditya/rsp/install/assignment1_msgs/lib:/home/aditya/rsp/install/pnp_actionlib/lib:/home/aditya/rsp/install/pnp_msgs/lib:/home/aditya/rsp/install/assignment1_subpub/lib:/home/aditya/rsp/install/assignment1_srvcli/lib:/opt/ros/galactic/opt/yaml_cpp_vendor/lib:/opt/ros/galactic/opt/rviz_ogre_vendor/lib:/opt/ros/galactic/lib/x86_64-linux-gnu:/opt/ros/galactic/lib:/home/aditya/catkin_ws/devel/lib:/opt/ros/noetic/lib:/opt/ros/noetic/lib/x86_64-linux-gnu PYTHONPATH=/home/aditya/rsp/install/assignment1_msgs/lib/python3.8/site-packages:/home/aditya/rsp/install/pnp_msgs/lib/python3.8/site-packages:/opt/ros/galactic/lib/python3.8/site-packages:/home/aditya/catkin_ws/devel/lib/python3/dist-packages:/opt/ros/noetic/lib/python3/dist-packages /usr/bin/cmake /home/aditya/rsp/rrohan2/01/assignment1_subpub -DCMAKE_INSTALL_PREFIX=/home/aditya/rsp/install/assignment1_subpub
[0.136s] -- The C compiler identification is GNU 9.4.0
[0.240s] -- The CXX compiler identification is GNU 9.4.0
[0.250s] -- Check for working C compiler: /usr/bin/cc
[0.372s] -- Check for working C compiler: /usr/bin/cc -- works
[0.379s] -- Detecting C compiler ABI info
[0.505s] -- Detecting C compiler ABI info - done
[0.524s] -- Detecting C compile features
[0.524s] -- Detecting C compile features - done
[0.527s] -- Check for working CXX compiler: /usr/bin/c++
[0.637s] -- Check for working CXX compiler: /usr/bin/c++ -- works
[0.638s] -- Detecting CXX compiler ABI info
[0.756s] -- Detecting CXX compiler ABI info - done
[0.782s] -- Detecting CXX compile features
[0.783s] -- Detecting CXX compile features - done
[0.787s] -- Found ament_cmake: 1.1.6 (/opt/ros/galactic/share/ament_cmake/cmake)
[0.833s] -- Found PythonInterp: /usr/bin/python3 (found suitable version "3.8.10", minimum required is "3") 
[0.833s] -- Using PYTHON_EXECUTABLE: /usr/bin/python3
[0.955s] -- Found rclcpp: 9.2.2 (/opt/ros/galactic/share/rclcpp/cmake)
[1.045s] -- Using all available rosidl_typesupport_c: rosidl_typesupport_fastrtps_c;rosidl_typesupport_introspection_c
[1.058s] -- Found rosidl_adapter: 2.2.3 (/opt/ros/galactic/share/rosidl_adapter/cmake)
[1.220s] -- Found OpenSSL: /usr/lib/x86_64-linux-gnu/libcrypto.so (found version "1.1.1f")  
[1.262s] -- Found FastRTPS: /opt/ros/galactic/include  
[1.372s] -- Using all available rosidl_typesupport_cpp: rosidl_typesupport_fastrtps_cpp;rosidl_typesupport_introspection_cpp
[1.446s] -- Found rmw_implementation_cmake: 3.3.1 (/opt/ros/galactic/share/rmw_implementation_cmake/cmake)
[1.450s] -- Found rmw_cyclonedds_cpp: 0.22.6 (/opt/ros/galactic/share/rmw_cyclonedds_cpp/cmake)
[1.473s] -- Using RMW implementation 'rmw_cyclonedds_cpp' as default
[1.474s] -- Looking for pthread.h
[1.564s] -- Looking for pthread.h - found
[1.564s] -- Performing Test CMAKE_HAVE_LIBC_PTHREAD
[1.664s] -- Performing Test CMAKE_HAVE_LIBC_PTHREAD - Failed
[1.664s] -- Looking for pthread_create in pthreads
[1.761s] -- Looking for pthread_create in pthreads - not found
[1.761s] -- Looking for pthread_create in pthread
[1.854s] -- Looking for pthread_create in pthread - found
[1.856s] -- Found Threads: TRUE  
[2.099s] -- Found assignment1_msgs: 0.0.0 (/home/aditya/rsp/install/assignment1_msgs/share/assignment1_msgs/cmake)
[2.113s] -- Found ament_lint_auto: 0.10.7 (/opt/ros/galactic/share/ament_lint_auto/cmake)
[2.204s] -- Added test 'copyright' to check source files copyright and LICENSE
[2.206s] -- Added test 'cppcheck' to perform static code analysis on C / C++ code
[2.206s] -- Configured cppcheck include dirs: /home/aditya/rsp/rrohan2/01/assignment1_subpub/include
[2.207s] -- Configured cppcheck exclude dirs and/or files: 
[2.208s] -- Added test 'cpplint' to check C / C++ code against the Google style
[2.208s] -- Configured cpplint exclude dirs and/or files: 
[2.209s] -- Added test 'lint_cmake' to check CMake code style
[2.211s] -- Added test 'uncrustify' to check C / C++ code style
[2.211s] -- Configured uncrustify additional arguments: 
[2.211s] -- Added test 'xmllint' to check XML markup files
[2.216s] -- Configuring done
[2.234s] -- Generating done
[2.236s] -- Build files have been written to: /home/aditya/rsp/build/assignment1_subpub
[2.248s] Invoked command in '/home/aditya/rsp/build/assignment1_subpub' returned '0': CMAKE_PREFIX_PATH=/home/aditya/rsp/install/assignment1_msgs:/home/aditya/rsp/install/turtles:/home/aditya/rsp/install/robot_gripper:/home/aditya/rsp/install/robot_description:/home/aditya/rsp/install/pnp_actionlib:/home/aditya/rsp/install/pnp_msgs:/home/aditya/rsp/install/gripper_description:/home/aditya/rsp/install/edumip_gazebo:/home/aditya/rsp/install/edumip_description:/home/aditya/rsp/install/assignment1_subpub:/home/aditya/rsp/install/assignment1_srvcli:/opt/ros/galactic:/home/aditya/catkin_ws/devel:/opt/ros/noetic LD_LIBRARY_PATH=/home/aditya/rsp/install/assignment1_msgs/lib:/home/aditya/rsp/install/pnp_actionlib/lib:/home/aditya/rsp/install/pnp_msgs/lib:/home/aditya/rsp/install/assignment1_subpub/lib:/home/aditya/rsp/install/assignment1_srvcli/lib:/opt/ros/galactic/opt/yaml_cpp_vendor/lib:/opt/ros/galactic/opt/rviz_ogre_vendor/lib:/opt/ros/galactic/lib/x86_64-linux-gnu:/opt/ros/galactic/lib:/home/aditya/catkin_ws/devel/lib:/opt/ros/noetic/lib:/opt/ros/noetic/lib/x86_64-linux-gnu PYTHONPATH=/home/aditya/rsp/install/assignment1_msgs/lib/python3.8/site-packages:/home/aditya/rsp/install/pnp_msgs/lib/python3.8/site-packages:/opt/ros/galactic/lib/python3.8/site-packages:/home/aditya/catkin_ws/devel/lib/python3/dist-packages:/opt/ros/noetic/lib/python3/dist-packages /usr/bin/cmake /home/aditya/rsp/rrohan2/01/assignment1_subpub -DCMAKE_INSTALL_PREFIX=/home/aditya/rsp/install/assignment1_subpub
[2.250s] Invoking command in '/home/aditya/rsp/build/assignment1_subpub': CMAKE_PREFIX_PATH=/home/aditya/rsp/install/assignment1_msgs:/home/aditya/rsp/install/turtles:/home/aditya/rsp/install/robot_gripper:/home/aditya/rsp/install/robot_description:/home/aditya/rsp/install/pnp_actionlib:/home/aditya/rsp/install/pnp_msgs:/home/aditya/rsp/install/gripper_description:/home/aditya/rsp/install/edumip_gazebo:/home/aditya/rsp/install/edumip_description:/home/aditya/rsp/install/assignment1_subpub:/home/aditya/rsp/install/assignment1_srvcli:/opt/ros/galactic:/home/aditya/catkin_ws/devel:/opt/ros/noetic LD_LIBRARY_PATH=/home/aditya/rsp/install/assignment1_msgs/lib:/home/aditya/rsp/install/pnp_actionlib/lib:/home/aditya/rsp/install/pnp_msgs/lib:/home/aditya/rsp/install/assignment1_subpub/lib:/home/aditya/rsp/install/assignment1_srvcli/lib:/opt/ros/galactic/opt/yaml_cpp_vendor/lib:/opt/ros/galactic/opt/rviz_ogre_vendor/lib:/opt/ros/galactic/lib/x86_64-linux-gnu:/opt/ros/galactic/lib:/home/aditya/catkin_ws/devel/lib:/opt/ros/noetic/lib:/opt/ros/noetic/lib/x86_64-linux-gnu PYTHONPATH=/home/aditya/rsp/install/assignment1_msgs/lib/python3.8/site-packages:/home/aditya/rsp/install/pnp_msgs/lib/python3.8/site-packages:/opt/ros/galactic/lib/python3.8/site-packages:/home/aditya/catkin_ws/devel/lib/python3/dist-packages:/opt/ros/noetic/lib/python3/dist-packages /usr/bin/cmake --build /home/aditya/rsp/build/assignment1_subpub -- -j8 -l8
[2.315s] [35m[1mScanning dependencies of target subpub[0m
[2.383s] [ 14%] [32mBuilding CXX object CMakeFiles/subpub.dir/src/subscriber.cpp.o[0m
[2.385s] [ 28%] [32mBuilding CXX object CMakeFiles/subpub.dir/src/publisher.cpp.o[0m
[12.804s] [ 42%] [32m[1mLinking CXX shared library libsubpub.so[0m
[13.361s] [ 42%] Built target subpub
[13.377s] [35m[1mScanning dependencies of target pub[0m
[13.381s] [35m[1mScanning dependencies of target sub[0m
[13.431s] [ 57%] [32mBuilding CXX object CMakeFiles/pub.dir/src/publisher_node.cpp.o[0m
[13.454s] [ 71%] [32mBuilding CXX object CMakeFiles/sub.dir/src/subscriber_node.cpp.o[0m
[16.503s] [ 85%] [32m[1mLinking CXX executable sub[0m
[16.752s] [ 85%] Built target sub
[17.171s] [100%] [32m[1mLinking CXX executable pub[0m
[17.413s] [100%] Built target pub
[17.429s] Invoked command in '/home/aditya/rsp/build/assignment1_subpub' returned '0': CMAKE_PREFIX_PATH=/home/aditya/rsp/install/assignment1_msgs:/home/aditya/rsp/install/turtles:/home/aditya/rsp/install/robot_gripper:/home/aditya/rsp/install/robot_description:/home/aditya/rsp/install/pnp_actionlib:/home/aditya/rsp/install/pnp_msgs:/home/aditya/rsp/install/gripper_description:/home/aditya/rsp/install/edumip_gazebo:/home/aditya/rsp/install/edumip_description:/home/aditya/rsp/install/assignment1_subpub:/home/aditya/rsp/install/assignment1_srvcli:/opt/ros/galactic:/home/aditya/catkin_ws/devel:/opt/ros/noetic LD_LIBRARY_PATH=/home/aditya/rsp/install/assignment1_msgs/lib:/home/aditya/rsp/install/pnp_actionlib/lib:/home/aditya/rsp/install/pnp_msgs/lib:/home/aditya/rsp/install/assignment1_subpub/lib:/home/aditya/rsp/install/assignment1_srvcli/lib:/opt/ros/galactic/opt/yaml_cpp_vendor/lib:/opt/ros/galactic/opt/rviz_ogre_vendor/lib:/opt/ros/galactic/lib/x86_64-linux-gnu:/opt/ros/galactic/lib:/home/aditya/catkin_ws/devel/lib:/opt/ros/noetic/lib:/opt/ros/noetic/lib/x86_64-linux-gnu PYTHONPATH=/home/aditya/rsp/install/assignment1_msgs/lib/python3.8/site-packages:/home/aditya/rsp/install/pnp_msgs/lib/python3.8/site-packages:/opt/ros/galactic/lib/python3.8/site-packages:/home/aditya/catkin_ws/devel/lib/python3/dist-packages:/opt/ros/noetic/lib/python3/dist-packages /usr/bin/cmake --build /home/aditya/rsp/build/assignment1_subpub -- -j8 -l8
[17.477s] Invoking command in '/home/aditya/rsp/build/assignment1_subpub': CMAKE_PREFIX_PATH=/home/aditya/rsp/install/assignment1_msgs:/home/aditya/rsp/install/turtles:/home/aditya/rsp/install/robot_gripper:/home/aditya/rsp/install/robot_description:/home/aditya/rsp/install/pnp_actionlib:/home/aditya/rsp/install/pnp_msgs:/home/aditya/rsp/install/gripper_description:/home/aditya/rsp/install/edumip_gazebo:/home/aditya/rsp/install/edumip_description:/home/aditya/rsp/install/assignment1_subpub:/home/aditya/rsp/install/assignment1_srvcli:/opt/ros/galactic:/home/aditya/catkin_ws/devel:/opt/ros/noetic LD_LIBRARY_PATH=/home/aditya/rsp/install/assignment1_msgs/lib:/home/aditya/rsp/install/pnp_actionlib/lib:/home/aditya/rsp/install/pnp_msgs/lib:/home/aditya/rsp/install/assignment1_subpub/lib:/home/aditya/rsp/install/assignment1_srvcli/lib:/opt/ros/galactic/opt/yaml_cpp_vendor/lib:/opt/ros/galactic/opt/rviz_ogre_vendor/lib:/opt/ros/galactic/lib/x86_64-linux-gnu:/opt/ros/galactic/lib:/home/aditya/catkin_ws/devel/lib:/opt/ros/noetic/lib:/opt/ros/noetic/lib/x86_64-linux-gnu PYTHONPATH=/home/aditya/rsp/install/assignment1_msgs/lib/python3.8/site-packages:/home/aditya/rsp/install/pnp_msgs/lib/python3.8/site-packages:/opt/ros/galactic/lib/python3.8/site-packages:/home/aditya/catkin_ws/devel/lib/python3/dist-packages:/opt/ros/noetic/lib/python3/dist-packages /usr/bin/cmake --install /home/aditya/rsp/build/assignment1_subpub
[17.488s] -- Install configuration: ""
[17.488s] -- Installing: /home/aditya/rsp/install/assignment1_subpub/include
[17.488s] -- Installing: /home/aditya/rsp/install/assignment1_subpub/include/assignment1_subpub
[17.488s] -- Installing: /home/aditya/rsp/install/assignment1_subpub/include/assignment1_subpub/subscriber.hpp
[17.488s] -- Installing: /home/aditya/rsp/install/assignment1_subpub/include/assignment1_subpub/publisher.hpp
[17.488s] -- Installing: /home/aditya/rsp/install/assignment1_subpub/lib/libsubpub.so
[17.494s] -- Set runtime path of "/home/aditya/rsp/install/assignment1_subpub/lib/libsubpub.so" to ""
[17.494s] -- Up-to-date: /home/aditya/rsp/install/assignment1_subpub/lib/libsubpub.so
[17.495s] -- Installing: /home/aditya/rsp/install/assignment1_subpub/lib/assignment1_subpub/sub
[17.495s] -- Set runtime path of "/home/aditya/rsp/install/assignment1_subpub/lib/assignment1_subpub/sub" to ""
[17.496s] -- Installing: /home/aditya/rsp/install/assignment1_subpub/lib/assignment1_subpub/pub
[17.496s] -- Set runtime path of "/home/aditya/rsp/install/assignment1_subpub/lib/assignment1_subpub/pub" to ""
[17.496s] -- Installing: /home/aditya/rsp/install/assignment1_subpub/share/ament_index/resource_index/package_run_dependencies/assignment1_subpub
[17.497s] -- Installing: /home/aditya/rsp/install/assignment1_subpub/share/ament_index/resource_index/parent_prefix_path/assignment1_subpub
[17.497s] -- Installing: /home/aditya/rsp/install/assignment1_subpub/share/assignment1_subpub/environment/ament_prefix_path.sh
[17.497s] -- Installing: /home/aditya/rsp/install/assignment1_subpub/share/assignment1_subpub/environment/ament_prefix_path.dsv
[17.497s] -- Installing: /home/aditya/rsp/install/assignment1_subpub/share/assignment1_subpub/environment/path.sh
[17.497s] -- Installing: /home/aditya/rsp/install/assignment1_subpub/share/assignment1_subpub/environment/path.dsv
[17.497s] -- Installing: /home/aditya/rsp/install/assignment1_subpub/share/assignment1_subpub/local_setup.bash
[17.497s] -- Installing: /home/aditya/rsp/install/assignment1_subpub/share/assignment1_subpub/local_setup.sh
[17.498s] -- Installing: /home/aditya/rsp/install/assignment1_subpub/share/assignment1_subpub/local_setup.zsh
[17.498s] -- Installing: /home/aditya/rsp/install/assignment1_subpub/share/assignment1_subpub/local_setup.dsv
[17.498s] -- Installing: /home/aditya/rsp/install/assignment1_subpub/share/assignment1_subpub/package.dsv
[17.498s] -- Installing: /home/aditya/rsp/install/assignment1_subpub/share/ament_index/resource_index/packages/assignment1_subpub
[17.498s] -- Installing: /home/aditya/rsp/install/assignment1_subpub/share/assignment1_subpub/cmake/assignment1_subpubConfig.cmake
[17.498s] -- Installing: /home/aditya/rsp/install/assignment1_subpub/share/assignment1_subpub/cmake/assignment1_subpubConfig-version.cmake
[17.499s] -- Installing: /home/aditya/rsp/install/assignment1_subpub/share/assignment1_subpub/package.xml
[17.504s] Invoked command in '/home/aditya/rsp/build/assignment1_subpub' returned '0': CMAKE_PREFIX_PATH=/home/aditya/rsp/install/assignment1_msgs:/home/aditya/rsp/install/turtles:/home/aditya/rsp/install/robot_gripper:/home/aditya/rsp/install/robot_description:/home/aditya/rsp/install/pnp_actionlib:/home/aditya/rsp/install/pnp_msgs:/home/aditya/rsp/install/gripper_description:/home/aditya/rsp/install/edumip_gazebo:/home/aditya/rsp/install/edumip_description:/home/aditya/rsp/install/assignment1_subpub:/home/aditya/rsp/install/assignment1_srvcli:/opt/ros/galactic:/home/aditya/catkin_ws/devel:/opt/ros/noetic LD_LIBRARY_PATH=/home/aditya/rsp/install/assignment1_msgs/lib:/home/aditya/rsp/install/pnp_actionlib/lib:/home/aditya/rsp/install/pnp_msgs/lib:/home/aditya/rsp/install/assignment1_subpub/lib:/home/aditya/rsp/install/assignment1_srvcli/lib:/opt/ros/galactic/opt/yaml_cpp_vendor/lib:/opt/ros/galactic/opt/rviz_ogre_vendor/lib:/opt/ros/galactic/lib/x86_64-linux-gnu:/opt/ros/galactic/lib:/home/aditya/catkin_ws/devel/lib:/opt/ros/noetic/lib:/opt/ros/noetic/lib/x86_64-linux-gnu PYTHONPATH=/home/aditya/rsp/install/assignment1_msgs/lib/python3.8/site-packages:/home/aditya/rsp/install/pnp_msgs/lib/python3.8/site-packages:/opt/ros/galactic/lib/python3.8/site-packages:/home/aditya/catkin_ws/devel/lib/python3/dist-packages:/opt/ros/noetic/lib/python3/dist-packages /usr/bin/cmake --install /home/aditya/rsp/build/assignment1_subpub
