[0.064s] Invoking command in '/home/aditya/rsp/build/gripper_description': CMAKE_PREFIX_PATH=/home/aditya/rsp/install/turtles:/home/aditya/rsp/install/robot_gripper:/home/aditya/rsp/install/robot_description:/home/aditya/rsp/install/pnp_actionlib:/home/aditya/rsp/install/pnp_msgs:/home/aditya/rsp/install/gripper_description:/home/aditya/rsp/install/edumip_gazebo:/home/aditya/rsp/install/edumip_description:/home/aditya/rsp/install/assignment1_subpub:/home/aditya/rsp/install/assignment1_srvcli:/home/aditya/rsp/install/assignment1_msgs:/opt/ros/galactic:/home/aditya/catkin_ws/devel:/opt/ros/noetic /usr/bin/cmake /home/aditya/rsp/rrohan2/04/gripper_description -DCMAKE_INSTALL_PREFIX=/home/aditya/rsp/install/gripper_description
[0.166s] -- The C compiler identification is GNU 9.4.0
[0.261s] -- The CXX compiler identification is GNU 9.4.0
[0.272s] -- Check for working C compiler: /usr/bin/cc
[0.391s] -- Check for working C compiler: /usr/bin/cc -- works
[0.394s] -- Detecting C compiler ABI info
[0.508s] -- Detecting C compiler ABI info - done
[0.534s] -- Detecting C compile features
[0.534s] -- Detecting C compile features - done
[0.539s] -- Check for working CXX compiler: /usr/bin/c++
[0.675s] -- Check for working CXX compiler: /usr/bin/c++ -- works
[0.677s] -- Detecting CXX compiler ABI info
[0.800s] -- Detecting CXX compiler ABI info - done
[0.827s] -- Detecting CXX compile features
[0.828s] -- Detecting CXX compile features - done
[0.832s] -- Found ament_cmake: 1.1.6 (/opt/ros/galactic/share/ament_cmake/cmake)
[0.870s] -- Found PythonInterp: /usr/bin/python3 (found suitable version "3.8.10", minimum required is "3") 
[0.870s] -- Using PYTHON_EXECUTABLE: /usr/bin/python3
[1.015s] -- Found urdf: 2.5.2 (/opt/ros/galactic/share/urdf/cmake)
[1.088s] -- Found robot_state_publisher: 2.5.3 (/opt/ros/galactic/share/robot_state_publisher/cmake)
[1.108s] -- Using all available rosidl_typesupport_c: rosidl_typesupport_fastrtps_c;rosidl_typesupport_introspection_c
[1.115s] -- Found rosidl_adapter: 2.2.3 (/opt/ros/galactic/share/rosidl_adapter/cmake)
[1.254s] -- Found OpenSSL: /usr/lib/x86_64-linux-gnu/libcrypto.so (found version "1.1.1f")  
[1.312s] -- Found FastRTPS: /opt/ros/galactic/include  
[1.446s] -- Using all available rosidl_typesupport_cpp: rosidl_typesupport_fastrtps_cpp;rosidl_typesupport_introspection_cpp
[1.497s] -- Found eigen3_cmake_module: 0.1.1 (/opt/ros/galactic/share/eigen3_cmake_module/cmake)
[1.500s] -- Found Eigen3: TRUE (found version "3.3.7") 
[1.558s] -- Found rmw_implementation_cmake: 3.3.1 (/opt/ros/galactic/share/rmw_implementation_cmake/cmake)
[1.562s] -- Found rmw_cyclonedds_cpp: 0.22.6 (/opt/ros/galactic/share/rmw_cyclonedds_cpp/cmake)
[1.585s] -- Using RMW implementation 'rmw_cyclonedds_cpp' as default
[1.586s] -- Looking for pthread.h
[1.679s] -- Looking for pthread.h - found
[1.679s] -- Performing Test CMAKE_HAVE_LIBC_PTHREAD
[1.794s] -- Performing Test CMAKE_HAVE_LIBC_PTHREAD - Failed
[1.794s] -- Looking for pthread_create in pthreads
[1.884s] -- Looking for pthread_create in pthreads - not found
[1.884s] -- Looking for pthread_create in pthread
[1.997s] -- Looking for pthread_create in pthread - found
[1.999s] -- Found Threads: TRUE  
[3.214s] -- Found ament_lint_auto: 0.10.7 (/opt/ros/galactic/share/ament_lint_auto/cmake)
[3.396s] -- Added test 'copyright' to check source files copyright and LICENSE
[3.400s] -- Added test 'flake8' to check Python code syntax and style conventions
[3.402s] -- Added test 'lint_cmake' to check CMake code style
[3.403s] -- Added test 'pep257' to check Python code against some of the style conventions in PEP 257
[3.419s] -- Added test 'xmllint' to check XML markup files
[3.426s] -- Configuring done
[3.430s] -- Generating done
[3.434s] -- Build files have been written to: /home/aditya/rsp/build/gripper_description
[3.454s] Invoked command in '/home/aditya/rsp/build/gripper_description' returned '0': CMAKE_PREFIX_PATH=/home/aditya/rsp/install/turtles:/home/aditya/rsp/install/robot_gripper:/home/aditya/rsp/install/robot_description:/home/aditya/rsp/install/pnp_actionlib:/home/aditya/rsp/install/pnp_msgs:/home/aditya/rsp/install/gripper_description:/home/aditya/rsp/install/edumip_gazebo:/home/aditya/rsp/install/edumip_description:/home/aditya/rsp/install/assignment1_subpub:/home/aditya/rsp/install/assignment1_srvcli:/home/aditya/rsp/install/assignment1_msgs:/opt/ros/galactic:/home/aditya/catkin_ws/devel:/opt/ros/noetic /usr/bin/cmake /home/aditya/rsp/rrohan2/04/gripper_description -DCMAKE_INSTALL_PREFIX=/home/aditya/rsp/install/gripper_description
[3.456s] Invoking command in '/home/aditya/rsp/build/gripper_description': CMAKE_PREFIX_PATH=/home/aditya/rsp/install/turtles:/home/aditya/rsp/install/robot_gripper:/home/aditya/rsp/install/robot_description:/home/aditya/rsp/install/pnp_actionlib:/home/aditya/rsp/install/pnp_msgs:/home/aditya/rsp/install/gripper_description:/home/aditya/rsp/install/edumip_gazebo:/home/aditya/rsp/install/edumip_description:/home/aditya/rsp/install/assignment1_subpub:/home/aditya/rsp/install/assignment1_srvcli:/home/aditya/rsp/install/assignment1_msgs:/opt/ros/galactic:/home/aditya/catkin_ws/devel:/opt/ros/noetic /usr/bin/cmake --build /home/aditya/rsp/build/gripper_description -- -j8 -l8
[3.605s] Invoked command in '/home/aditya/rsp/build/gripper_description' returned '0': CMAKE_PREFIX_PATH=/home/aditya/rsp/install/turtles:/home/aditya/rsp/install/robot_gripper:/home/aditya/rsp/install/robot_description:/home/aditya/rsp/install/pnp_actionlib:/home/aditya/rsp/install/pnp_msgs:/home/aditya/rsp/install/gripper_description:/home/aditya/rsp/install/edumip_gazebo:/home/aditya/rsp/install/edumip_description:/home/aditya/rsp/install/assignment1_subpub:/home/aditya/rsp/install/assignment1_srvcli:/home/aditya/rsp/install/assignment1_msgs:/opt/ros/galactic:/home/aditya/catkin_ws/devel:/opt/ros/noetic /usr/bin/cmake --build /home/aditya/rsp/build/gripper_description -- -j8 -l8
[3.764s] Invoking command in '/home/aditya/rsp/build/gripper_description': CMAKE_PREFIX_PATH=/home/aditya/rsp/install/turtles:/home/aditya/rsp/install/robot_gripper:/home/aditya/rsp/install/robot_description:/home/aditya/rsp/install/pnp_actionlib:/home/aditya/rsp/install/pnp_msgs:/home/aditya/rsp/install/gripper_description:/home/aditya/rsp/install/edumip_gazebo:/home/aditya/rsp/install/edumip_description:/home/aditya/rsp/install/assignment1_subpub:/home/aditya/rsp/install/assignment1_srvcli:/home/aditya/rsp/install/assignment1_msgs:/opt/ros/galactic:/home/aditya/catkin_ws/devel:/opt/ros/noetic /usr/bin/cmake --install /home/aditya/rsp/build/gripper_description
[3.818s] -- Install configuration: ""
[3.818s] -- Installing: /home/aditya/rsp/install/gripper_description/share/gripper_description/urdf
[3.818s] -- Installing: /home/aditya/rsp/install/gripper_description/share/gripper_description/urdf/gripper.xacro
[3.818s] -- Installing: /home/aditya/rsp/install/gripper_description/share/gripper_description/urdf/gripper.urdf.xacro
[3.818s] -- Installing: /home/aditya/rsp/install/gripper_description/share/gripper_description/launch
[3.818s] -- Installing: /home/aditya/rsp/install/gripper_description/share/gripper_description/launch/__pycache__
[3.819s] -- Installing: /home/aditya/rsp/install/gripper_description/share/gripper_description/launch/__pycache__/gripper_bringup.launch.cpython-38.pyc
[3.819s] -- Installing: /home/aditya/rsp/install/gripper_description/share/gripper_description/launch/__pycache__/robot_bringup.launch.cpython-38.pyc
[3.819s] -- Installing: /home/aditya/rsp/install/gripper_description/share/gripper_description/launch/gripper_bringup.launch.py
[3.819s] -- Installing: /home/aditya/rsp/install/gripper_description/share/ament_index/resource_index/package_run_dependencies/gripper_description
[3.820s] -- Installing: /home/aditya/rsp/install/gripper_description/share/ament_index/resource_index/parent_prefix_path/gripper_description
[3.820s] -- Installing: /home/aditya/rsp/install/gripper_description/share/gripper_description/environment/ament_prefix_path.sh
[3.820s] -- Installing: /home/aditya/rsp/install/gripper_description/share/gripper_description/environment/ament_prefix_path.dsv
[3.820s] -- Installing: /home/aditya/rsp/install/gripper_description/share/gripper_description/environment/path.sh
[3.821s] -- Installing: /home/aditya/rsp/install/gripper_description/share/gripper_description/environment/path.dsv
[3.821s] -- Installing: /home/aditya/rsp/install/gripper_description/share/gripper_description/local_setup.bash
[3.821s] -- Installing: /home/aditya/rsp/install/gripper_description/share/gripper_description/local_setup.sh
[3.821s] -- Installing: /home/aditya/rsp/install/gripper_description/share/gripper_description/local_setup.zsh
[3.821s] -- Installing: /home/aditya/rsp/install/gripper_description/share/gripper_description/local_setup.dsv
[3.822s] -- Installing: /home/aditya/rsp/install/gripper_description/share/gripper_description/package.dsv
[3.822s] -- Installing: /home/aditya/rsp/install/gripper_description/share/ament_index/resource_index/packages/gripper_description
[3.822s] -- Installing: /home/aditya/rsp/install/gripper_description/share/gripper_description/cmake/gripper_descriptionConfig.cmake
[3.822s] -- Installing: /home/aditya/rsp/install/gripper_description/share/gripper_description/cmake/gripper_descriptionConfig-version.cmake
[3.822s] -- Installing: /home/aditya/rsp/install/gripper_description/share/gripper_description/package.xml
[3.910s] Invoked command in '/home/aditya/rsp/build/gripper_description' returned '0': CMAKE_PREFIX_PATH=/home/aditya/rsp/install/turtles:/home/aditya/rsp/install/robot_gripper:/home/aditya/rsp/install/robot_description:/home/aditya/rsp/install/pnp_actionlib:/home/aditya/rsp/install/pnp_msgs:/home/aditya/rsp/install/gripper_description:/home/aditya/rsp/install/edumip_gazebo:/home/aditya/rsp/install/edumip_description:/home/aditya/rsp/install/assignment1_subpub:/home/aditya/rsp/install/assignment1_srvcli:/home/aditya/rsp/install/assignment1_msgs:/opt/ros/galactic:/home/aditya/catkin_ws/devel:/opt/ros/noetic /usr/bin/cmake --install /home/aditya/rsp/build/gripper_description
