[0.073s] Invoking command in '/home/aditya/rsp/build/edumip_description': CMAKE_PREFIX_PATH=/home/aditya/rsp/install/turtles:/home/aditya/rsp/install/robot_gripper:/home/aditya/rsp/install/robot_description:/home/aditya/rsp/install/pnp_actionlib:/home/aditya/rsp/install/pnp_msgs:/home/aditya/rsp/install/gripper_description:/home/aditya/rsp/install/edumip_gazebo:/home/aditya/rsp/install/edumip_description:/home/aditya/rsp/install/assignment1_subpub:/home/aditya/rsp/install/assignment1_srvcli:/home/aditya/rsp/install/assignment1_msgs:/opt/ros/galactic:/home/aditya/catkin_ws/devel:/opt/ros/noetic /usr/bin/cmake /home/aditya/rsp/rrohan2/05/edumip_description -DCMAKE_INSTALL_PREFIX=/home/aditya/rsp/install/edumip_description
[0.175s] -- The C compiler identification is GNU 9.4.0
[0.280s] -- The CXX compiler identification is GNU 9.4.0
[0.290s] -- Check for working C compiler: /usr/bin/cc
[0.406s] -- Check for working C compiler: /usr/bin/cc -- works
[0.408s] -- Detecting C compiler ABI info
[0.525s] -- Detecting C compiler ABI info - done
[0.552s] -- Detecting C compile features
[0.552s] -- Detecting C compile features - done
[0.557s] -- Check for working CXX compiler: /usr/bin/c++
[0.688s] -- Check for working CXX compiler: /usr/bin/c++ -- works
[0.691s] -- Detecting CXX compiler ABI info
[0.838s] -- Detecting CXX compiler ABI info - done
[0.855s] -- Detecting CXX compile features
[0.856s] -- Detecting CXX compile features - done
[0.860s] -- Found ament_cmake: 1.1.6 (/opt/ros/galactic/share/ament_cmake/cmake)
[0.905s] -- Found PythonInterp: /usr/bin/python3 (found suitable version "3.8.10", minimum required is "3") 
[0.905s] -- Using PYTHON_EXECUTABLE: /usr/bin/python3
[1.052s] -- Found urdf: 2.5.2 (/opt/ros/galactic/share/urdf/cmake)
[1.152s] -- Found robot_state_publisher: 2.5.3 (/opt/ros/galactic/share/robot_state_publisher/cmake)
[1.182s] -- Using all available rosidl_typesupport_c: rosidl_typesupport_fastrtps_c;rosidl_typesupport_introspection_c
[1.193s] -- Found rosidl_adapter: 2.2.3 (/opt/ros/galactic/share/rosidl_adapter/cmake)
[1.325s] -- Found OpenSSL: /usr/lib/x86_64-linux-gnu/libcrypto.so (found version "1.1.1f")  
[1.364s] -- Found FastRTPS: /opt/ros/galactic/include  
[1.484s] -- Using all available rosidl_typesupport_cpp: rosidl_typesupport_fastrtps_cpp;rosidl_typesupport_introspection_cpp
[1.539s] -- Found eigen3_cmake_module: 0.1.1 (/opt/ros/galactic/share/eigen3_cmake_module/cmake)
[1.544s] -- Found Eigen3: TRUE (found version "3.3.7") 
[1.638s] -- Found rmw_implementation_cmake: 3.3.1 (/opt/ros/galactic/share/rmw_implementation_cmake/cmake)
[1.643s] -- Found rmw_cyclonedds_cpp: 0.22.6 (/opt/ros/galactic/share/rmw_cyclonedds_cpp/cmake)
[1.683s] -- Using RMW implementation 'rmw_cyclonedds_cpp' as default
[1.685s] -- Looking for pthread.h
[1.806s] -- Looking for pthread.h - found
[1.807s] -- Performing Test CMAKE_HAVE_LIBC_PTHREAD
[1.921s] -- Performing Test CMAKE_HAVE_LIBC_PTHREAD - Failed
[1.921s] -- Looking for pthread_create in pthreads
[2.021s] -- Looking for pthread_create in pthreads - not found
[2.022s] -- Looking for pthread_create in pthread
[2.144s] -- Looking for pthread_create in pthread - found
[2.146s] -- Found Threads: TRUE  
[3.486s] -- Found ament_lint_auto: 0.10.7 (/opt/ros/galactic/share/ament_lint_auto/cmake)
[3.663s] -- Added test 'copyright' to check source files copyright and LICENSE
[3.668s] -- Added test 'flake8' to check Python code syntax and style conventions
[3.670s] -- Added test 'lint_cmake' to check CMake code style
[3.671s] -- Added test 'pep257' to check Python code against some of the style conventions in PEP 257
[3.687s] -- Added test 'xmllint' to check XML markup files
[3.694s] -- Configuring done
[3.698s] -- Generating done
[3.701s] -- Build files have been written to: /home/aditya/rsp/build/edumip_description
[3.817s] Invoked command in '/home/aditya/rsp/build/edumip_description' returned '0': CMAKE_PREFIX_PATH=/home/aditya/rsp/install/turtles:/home/aditya/rsp/install/robot_gripper:/home/aditya/rsp/install/robot_description:/home/aditya/rsp/install/pnp_actionlib:/home/aditya/rsp/install/pnp_msgs:/home/aditya/rsp/install/gripper_description:/home/aditya/rsp/install/edumip_gazebo:/home/aditya/rsp/install/edumip_description:/home/aditya/rsp/install/assignment1_subpub:/home/aditya/rsp/install/assignment1_srvcli:/home/aditya/rsp/install/assignment1_msgs:/opt/ros/galactic:/home/aditya/catkin_ws/devel:/opt/ros/noetic /usr/bin/cmake /home/aditya/rsp/rrohan2/05/edumip_description -DCMAKE_INSTALL_PREFIX=/home/aditya/rsp/install/edumip_description
[3.818s] Invoking command in '/home/aditya/rsp/build/edumip_description': CMAKE_PREFIX_PATH=/home/aditya/rsp/install/turtles:/home/aditya/rsp/install/robot_gripper:/home/aditya/rsp/install/robot_description:/home/aditya/rsp/install/pnp_actionlib:/home/aditya/rsp/install/pnp_msgs:/home/aditya/rsp/install/gripper_description:/home/aditya/rsp/install/edumip_gazebo:/home/aditya/rsp/install/edumip_description:/home/aditya/rsp/install/assignment1_subpub:/home/aditya/rsp/install/assignment1_srvcli:/home/aditya/rsp/install/assignment1_msgs:/opt/ros/galactic:/home/aditya/catkin_ws/devel:/opt/ros/noetic /usr/bin/cmake --build /home/aditya/rsp/build/edumip_description -- -j8 -l8
[4.012s] Invoked command in '/home/aditya/rsp/build/edumip_description' returned '0': CMAKE_PREFIX_PATH=/home/aditya/rsp/install/turtles:/home/aditya/rsp/install/robot_gripper:/home/aditya/rsp/install/robot_description:/home/aditya/rsp/install/pnp_actionlib:/home/aditya/rsp/install/pnp_msgs:/home/aditya/rsp/install/gripper_description:/home/aditya/rsp/install/edumip_gazebo:/home/aditya/rsp/install/edumip_description:/home/aditya/rsp/install/assignment1_subpub:/home/aditya/rsp/install/assignment1_srvcli:/home/aditya/rsp/install/assignment1_msgs:/opt/ros/galactic:/home/aditya/catkin_ws/devel:/opt/ros/noetic /usr/bin/cmake --build /home/aditya/rsp/build/edumip_description -- -j8 -l8
[4.275s] Invoking command in '/home/aditya/rsp/build/edumip_description': CMAKE_PREFIX_PATH=/home/aditya/rsp/install/turtles:/home/aditya/rsp/install/robot_gripper:/home/aditya/rsp/install/robot_description:/home/aditya/rsp/install/pnp_actionlib:/home/aditya/rsp/install/pnp_msgs:/home/aditya/rsp/install/gripper_description:/home/aditya/rsp/install/edumip_gazebo:/home/aditya/rsp/install/edumip_description:/home/aditya/rsp/install/assignment1_subpub:/home/aditya/rsp/install/assignment1_srvcli:/home/aditya/rsp/install/assignment1_msgs:/opt/ros/galactic:/home/aditya/catkin_ws/devel:/opt/ros/noetic /usr/bin/cmake --install /home/aditya/rsp/build/edumip_description
[4.317s] -- Install configuration: ""
[4.317s] -- Installing: /home/aditya/rsp/install/edumip_description/share/edumip_description/urdf
[4.317s] -- Installing: /home/aditya/rsp/install/edumip_description/share/edumip_description/urdf/edumip.urdf.xacro
[4.318s] -- Installing: /home/aditya/rsp/install/edumip_description/share/edumip_description/urdf/edumip.xacro
[4.318s] -- Installing: /home/aditya/rsp/install/edumip_description/share/edumip_description/urdf/hc_sr04.xacro
[4.318s] -- Installing: /home/aditya/rsp/install/edumip_description/share/edumip_description/launch
[4.318s] -- Installing: /home/aditya/rsp/install/edumip_description/share/edumip_description/launch/__pycache__
[4.318s] -- Installing: /home/aditya/rsp/install/edumip_description/share/edumip_description/launch/__pycache__/edumip_startup.launch.cpython-38.pyc
[4.318s] -- Installing: /home/aditya/rsp/install/edumip_description/share/edumip_description/launch/edumip_startup.launch.py
[4.319s] -- Installing: /home/aditya/rsp/install/edumip_description/share/edumip_description/meshes
[4.319s] -- Installing: /home/aditya/rsp/install/edumip_description/share/edumip_description/meshes/HC-SR04.stl
[4.319s] -- Installing: /home/aditya/rsp/install/edumip_description/share/edumip_description/meshes/HC-SR04.dae
[4.320s] -- Installing: /home/aditya/rsp/install/edumip_description/share/edumip_description/rviz
[4.321s] -- Installing: /home/aditya/rsp/install/edumip_description/share/edumip_description/rviz/config.rviz
[4.321s] -- Installing: /home/aditya/rsp/install/edumip_description/share/ament_index/resource_index/package_run_dependencies/edumip_description
[4.321s] -- Installing: /home/aditya/rsp/install/edumip_description/share/ament_index/resource_index/parent_prefix_path/edumip_description
[4.323s] -- Installing: /home/aditya/rsp/install/edumip_description/share/edumip_description/environment/ament_prefix_path.sh
[4.323s] -- Installing: /home/aditya/rsp/install/edumip_description/share/edumip_description/environment/ament_prefix_path.dsv
[4.323s] -- Installing: /home/aditya/rsp/install/edumip_description/share/edumip_description/environment/path.sh
[4.324s] -- Installing: /home/aditya/rsp/install/edumip_description/share/edumip_description/environment/path.dsv
[4.331s] -- Installing: /home/aditya/rsp/install/edumip_description/share/edumip_description/local_setup.bash
[4.331s] -- Installing: /home/aditya/rsp/install/edumip_description/share/edumip_description/local_setup.sh
[4.331s] -- Installing: /home/aditya/rsp/install/edumip_description/share/edumip_description/local_setup.zsh
[4.332s] -- Installing: /home/aditya/rsp/install/edumip_description/share/edumip_description/local_setup.dsv
[4.332s] -- Installing: /home/aditya/rsp/install/edumip_description/share/edumip_description/package.dsv
[4.333s] -- Installing: /home/aditya/rsp/install/edumip_description/share/ament_index/resource_index/packages/edumip_description
[4.333s] -- Installing: /home/aditya/rsp/install/edumip_description/share/edumip_description/cmake/edumip_descriptionConfig.cmake
[4.333s] -- Installing: /home/aditya/rsp/install/edumip_description/share/edumip_description/cmake/edumip_descriptionConfig-version.cmake
[4.334s] -- Installing: /home/aditya/rsp/install/edumip_description/share/edumip_description/package.xml
[4.343s] Invoked command in '/home/aditya/rsp/build/edumip_description' returned '0': CMAKE_PREFIX_PATH=/home/aditya/rsp/install/turtles:/home/aditya/rsp/install/robot_gripper:/home/aditya/rsp/install/robot_description:/home/aditya/rsp/install/pnp_actionlib:/home/aditya/rsp/install/pnp_msgs:/home/aditya/rsp/install/gripper_description:/home/aditya/rsp/install/edumip_gazebo:/home/aditya/rsp/install/edumip_description:/home/aditya/rsp/install/assignment1_subpub:/home/aditya/rsp/install/assignment1_srvcli:/home/aditya/rsp/install/assignment1_msgs:/opt/ros/galactic:/home/aditya/catkin_ws/devel:/opt/ros/noetic /usr/bin/cmake --install /home/aditya/rsp/build/edumip_description
